[2025-06-29 12:59:54] INFO: Updated last_login for userId=2
[2025-06-29 13:35:22] ERROR: uncaughtException: ⨯ Unable to compile TypeScript:
src/routes/dailyNews.ts(2,24): error TS2724: '"../controllers/dailyNewsController"' has no exported member named 'createDailyNews'. Did you mean 'getDailyNews'?

Error: ⨯ Unable to compile TypeScript:
src/routes/dailyNews.ts(2,24): error TS2724: '"../controllers/dailyNewsController"' has no exported member named 'createDailyNews'. Did you mean 'getDailyNews'?

    at Object.<anonymous> (/Users/lucaseduardo/HoroscopeServer/src/routes/dailyNews.ts:1:7)
    at Module.<anonymous> (node:internal/modules/cjs/loader:1550:14)
    at Module._compile (/Users/lucaseduardo/HoroscopeServer/node_modules/source-map-support/source-map-support.js:568:25)
    at Module.m._compile (/private/var/folders/nq/4xx3q0597db6hlqnp56k96km0000gn/T/ts-node-dev-hook-03090922543310559.js:69:33)
    at node:internal/modules/cjs/loader:1702:10
    at require.extensions..jsx.require.extensions..js (/private/var/folders/nq/4xx3q0597db6hlqnp56k96km0000gn/T/ts-node-dev-hook-03090922543310559.js:114:20)
    at require.extensions.<computed> (/private/var/folders/nq/4xx3q0597db6hlqnp56k96km0000gn/T/ts-node-dev-hook-03090922543310559.js:71:20)
    at Object.nodeDevHook [as .ts] (/Users/lucaseduardo/HoroscopeServer/node_modules/ts-node-dev/lib/hook.js:63:13)
    at Module.load (node:internal/modules/cjs/loader:1307:32)
    at Function._load (node:internal/modules/cjs/loader:1121:12)
[2025-06-29 13:35:25] ERROR: uncaughtException: ⨯ Unable to compile TypeScript:
src/routes/dailyNews.ts(2,24): error TS2724: '"../controllers/dailyNewsController"' has no exported member named 'createDailyNews'. Did you mean 'getDailyNews'?

Error: ⨯ Unable to compile TypeScript:
src/routes/dailyNews.ts(2,24): error TS2724: '"../controllers/dailyNewsController"' has no exported member named 'createDailyNews'. Did you mean 'getDailyNews'?

    at Object.<anonymous> (/Users/lucaseduardo/HoroscopeServer/src/routes/dailyNews.ts:1:7)
    at Module.<anonymous> (node:internal/modules/cjs/loader:1550:14)
    at Module._compile (/Users/lucaseduardo/HoroscopeServer/node_modules/source-map-support/source-map-support.js:568:25)
    at Module.m._compile (/private/var/folders/nq/4xx3q0597db6hlqnp56k96km0000gn/T/ts-node-dev-hook-03090922543310559.js:69:33)
    at node:internal/modules/cjs/loader:1702:10
    at require.extensions..jsx.require.extensions..js (/private/var/folders/nq/4xx3q0597db6hlqnp56k96km0000gn/T/ts-node-dev-hook-03090922543310559.js:114:20)
    at require.extensions.<computed> (/private/var/folders/nq/4xx3q0597db6hlqnp56k96km0000gn/T/ts-node-dev-hook-03090922543310559.js:71:20)
    at Object.nodeDevHook [as .ts] (/Users/lucaseduardo/HoroscopeServer/node_modules/ts-node-dev/lib/hook.js:63:13)
    at Module.load (node:internal/modules/cjs/loader:1307:32)
    at Function._load (node:internal/modules/cjs/loader:1121:12)
[2025-06-29 13:38:11] ERROR: uncaughtException: ⨯ Unable to compile TypeScript:
src/routes/dailyNews.ts(2,24): error TS2724: '"../controllers/dailyNewsController"' has no exported member named 'createDailyNews'. Did you mean 'getDailyNews'?

Error: ⨯ Unable to compile TypeScript:
src/routes/dailyNews.ts(2,24): error TS2724: '"../controllers/dailyNewsController"' has no exported member named 'createDailyNews'. Did you mean 'getDailyNews'?

    at Object.<anonymous> (/Users/lucaseduardo/HoroscopeServer/src/routes/dailyNews.ts:1:7)
    at Module.<anonymous> (node:internal/modules/cjs/loader:1550:14)
    at Module._compile (/Users/lucaseduardo/HoroscopeServer/node_modules/source-map-support/source-map-support.js:568:25)
    at Module.m._compile (/private/var/folders/nq/4xx3q0597db6hlqnp56k96km0000gn/T/ts-node-dev-hook-03090922543310559.js:69:33)
    at node:internal/modules/cjs/loader:1702:10
    at require.extensions..jsx.require.extensions..js (/private/var/folders/nq/4xx3q0597db6hlqnp56k96km0000gn/T/ts-node-dev-hook-03090922543310559.js:114:20)
    at require.extensions.<computed> (/private/var/folders/nq/4xx3q0597db6hlqnp56k96km0000gn/T/ts-node-dev-hook-03090922543310559.js:71:20)
    at Object.nodeDevHook [as .ts] (/Users/lucaseduardo/HoroscopeServer/node_modules/ts-node-dev/lib/hook.js:63:13)
    at Module.load (node:internal/modules/cjs/loader:1307:32)
    at Function._load (node:internal/modules/cjs/loader:1121:12)
[2025-06-29 13:46:08] ERROR: uncaughtException: ⨯ Unable to compile TypeScript:
src/controllers/dailyNewsController.ts(2,31): error TS2305: Module '"../utils/ChatOi"' has no exported member 'askDailyNews'.

Error: ⨯ Unable to compile TypeScript:
src/controllers/dailyNewsController.ts(2,31): error TS2305: Module '"../utils/ChatOi"' has no exported member 'askDailyNews'.

    at Object.<anonymous> (/Users/lucaseduardo/HoroscopeServer/src/controllers/dailyNewsController.ts:1:7)
    at Module.<anonymous> (node:internal/modules/cjs/loader:1550:14)
    at Module._compile (/Users/lucaseduardo/HoroscopeServer/node_modules/source-map-support/source-map-support.js:568:25)
    at Module.m._compile (/private/var/folders/nq/4xx3q0597db6hlqnp56k96km0000gn/T/ts-node-dev-hook-34343707861086936.js:69:33)
    at node:internal/modules/cjs/loader:1702:10
    at require.extensions..jsx.require.extensions..js (/private/var/folders/nq/4xx3q0597db6hlqnp56k96km0000gn/T/ts-node-dev-hook-34343707861086936.js:114:20)
    at require.extensions.<computed> (/private/var/folders/nq/4xx3q0597db6hlqnp56k96km0000gn/T/ts-node-dev-hook-34343707861086936.js:71:20)
    at Object.nodeDevHook [as .ts] (/Users/lucaseduardo/HoroscopeServer/node_modules/ts-node-dev/lib/hook.js:63:13)
    at Module.load (node:internal/modules/cjs/loader:1307:32)
    at Function._load (node:internal/modules/cjs/loader:1121:12)
[2025-06-29 13:46:10] ERROR: uncaughtException: ⨯ Unable to compile TypeScript:
src/controllers/dailyNewsController.ts(2,31): error TS2305: Module '"../utils/ChatOi"' has no exported member 'askDailyNews'.

Error: ⨯ Unable to compile TypeScript:
src/controllers/dailyNewsController.ts(2,31): error TS2305: Module '"../utils/ChatOi"' has no exported member 'askDailyNews'.

    at Object.<anonymous> (/Users/lucaseduardo/HoroscopeServer/src/controllers/dailyNewsController.ts:1:7)
    at Module.<anonymous> (node:internal/modules/cjs/loader:1550:14)
    at Module._compile (/Users/lucaseduardo/HoroscopeServer/node_modules/source-map-support/source-map-support.js:568:25)
    at Module.m._compile (/private/var/folders/nq/4xx3q0597db6hlqnp56k96km0000gn/T/ts-node-dev-hook-34343707861086936.js:69:33)
    at node:internal/modules/cjs/loader:1702:10
    at require.extensions..jsx.require.extensions..js (/private/var/folders/nq/4xx3q0597db6hlqnp56k96km0000gn/T/ts-node-dev-hook-34343707861086936.js:114:20)
    at require.extensions.<computed> (/private/var/folders/nq/4xx3q0597db6hlqnp56k96km0000gn/T/ts-node-dev-hook-34343707861086936.js:71:20)
    at Object.nodeDevHook [as .ts] (/Users/lucaseduardo/HoroscopeServer/node_modules/ts-node-dev/lib/hook.js:63:13)
    at Module.load (node:internal/modules/cjs/loader:1307:32)
    at Function._load (node:internal/modules/cjs/loader:1121:12)
[2025-06-29 13:49:01] ERROR: uncaughtException: ⨯ Unable to compile TypeScript:
src/controllers/dailyNewsController.ts(37,7): error TS2322: Type 'Response<any, Record<string, any>>' is not assignable to type 'void'.
src/controllers/dailyNewsController.ts(41,7): error TS2322: Type 'Response<any, Record<string, any>>' is not assignable to type 'void'.

Error: ⨯ Unable to compile TypeScript:
src/controllers/dailyNewsController.ts(37,7): error TS2322: Type 'Response<any, Record<string, any>>' is not assignable to type 'void'.
src/controllers/dailyNewsController.ts(41,7): error TS2322: Type 'Response<any, Record<string, any>>' is not assignable to type 'void'.

    at Object.<anonymous> (/Users/lucaseduardo/HoroscopeServer/src/controllers/dailyNewsController.ts:1:7)
    at Module.<anonymous> (node:internal/modules/cjs/loader:1550:14)
    at Module._compile (/Users/lucaseduardo/HoroscopeServer/node_modules/source-map-support/source-map-support.js:568:25)
    at Module.m._compile (/private/var/folders/nq/4xx3q0597db6hlqnp56k96km0000gn/T/ts-node-dev-hook-34343707861086936.js:69:33)
    at node:internal/modules/cjs/loader:1702:10
    at require.extensions..jsx.require.extensions..js (/private/var/folders/nq/4xx3q0597db6hlqnp56k96km0000gn/T/ts-node-dev-hook-34343707861086936.js:114:20)
    at require.extensions.<computed> (/private/var/folders/nq/4xx3q0597db6hlqnp56k96km0000gn/T/ts-node-dev-hook-34343707861086936.js:71:20)
    at Object.nodeDevHook [as .ts] (/Users/lucaseduardo/HoroscopeServer/node_modules/ts-node-dev/lib/hook.js:63:13)
    at Module.load (node:internal/modules/cjs/loader:1307:32)
    at Function._load (node:internal/modules/cjs/loader:1121:12)
[2025-07-03 21:36:28] ERROR: uncaughtException: Cannot find module '../data/vsop87Bearth.js'
Require stack:
- /Users/lucaseduardo/HoroscopeServer/src/services/astronomyService.ts
- /Users/lucaseduardo/HoroscopeServer/src/services/userService.ts
- /Users/lucaseduardo/HoroscopeServer/src/graphql/resolvers/userResolver.ts
- /Users/lucaseduardo/HoroscopeServer/src/index.ts
Error: Cannot find module '../data/vsop87Bearth.js'
Require stack:
- /Users/lucaseduardo/HoroscopeServer/src/services/astronomyService.ts
- /Users/lucaseduardo/HoroscopeServer/src/services/userService.ts
- /Users/lucaseduardo/HoroscopeServer/src/graphql/resolvers/userResolver.ts
- /Users/lucaseduardo/HoroscopeServer/src/index.ts
    at Function._resolveFilename (node:internal/modules/cjs/loader:1243:15)
    at Function._load (node:internal/modules/cjs/loader:1068:27)
    at TracingChannel.traceSync (node:diagnostics_channel:322:14)
    at wrapModuleLoad (node:internal/modules/cjs/loader:219:24)
    at Module.require (node:internal/modules/cjs/loader:1329:12)
    at require (node:internal/modules/helpers:136:16)
    at Object.<anonymous> (/Users/lucaseduardo/HoroscopeServer/src/services/astronomyService.ts:4:22)
    at Module.<anonymous> (node:internal/modules/cjs/loader:1550:14)
    at Module._compile (/Users/lucaseduardo/HoroscopeServer/node_modules/source-map-support/source-map-support.js:568:25)
    at Module.m._compile (/private/var/folders/nq/4xx3q0597db6hlqnp56k96km0000gn/T/ts-node-dev-hook-08947849286836784.js:69:33)
[2025-07-03 21:37:13] ERROR: uncaughtException: ⨯ Unable to compile TypeScript:
src/services/astronomyService.ts(5,26): error TS7016: Could not find a declaration file for module '../../data/vsop87Bearth.js'. '/Users/lucaseduardo/HoroscopeServer/data/vsop87Bearth.js' implicitly has an 'any' type.

Error: ⨯ Unable to compile TypeScript:
src/services/astronomyService.ts(5,26): error TS7016: Could not find a declaration file for module '../../data/vsop87Bearth.js'. '/Users/lucaseduardo/HoroscopeServer/data/vsop87Bearth.js' implicitly has an 'any' type.

    at Object.<anonymous> (/Users/lucaseduardo/HoroscopeServer/src/services/astronomyService.ts:1:7)
    at Module.<anonymous> (node:internal/modules/cjs/loader:1550:14)
    at Module._compile (/Users/lucaseduardo/HoroscopeServer/node_modules/source-map-support/source-map-support.js:568:25)
    at Module.m._compile (/private/var/folders/nq/4xx3q0597db6hlqnp56k96km0000gn/T/ts-node-dev-hook-08947849286836784.js:69:33)
    at node:internal/modules/cjs/loader:1702:10
    at require.extensions..jsx.require.extensions..js (/private/var/folders/nq/4xx3q0597db6hlqnp56k96km0000gn/T/ts-node-dev-hook-08947849286836784.js:114:20)
    at require.extensions.<computed> (/private/var/folders/nq/4xx3q0597db6hlqnp56k96km0000gn/T/ts-node-dev-hook-08947849286836784.js:71:20)
    at Object.nodeDevHook [as .ts] (/Users/lucaseduardo/HoroscopeServer/node_modules/ts-node-dev/lib/hook.js:63:13)
    at Module.load (node:internal/modules/cjs/loader:1307:32)
    at Function._load (node:internal/modules/cjs/loader:1121:12)
[2025-07-03 21:37:26] ERROR: uncaughtException: ⨯ Unable to compile TypeScript:
src/services/astronomyService.ts(5,26): error TS7016: Could not find a declaration file for module '../../data/vsop87Bearth.js'. '/Users/lucaseduardo/HoroscopeServer/data/vsop87Bearth.js' implicitly has an 'any' type.

Error: ⨯ Unable to compile TypeScript:
src/services/astronomyService.ts(5,26): error TS7016: Could not find a declaration file for module '../../data/vsop87Bearth.js'. '/Users/lucaseduardo/HoroscopeServer/data/vsop87Bearth.js' implicitly has an 'any' type.

    at Object.<anonymous> (/Users/lucaseduardo/HoroscopeServer/src/services/astronomyService.ts:1:7)
    at Module.<anonymous> (node:internal/modules/cjs/loader:1550:14)
    at Module._compile (/Users/lucaseduardo/HoroscopeServer/node_modules/source-map-support/source-map-support.js:568:25)
    at Module.m._compile (/private/var/folders/nq/4xx3q0597db6hlqnp56k96km0000gn/T/ts-node-dev-hook-08947849286836784.js:69:33)
    at node:internal/modules/cjs/loader:1702:10
    at require.extensions..jsx.require.extensions..js (/private/var/folders/nq/4xx3q0597db6hlqnp56k96km0000gn/T/ts-node-dev-hook-08947849286836784.js:114:20)
    at require.extensions.<computed> (/private/var/folders/nq/4xx3q0597db6hlqnp56k96km0000gn/T/ts-node-dev-hook-08947849286836784.js:71:20)
    at Object.nodeDevHook [as .ts] (/Users/lucaseduardo/HoroscopeServer/node_modules/ts-node-dev/lib/hook.js:63:13)
    at Module.load (node:internal/modules/cjs/loader:1307:32)
    at Function._load (node:internal/modules/cjs/loader:1121:12)
[2025-07-03 21:37:42] ERROR: uncaughtException: ⨯ Unable to compile TypeScript:
src/controllers/astronomiaController.ts(9,26): error TS7016: Could not find a declaration file for module '../../data/vsop87Bearth.js'. '/Users/lucaseduardo/HoroscopeServer/data/vsop87Bearth.js' implicitly has an 'any' type.

Error: ⨯ Unable to compile TypeScript:
src/controllers/astronomiaController.ts(9,26): error TS7016: Could not find a declaration file for module '../../data/vsop87Bearth.js'. '/Users/lucaseduardo/HoroscopeServer/data/vsop87Bearth.js' implicitly has an 'any' type.

    at Object.<anonymous> (/Users/lucaseduardo/HoroscopeServer/src/controllers/astronomiaController.ts:1:7)
    at Module.<anonymous> (node:internal/modules/cjs/loader:1550:14)
    at Module._compile (/Users/lucaseduardo/HoroscopeServer/node_modules/source-map-support/source-map-support.js:568:25)
    at Module.m._compile (/private/var/folders/nq/4xx3q0597db6hlqnp56k96km0000gn/T/ts-node-dev-hook-08947849286836784.js:69:33)
    at node:internal/modules/cjs/loader:1702:10
    at require.extensions..jsx.require.extensions..js (/private/var/folders/nq/4xx3q0597db6hlqnp56k96km0000gn/T/ts-node-dev-hook-08947849286836784.js:114:20)
    at require.extensions.<computed> (/private/var/folders/nq/4xx3q0597db6hlqnp56k96km0000gn/T/ts-node-dev-hook-08947849286836784.js:71:20)
    at Object.nodeDevHook [as .ts] (/Users/lucaseduardo/HoroscopeServer/node_modules/ts-node-dev/lib/hook.js:63:13)
    at Module.load (node:internal/modules/cjs/loader:1307:32)
    at Function._load (node:internal/modules/cjs/loader:1121:12)
[2025-07-03 21:37:50] ERROR: uncaughtException: ⨯ Unable to compile TypeScript:
src/controllers/astronomiaController.ts(9,26): error TS7016: Could not find a declaration file for module '../../data/vsop87Bearth.js'. '/Users/lucaseduardo/HoroscopeServer/data/vsop87Bearth.js' implicitly has an 'any' type.

Error: ⨯ Unable to compile TypeScript:
src/controllers/astronomiaController.ts(9,26): error TS7016: Could not find a declaration file for module '../../data/vsop87Bearth.js'. '/Users/lucaseduardo/HoroscopeServer/data/vsop87Bearth.js' implicitly has an 'any' type.

    at Object.<anonymous> (/Users/lucaseduardo/HoroscopeServer/src/controllers/astronomiaController.ts:1:7)
    at Module.<anonymous> (node:internal/modules/cjs/loader:1550:14)
    at Module._compile (/Users/lucaseduardo/HoroscopeServer/node_modules/source-map-support/source-map-support.js:568:25)
    at Module.m._compile (/private/var/folders/nq/4xx3q0597db6hlqnp56k96km0000gn/T/ts-node-dev-hook-08947849286836784.js:69:33)
    at node:internal/modules/cjs/loader:1702:10
    at require.extensions..jsx.require.extensions..js (/private/var/folders/nq/4xx3q0597db6hlqnp56k96km0000gn/T/ts-node-dev-hook-08947849286836784.js:114:20)
    at require.extensions.<computed> (/private/var/folders/nq/4xx3q0597db6hlqnp56k96km0000gn/T/ts-node-dev-hook-08947849286836784.js:71:20)
    at Object.nodeDevHook [as .ts] (/Users/lucaseduardo/HoroscopeServer/node_modules/ts-node-dev/lib/hook.js:63:13)
    at Module.load (node:internal/modules/cjs/loader:1307:32)
    at Function._load (node:internal/modules/cjs/loader:1121:12)
[2025-07-03 21:37:54] ERROR: uncaughtException: Cannot find module '../data/vsop87Bearth.js'
Require stack:
- /Users/lucaseduardo/HoroscopeServer/src/services/astronomyService.ts
- /Users/lucaseduardo/HoroscopeServer/src/services/userService.ts
- /Users/lucaseduardo/HoroscopeServer/src/graphql/resolvers/userResolver.ts
- /Users/lucaseduardo/HoroscopeServer/src/index.ts
Error: Cannot find module '../data/vsop87Bearth.js'
Require stack:
- /Users/lucaseduardo/HoroscopeServer/src/services/astronomyService.ts
- /Users/lucaseduardo/HoroscopeServer/src/services/userService.ts
- /Users/lucaseduardo/HoroscopeServer/src/graphql/resolvers/userResolver.ts
- /Users/lucaseduardo/HoroscopeServer/src/index.ts
    at Function._resolveFilename (node:internal/modules/cjs/loader:1243:15)
    at Function._load (node:internal/modules/cjs/loader:1068:27)
    at TracingChannel.traceSync (node:diagnostics_channel:322:14)
    at wrapModuleLoad (node:internal/modules/cjs/loader:219:24)
    at Module.require (node:internal/modules/cjs/loader:1329:12)
    at require (node:internal/modules/helpers:136:16)
    at Object.<anonymous> (/Users/lucaseduardo/HoroscopeServer/src/services/astronomyService.ts:4:22)
    at Module.<anonymous> (node:internal/modules/cjs/loader:1550:14)
    at Module._compile (/Users/lucaseduardo/HoroscopeServer/node_modules/source-map-support/source-map-support.js:568:25)
    at Module.m._compile (/private/var/folders/nq/4xx3q0597db6hlqnp56k96km0000gn/T/ts-node-dev-hook-08947849286836784.js:69:33)
[2025-07-03 21:45:55] ERROR: uncaughtException: ⨯ Unable to compile TypeScript:
src/graphql/resolvers/userResolver.ts(83,9): error TS2353: Object literal may only specify known properties, and 'username' does not exist in type 'User'.

Error: ⨯ Unable to compile TypeScript:
src/graphql/resolvers/userResolver.ts(83,9): error TS2353: Object literal may only specify known properties, and 'username' does not exist in type 'User'.

    at Object.<anonymous> (/Users/lucaseduardo/HoroscopeServer/src/graphql/resolvers/userResolver.ts:1:7)
    at Module.<anonymous> (node:internal/modules/cjs/loader:1550:14)
    at Module._compile (/Users/lucaseduardo/HoroscopeServer/node_modules/source-map-support/source-map-support.js:568:25)
    at Module.m._compile (/private/var/folders/nq/4xx3q0597db6hlqnp56k96km0000gn/T/ts-node-dev-hook-08947849286836784.js:69:33)
    at node:internal/modules/cjs/loader:1702:10
    at require.extensions..jsx.require.extensions..js (/private/var/folders/nq/4xx3q0597db6hlqnp56k96km0000gn/T/ts-node-dev-hook-08947849286836784.js:114:20)
    at require.extensions.<computed> (/private/var/folders/nq/4xx3q0597db6hlqnp56k96km0000gn/T/ts-node-dev-hook-08947849286836784.js:71:20)
    at Object.nodeDevHook [as .ts] (/Users/lucaseduardo/HoroscopeServer/node_modules/ts-node-dev/lib/hook.js:63:13)
    at Module.load (node:internal/modules/cjs/loader:1307:32)
    at Function._load (node:internal/modules/cjs/loader:1121:12)
[2025-07-05 15:27:06] ERROR: uncaughtException: Cannot find module './astronomiaController'
Require stack:
- /Users/lucaseduardo/HoroscopeServer/src/controllers/oracleController.ts
- /Users/lucaseduardo/HoroscopeServer/src/routes/oracle.ts
- /Users/lucaseduardo/HoroscopeServer/src/index.ts
Error: Cannot find module './astronomiaController'
Require stack:
- /Users/lucaseduardo/HoroscopeServer/src/controllers/oracleController.ts
- /Users/lucaseduardo/HoroscopeServer/src/routes/oracle.ts
- /Users/lucaseduardo/HoroscopeServer/src/index.ts
    at Function._resolveFilename (node:internal/modules/cjs/loader:1243:15)
    at Function._load (node:internal/modules/cjs/loader:1068:27)
    at TracingChannel.traceSync (node:diagnostics_channel:322:14)
    at wrapModuleLoad (node:internal/modules/cjs/loader:219:24)
    at Module.require (node:internal/modules/cjs/loader:1329:12)
    at require (node:internal/modules/helpers:136:16)
    at Object.<anonymous> (/Users/lucaseduardo/HoroscopeServer/src/controllers/oracleController.ts:1:1)
    at Module.<anonymous> (node:internal/modules/cjs/loader:1550:14)
    at Module._compile (/Users/lucaseduardo/HoroscopeServer/node_modules/source-map-support/source-map-support.js:568:25)
    at Module.m._compile (/private/var/folders/nq/4xx3q0597db6hlqnp56k96km0000gn/T/ts-node-dev-hook-08947849286836784.js:69:33)
[2025-07-05 15:33:14] ERROR: uncaughtException: ⨯ Unable to compile TypeScript:
src/controllers/userController.ts(4,48): error TS2307: Cannot find module './fullChartPointsController' or its corresponding type declarations.

Error: ⨯ Unable to compile TypeScript:
src/controllers/userController.ts(4,48): error TS2307: Cannot find module './fullChartPointsController' or its corresponding type declarations.

    at Object.<anonymous> (/Users/lucaseduardo/HoroscopeServer/src/controllers/userController.ts:1:7)
    at Module.<anonymous> (node:internal/modules/cjs/loader:1550:14)
    at Module._compile (/Users/lucaseduardo/HoroscopeServer/node_modules/source-map-support/source-map-support.js:568:25)
    at Module.m._compile (/private/var/folders/nq/4xx3q0597db6hlqnp56k96km0000gn/T/ts-node-dev-hook-3882355234048436.js:69:33)
    at node:internal/modules/cjs/loader:1702:10
    at require.extensions..jsx.require.extensions..js (/private/var/folders/nq/4xx3q0597db6hlqnp56k96km0000gn/T/ts-node-dev-hook-3882355234048436.js:114:20)
    at require.extensions.<computed> (/private/var/folders/nq/4xx3q0597db6hlqnp56k96km0000gn/T/ts-node-dev-hook-3882355234048436.js:71:20)
    at Object.nodeDevHook [as .ts] (/Users/lucaseduardo/HoroscopeServer/node_modules/ts-node-dev/lib/hook.js:63:13)
    at Module.load (node:internal/modules/cjs/loader:1307:32)
    at Function._load (node:internal/modules/cjs/loader:1121:12)
[2025-07-05 15:33:26] ERROR: uncaughtException: ⨯ Unable to compile TypeScript:
src/controllers/userController.ts(103,29): error TS2304: Cannot find name 'getFullChartPointsWithSwisseph'.

Error: ⨯ Unable to compile TypeScript:
src/controllers/userController.ts(103,29): error TS2304: Cannot find name 'getFullChartPointsWithSwisseph'.

    at Object.<anonymous> (/Users/lucaseduardo/HoroscopeServer/src/controllers/userController.ts:1:7)
    at Module.<anonymous> (node:internal/modules/cjs/loader:1550:14)
    at Module._compile (/Users/lucaseduardo/HoroscopeServer/node_modules/source-map-support/source-map-support.js:568:25)
    at Module.m._compile (/private/var/folders/nq/4xx3q0597db6hlqnp56k96km0000gn/T/ts-node-dev-hook-3882355234048436.js:69:33)
    at node:internal/modules/cjs/loader:1702:10
    at require.extensions..jsx.require.extensions..js (/private/var/folders/nq/4xx3q0597db6hlqnp56k96km0000gn/T/ts-node-dev-hook-3882355234048436.js:114:20)
    at require.extensions.<computed> (/private/var/folders/nq/4xx3q0597db6hlqnp56k96km0000gn/T/ts-node-dev-hook-3882355234048436.js:71:20)
    at Object.nodeDevHook [as .ts] (/Users/lucaseduardo/HoroscopeServer/node_modules/ts-node-dev/lib/hook.js:63:13)
    at Module.load (node:internal/modules/cjs/loader:1307:32)
    at Function._load (node:internal/modules/cjs/loader:1121:12)
[2025-07-05 15:33:35] ERROR: uncaughtException: ⨯ Unable to compile TypeScript:
src/controllers/oracleController.ts(1,37): error TS2307: Cannot find module './astronomiaController' or its corresponding type declarations.

Error: ⨯ Unable to compile TypeScript:
src/controllers/oracleController.ts(1,37): error TS2307: Cannot find module './astronomiaController' or its corresponding type declarations.

    at Object.<anonymous> (/Users/lucaseduardo/HoroscopeServer/src/controllers/oracleController.ts:1:7)
    at Module.<anonymous> (node:internal/modules/cjs/loader:1550:14)
    at Module._compile (/Users/lucaseduardo/HoroscopeServer/node_modules/source-map-support/source-map-support.js:568:25)
    at Module.m._compile (/private/var/folders/nq/4xx3q0597db6hlqnp56k96km0000gn/T/ts-node-dev-hook-3882355234048436.js:69:33)
    at node:internal/modules/cjs/loader:1702:10
    at require.extensions..jsx.require.extensions..js (/private/var/folders/nq/4xx3q0597db6hlqnp56k96km0000gn/T/ts-node-dev-hook-3882355234048436.js:114:20)
    at require.extensions.<computed> (/private/var/folders/nq/4xx3q0597db6hlqnp56k96km0000gn/T/ts-node-dev-hook-3882355234048436.js:71:20)
    at Object.nodeDevHook [as .ts] (/Users/lucaseduardo/HoroscopeServer/node_modules/ts-node-dev/lib/hook.js:63:13)
    at Module.load (node:internal/modules/cjs/loader:1307:32)
    at Function._load (node:internal/modules/cjs/loader:1121:12)
[2025-07-05 15:33:49] ERROR: uncaughtException: ⨯ Unable to compile TypeScript:
src/controllers/dailyNewsController.ts(3,37): error TS2307: Cannot find module './astronomiaController' or its corresponding type declarations.

Error: ⨯ Unable to compile TypeScript:
src/controllers/dailyNewsController.ts(3,37): error TS2307: Cannot find module './astronomiaController' or its corresponding type declarations.

    at Object.<anonymous> (/Users/lucaseduardo/HoroscopeServer/src/controllers/dailyNewsController.ts:1:7)
    at Module.<anonymous> (node:internal/modules/cjs/loader:1550:14)
    at Module._compile (/Users/lucaseduardo/HoroscopeServer/node_modules/source-map-support/source-map-support.js:568:25)
    at Module.m._compile (/private/var/folders/nq/4xx3q0597db6hlqnp56k96km0000gn/T/ts-node-dev-hook-3882355234048436.js:69:33)
    at node:internal/modules/cjs/loader:1702:10
    at require.extensions..jsx.require.extensions..js (/private/var/folders/nq/4xx3q0597db6hlqnp56k96km0000gn/T/ts-node-dev-hook-3882355234048436.js:114:20)
    at require.extensions.<computed> (/private/var/folders/nq/4xx3q0597db6hlqnp56k96km0000gn/T/ts-node-dev-hook-3882355234048436.js:71:20)
    at Object.nodeDevHook [as .ts] (/Users/lucaseduardo/HoroscopeServer/node_modules/ts-node-dev/lib/hook.js:63:13)
    at Module.load (node:internal/modules/cjs/loader:1307:32)
    at Function._load (node:internal/modules/cjs/loader:1121:12)
[2025-07-05 15:33:58] ERROR: uncaughtException: argument handler must be a function
TypeError: argument handler must be a function
    at Route.<computed> [as get] (/Users/lucaseduardo/HoroscopeServer/node_modules/router/lib/route.js:228:15)
    at Function.Router.<computed> [as get] (/Users/lucaseduardo/HoroscopeServer/node_modules/router/index.js:448:19)
    at Object.<anonymous> (/Users/lucaseduardo/HoroscopeServer/src/routes/dailyNews.ts:6:8)
    at Module.<anonymous> (node:internal/modules/cjs/loader:1550:14)
    at Module._compile (/Users/lucaseduardo/HoroscopeServer/node_modules/source-map-support/source-map-support.js:568:25)
    at Module.m._compile (/private/var/folders/nq/4xx3q0597db6hlqnp56k96km0000gn/T/ts-node-dev-hook-3882355234048436.js:69:33)
    at node:internal/modules/cjs/loader:1702:10
    at require.extensions..jsx.require.extensions..js (/private/var/folders/nq/4xx3q0597db6hlqnp56k96km0000gn/T/ts-node-dev-hook-3882355234048436.js:114:20)
    at require.extensions.<computed> (/private/var/folders/nq/4xx3q0597db6hlqnp56k96km0000gn/T/ts-node-dev-hook-3882355234048436.js:71:20)
    at Object.nodeDevHook [as .ts] (/Users/lucaseduardo/HoroscopeServer/node_modules/ts-node-dev/lib/hook.js:63:13)
[2025-07-05 15:34:15] ERROR: uncaughtException: argument handler must be a function
TypeError: argument handler must be a function
    at Function.use (/Users/lucaseduardo/HoroscopeServer/node_modules/router/index.js:392:13)
    at Function.<anonymous> (/Users/lucaseduardo/HoroscopeServer/node_modules/express/lib/application.js:222:21)
    at Array.forEach (<anonymous>)
    at Function.use (/Users/lucaseduardo/HoroscopeServer/node_modules/express/lib/application.js:219:7)
    at Object.<anonymous> (/Users/lucaseduardo/HoroscopeServer/src/index.ts:54:5)
    at Module.<anonymous> (node:internal/modules/cjs/loader:1550:14)
    at Module._compile (/Users/lucaseduardo/HoroscopeServer/node_modules/source-map-support/source-map-support.js:568:25)
    at Module.m._compile (/private/var/folders/nq/4xx3q0597db6hlqnp56k96km0000gn/T/ts-node-dev-hook-3882355234048436.js:69:33)
    at node:internal/modules/cjs/loader:1702:10
    at require.extensions..jsx.require.extensions..js (/private/var/folders/nq/4xx3q0597db6hlqnp56k96km0000gn/T/ts-node-dev-hook-3882355234048436.js:114:20)
[2025-07-05 15:34:19] ERROR: uncaughtException: argument handler must be a function
TypeError: argument handler must be a function
    at Function.use (/Users/lucaseduardo/HoroscopeServer/node_modules/router/index.js:392:13)
    at Function.<anonymous> (/Users/lucaseduardo/HoroscopeServer/node_modules/express/lib/application.js:222:21)
    at Array.forEach (<anonymous>)
    at Function.use (/Users/lucaseduardo/HoroscopeServer/node_modules/express/lib/application.js:219:7)
    at Object.<anonymous> (/Users/lucaseduardo/HoroscopeServer/src/index.ts:53:5)
    at Module.<anonymous> (node:internal/modules/cjs/loader:1550:14)
    at Module._compile (/Users/lucaseduardo/HoroscopeServer/node_modules/source-map-support/source-map-support.js:568:25)
    at Module.m._compile (/private/var/folders/nq/4xx3q0597db6hlqnp56k96km0000gn/T/ts-node-dev-hook-3882355234048436.js:69:33)
    at node:internal/modules/cjs/loader:1702:10
    at require.extensions..jsx.require.extensions..js (/private/var/folders/nq/4xx3q0597db6hlqnp56k96km0000gn/T/ts-node-dev-hook-3882355234048436.js:114:20)
[2025-07-05 15:34:24] ERROR: uncaughtException: argument handler must be a function
TypeError: argument handler must be a function
    at Function.use (/Users/lucaseduardo/HoroscopeServer/node_modules/router/index.js:392:13)
    at Function.<anonymous> (/Users/lucaseduardo/HoroscopeServer/node_modules/express/lib/application.js:222:21)
    at Array.forEach (<anonymous>)
    at Function.use (/Users/lucaseduardo/HoroscopeServer/node_modules/express/lib/application.js:219:7)
    at Object.<anonymous> (/Users/lucaseduardo/HoroscopeServer/src/index.ts:53:5)
    at Module.<anonymous> (node:internal/modules/cjs/loader:1550:14)
    at Module._compile (/Users/lucaseduardo/HoroscopeServer/node_modules/source-map-support/source-map-support.js:568:25)
    at Module.m._compile (/private/var/folders/nq/4xx3q0597db6hlqnp56k96km0000gn/T/ts-node-dev-hook-3882355234048436.js:69:33)
    at node:internal/modules/cjs/loader:1702:10
    at require.extensions..jsx.require.extensions..js (/private/var/folders/nq/4xx3q0597db6hlqnp56k96km0000gn/T/ts-node-dev-hook-3882355234048436.js:114:20)
[2025-07-05 19:31:16] ERROR: uncaughtException: ⨯ Unable to compile TypeScript:
src/services/userService.ts(52,60): error TS2451: Cannot redeclare block-scoped variable 'latitude'.
src/services/userService.ts(52,70): error TS2451: Cannot redeclare block-scoped variable 'longitude'.
src/services/userService.ts(55,11): error TS2451: Cannot redeclare block-scoped variable 'latitude'.
src/services/userService.ts(55,21): error TS2451: Cannot redeclare block-scoped variable 'longitude'.

Error: ⨯ Unable to compile TypeScript:
src/services/userService.ts(52,60): error TS2451: Cannot redeclare block-scoped variable 'latitude'.
src/services/userService.ts(52,70): error TS2451: Cannot redeclare block-scoped variable 'longitude'.
src/services/userService.ts(55,11): error TS2451: Cannot redeclare block-scoped variable 'latitude'.
src/services/userService.ts(55,21): error TS2451: Cannot redeclare block-scoped variable 'longitude'.

    at Object.<anonymous> (/Users/lucaseduardo/HoroscopeServer/src/services/userService.ts:1:7)
    at Module.<anonymous> (node:internal/modules/cjs/loader:1550:14)
    at Module._compile (/Users/lucaseduardo/HoroscopeServer/node_modules/source-map-support/source-map-support.js:568:25)
    at Module.m._compile (/private/var/folders/nq/4xx3q0597db6hlqnp56k96km0000gn/T/ts-node-dev-hook-3882355234048436.js:69:33)
    at node:internal/modules/cjs/loader:1702:10
    at require.extensions..jsx.require.extensions..js (/private/var/folders/nq/4xx3q0597db6hlqnp56k96km0000gn/T/ts-node-dev-hook-3882355234048436.js:114:20)
    at require.extensions.<computed> (/private/var/folders/nq/4xx3q0597db6hlqnp56k96km0000gn/T/ts-node-dev-hook-3882355234048436.js:71:20)
    at Object.nodeDevHook [as .ts] (/Users/lucaseduardo/HoroscopeServer/node_modules/ts-node-dev/lib/hook.js:63:13)
    at Module.load (node:internal/modules/cjs/loader:1307:32)
    at Function._load (node:internal/modules/cjs/loader:1121:12)
[2025-07-05 19:31:27] ERROR: uncaughtException: ⨯ Unable to compile TypeScript:
src/services/userService.ts(52,60): error TS2451: Cannot redeclare block-scoped variable 'latitude'.
src/services/userService.ts(52,70): error TS2451: Cannot redeclare block-scoped variable 'longitude'.
src/services/userService.ts(55,11): error TS2451: Cannot redeclare block-scoped variable 'latitude'.
src/services/userService.ts(55,21): error TS2451: Cannot redeclare block-scoped variable 'longitude'.

Error: ⨯ Unable to compile TypeScript:
src/services/userService.ts(52,60): error TS2451: Cannot redeclare block-scoped variable 'latitude'.
src/services/userService.ts(52,70): error TS2451: Cannot redeclare block-scoped variable 'longitude'.
src/services/userService.ts(55,11): error TS2451: Cannot redeclare block-scoped variable 'latitude'.
src/services/userService.ts(55,21): error TS2451: Cannot redeclare block-scoped variable 'longitude'.

    at Object.<anonymous> (/Users/lucaseduardo/HoroscopeServer/src/services/userService.ts:1:7)
    at Module.<anonymous> (node:internal/modules/cjs/loader:1550:14)
    at Module._compile (/Users/lucaseduardo/HoroscopeServer/node_modules/source-map-support/source-map-support.js:568:25)
    at Module.m._compile (/private/var/folders/nq/4xx3q0597db6hlqnp56k96km0000gn/T/ts-node-dev-hook-3882355234048436.js:69:33)
    at node:internal/modules/cjs/loader:1702:10
    at require.extensions..jsx.require.extensions..js (/private/var/folders/nq/4xx3q0597db6hlqnp56k96km0000gn/T/ts-node-dev-hook-3882355234048436.js:114:20)
    at require.extensions.<computed> (/private/var/folders/nq/4xx3q0597db6hlqnp56k96km0000gn/T/ts-node-dev-hook-3882355234048436.js:71:20)
    at Object.nodeDevHook [as .ts] (/Users/lucaseduardo/HoroscopeServer/node_modules/ts-node-dev/lib/hook.js:63:13)
    at Module.load (node:internal/modules/cjs/loader:1307:32)
    at Function._load (node:internal/modules/cjs/loader:1121:12)
[2025-07-05 19:31:31] ERROR: uncaughtException: ⨯ Unable to compile TypeScript:
src/services/userService.ts(52,60): error TS2451: Cannot redeclare block-scoped variable 'latitude'.
src/services/userService.ts(52,70): error TS2451: Cannot redeclare block-scoped variable 'longitude'.
src/services/userService.ts(55,11): error TS2451: Cannot redeclare block-scoped variable 'latitude'.
src/services/userService.ts(55,21): error TS2451: Cannot redeclare block-scoped variable 'longitude'.

Error: ⨯ Unable to compile TypeScript:
src/services/userService.ts(52,60): error TS2451: Cannot redeclare block-scoped variable 'latitude'.
src/services/userService.ts(52,70): error TS2451: Cannot redeclare block-scoped variable 'longitude'.
src/services/userService.ts(55,11): error TS2451: Cannot redeclare block-scoped variable 'latitude'.
src/services/userService.ts(55,21): error TS2451: Cannot redeclare block-scoped variable 'longitude'.

    at Object.<anonymous> (/Users/lucaseduardo/HoroscopeServer/src/services/userService.ts:1:7)
    at Module.<anonymous> (node:internal/modules/cjs/loader:1550:14)
    at Module._compile (/Users/lucaseduardo/HoroscopeServer/node_modules/source-map-support/source-map-support.js:568:25)
    at Module.m._compile (/private/var/folders/nq/4xx3q0597db6hlqnp56k96km0000gn/T/ts-node-dev-hook-3882355234048436.js:69:33)
    at node:internal/modules/cjs/loader:1702:10
    at require.extensions..jsx.require.extensions..js (/private/var/folders/nq/4xx3q0597db6hlqnp56k96km0000gn/T/ts-node-dev-hook-3882355234048436.js:114:20)
    at require.extensions.<computed> (/private/var/folders/nq/4xx3q0597db6hlqnp56k96km0000gn/T/ts-node-dev-hook-3882355234048436.js:71:20)
    at Object.nodeDevHook [as .ts] (/Users/lucaseduardo/HoroscopeServer/node_modules/ts-node-dev/lib/hook.js:63:13)
    at Module.load (node:internal/modules/cjs/loader:1307:32)
    at Function._load (node:internal/modules/cjs/loader:1121:12)
[2025-07-05 19:35:52] ERROR: uncaughtException: ⨯ Unable to compile TypeScript:
src/services/userService.ts(2,38): error TS2307: Cannot find module './astronomyService' or its corresponding type declarations.

Error: ⨯ Unable to compile TypeScript:
src/services/userService.ts(2,38): error TS2307: Cannot find module './astronomyService' or its corresponding type declarations.

    at Object.<anonymous> (/Users/lucaseduardo/HoroscopeServer/src/services/userService.ts:1:7)
    at Module.<anonymous> (node:internal/modules/cjs/loader:1550:14)
    at Module._compile (/Users/lucaseduardo/HoroscopeServer/node_modules/source-map-support/source-map-support.js:568:25)
    at Module.m._compile (/private/var/folders/nq/4xx3q0597db6hlqnp56k96km0000gn/T/ts-node-dev-hook-3882355234048436.js:69:33)
    at node:internal/modules/cjs/loader:1702:10
    at require.extensions..jsx.require.extensions..js (/private/var/folders/nq/4xx3q0597db6hlqnp56k96km0000gn/T/ts-node-dev-hook-3882355234048436.js:114:20)
    at require.extensions.<computed> (/private/var/folders/nq/4xx3q0597db6hlqnp56k96km0000gn/T/ts-node-dev-hook-3882355234048436.js:71:20)
    at Object.nodeDevHook [as .ts] (/Users/lucaseduardo/HoroscopeServer/node_modules/ts-node-dev/lib/hook.js:63:13)
    at Module.load (node:internal/modules/cjs/loader:1307:32)
    at Function._load (node:internal/modules/cjs/loader:1121:12)
[2025-07-05 19:37:18] ERROR: uncaughtException: ⨯ Unable to compile TypeScript:
src/services/userService.ts(2,38): error TS2307: Cannot find module './astronomyService' or its corresponding type declarations.

Error: ⨯ Unable to compile TypeScript:
src/services/userService.ts(2,38): error TS2307: Cannot find module './astronomyService' or its corresponding type declarations.

    at Object.<anonymous> (/Users/lucaseduardo/HoroscopeServer/src/services/userService.ts:1:7)
    at Module.<anonymous> (node:internal/modules/cjs/loader:1550:14)
    at Module._compile (/Users/lucaseduardo/HoroscopeServer/node_modules/source-map-support/source-map-support.js:568:25)
    at Module.m._compile (/private/var/folders/nq/4xx3q0597db6hlqnp56k96km0000gn/T/ts-node-dev-hook-3882355234048436.js:69:33)
    at node:internal/modules/cjs/loader:1702:10
    at require.extensions..jsx.require.extensions..js (/private/var/folders/nq/4xx3q0597db6hlqnp56k96km0000gn/T/ts-node-dev-hook-3882355234048436.js:114:20)
    at require.extensions.<computed> (/private/var/folders/nq/4xx3q0597db6hlqnp56k96km0000gn/T/ts-node-dev-hook-3882355234048436.js:71:20)
    at Object.nodeDevHook [as .ts] (/Users/lucaseduardo/HoroscopeServer/node_modules/ts-node-dev/lib/hook.js:63:13)
    at Module.load (node:internal/modules/cjs/loader:1307:32)
    at Function._load (node:internal/modules/cjs/loader:1121:12)
[2025-07-05 19:40:07] ERROR: uncaughtException: ⨯ Unable to compile TypeScript:
src/services/userService.ts(2,38): error TS2307: Cannot find module './astronomyService' or its corresponding type declarations.

Error: ⨯ Unable to compile TypeScript:
src/services/userService.ts(2,38): error TS2307: Cannot find module './astronomyService' or its corresponding type declarations.

    at Object.<anonymous> (/Users/lucaseduardo/HoroscopeServer/src/services/userService.ts:1:7)
    at Module.<anonymous> (node:internal/modules/cjs/loader:1550:14)
    at Module._compile (/Users/lucaseduardo/HoroscopeServer/node_modules/source-map-support/source-map-support.js:568:25)
    at Module.m._compile (/private/var/folders/nq/4xx3q0597db6hlqnp56k96km0000gn/T/ts-node-dev-hook-3882355234048436.js:69:33)
    at node:internal/modules/cjs/loader:1702:10
    at require.extensions..jsx.require.extensions..js (/private/var/folders/nq/4xx3q0597db6hlqnp56k96km0000gn/T/ts-node-dev-hook-3882355234048436.js:114:20)
    at require.extensions.<computed> (/private/var/folders/nq/4xx3q0597db6hlqnp56k96km0000gn/T/ts-node-dev-hook-3882355234048436.js:71:20)
    at Object.nodeDevHook [as .ts] (/Users/lucaseduardo/HoroscopeServer/node_modules/ts-node-dev/lib/hook.js:63:13)
    at Module.load (node:internal/modules/cjs/loader:1307:32)
    at Function._load (node:internal/modules/cjs/loader:1121:12)
[2025-07-05 19:40:32] ERROR: uncaughtException: ⨯ Unable to compile TypeScript:
src/services/userService.ts(54,21): error TS2304: Cannot find name 'calculateSunPosition'.

Error: ⨯ Unable to compile TypeScript:
src/services/userService.ts(54,21): error TS2304: Cannot find name 'calculateSunPosition'.

    at Object.<anonymous> (/Users/lucaseduardo/HoroscopeServer/src/services/userService.ts:1:7)
    at Module.<anonymous> (node:internal/modules/cjs/loader:1550:14)
    at Module._compile (/Users/lucaseduardo/HoroscopeServer/node_modules/source-map-support/source-map-support.js:568:25)
    at Module.m._compile (/private/var/folders/nq/4xx3q0597db6hlqnp56k96km0000gn/T/ts-node-dev-hook-3882355234048436.js:69:33)
    at node:internal/modules/cjs/loader:1702:10
    at require.extensions..jsx.require.extensions..js (/private/var/folders/nq/4xx3q0597db6hlqnp56k96km0000gn/T/ts-node-dev-hook-3882355234048436.js:114:20)
    at require.extensions.<computed> (/private/var/folders/nq/4xx3q0597db6hlqnp56k96km0000gn/T/ts-node-dev-hook-3882355234048436.js:71:20)
    at Object.nodeDevHook [as .ts] (/Users/lucaseduardo/HoroscopeServer/node_modules/ts-node-dev/lib/hook.js:63:13)
    at Module.load (node:internal/modules/cjs/loader:1307:32)
    at Function._load (node:internal/modules/cjs/loader:1121:12)
[2025-07-05 20:15:28] ERROR: uncaughtException: ⨯ Unable to compile TypeScript:
src/routes/user.ts(4,56): error TS2306: File '/Users/lucaseduardo/HoroscopeServer/src/controllers/userController.ts' is not a module.

Error: ⨯ Unable to compile TypeScript:
src/routes/user.ts(4,56): error TS2306: File '/Users/lucaseduardo/HoroscopeServer/src/controllers/userController.ts' is not a module.

    at Object.<anonymous> (/Users/lucaseduardo/HoroscopeServer/src/routes/user.ts:1:7)
    at Module.<anonymous> (node:internal/modules/cjs/loader:1550:14)
    at Module._compile (/Users/lucaseduardo/HoroscopeServer/node_modules/source-map-support/source-map-support.js:568:25)
    at Module.m._compile (/private/var/folders/nq/4xx3q0597db6hlqnp56k96km0000gn/T/ts-node-dev-hook-9366228666732386.js:69:33)
    at node:internal/modules/cjs/loader:1702:10
    at require.extensions..jsx.require.extensions..js (/private/var/folders/nq/4xx3q0597db6hlqnp56k96km0000gn/T/ts-node-dev-hook-9366228666732386.js:114:20)
    at require.extensions.<computed> (/private/var/folders/nq/4xx3q0597db6hlqnp56k96km0000gn/T/ts-node-dev-hook-9366228666732386.js:71:20)
    at Object.nodeDevHook [as .ts] (/Users/lucaseduardo/HoroscopeServer/node_modules/ts-node-dev/lib/hook.js:63:13)
    at Module.load (node:internal/modules/cjs/loader:1307:32)
    at Function._load (node:internal/modules/cjs/loader:1121:12)
[2025-07-05 20:15:50] ERROR: uncaughtException: argument handler must be a function
TypeError: argument handler must be a function
    at Function.use (/Users/lucaseduardo/HoroscopeServer/node_modules/router/index.js:392:13)
    at Function.<anonymous> (/Users/lucaseduardo/HoroscopeServer/node_modules/express/lib/application.js:222:21)
    at Array.forEach (<anonymous>)
    at Function.use (/Users/lucaseduardo/HoroscopeServer/node_modules/express/lib/application.js:219:7)
    at Object.<anonymous> (/Users/lucaseduardo/HoroscopeServer/src/index.ts:52:5)
    at Module.<anonymous> (node:internal/modules/cjs/loader:1550:14)
    at Module._compile (/Users/lucaseduardo/HoroscopeServer/node_modules/source-map-support/source-map-support.js:568:25)
    at Module.m._compile (/private/var/folders/nq/4xx3q0597db6hlqnp56k96km0000gn/T/ts-node-dev-hook-9366228666732386.js:69:33)
    at node:internal/modules/cjs/loader:1702:10
    at require.extensions..jsx.require.extensions..js (/private/var/folders/nq/4xx3q0597db6hlqnp56k96km0000gn/T/ts-node-dev-hook-9366228666732386.js:114:20)
[2025-07-05 20:16:45] ERROR: uncaughtException: ⨯ Unable to compile TypeScript:
src/routes/user.ts(4,56): error TS2306: File '/Users/lucaseduardo/HoroscopeServer/src/controllers/userController.ts' is not a module.

Error: ⨯ Unable to compile TypeScript:
src/routes/user.ts(4,56): error TS2306: File '/Users/lucaseduardo/HoroscopeServer/src/controllers/userController.ts' is not a module.

    at Object.<anonymous> (/Users/lucaseduardo/HoroscopeServer/src/routes/user.ts:1:7)
    at Module.<anonymous> (node:internal/modules/cjs/loader:1550:14)
    at Module._compile (/Users/lucaseduardo/HoroscopeServer/node_modules/source-map-support/source-map-support.js:568:25)
    at Module.m._compile (/private/var/folders/nq/4xx3q0597db6hlqnp56k96km0000gn/T/ts-node-dev-hook-9366228666732386.js:69:33)
    at node:internal/modules/cjs/loader:1702:10
    at require.extensions..jsx.require.extensions..js (/private/var/folders/nq/4xx3q0597db6hlqnp56k96km0000gn/T/ts-node-dev-hook-9366228666732386.js:114:20)
    at require.extensions.<computed> (/private/var/folders/nq/4xx3q0597db6hlqnp56k96km0000gn/T/ts-node-dev-hook-9366228666732386.js:71:20)
    at Object.nodeDevHook [as .ts] (/Users/lucaseduardo/HoroscopeServer/node_modules/ts-node-dev/lib/hook.js:63:13)
    at Module.load (node:internal/modules/cjs/loader:1307:32)
    at Function._load (node:internal/modules/cjs/loader:1121:12)
[2025-07-05 20:18:17] ERROR: connect ECONNREFUSED 127.0.0.1:8889
[2025-07-05 20:18:17] ERROR: connect ECONNREFUSED 127.0.0.1:8889
[2025-07-05 20:18:17] ERROR: connect ECONNREFUSED 127.0.0.1:8889
[2025-07-05 20:18:17] ERROR: connect ECONNREFUSED 127.0.0.1:8889
[2025-07-05 20:22:18] ERROR: connect ECONNREFUSED 127.0.0.1:8889
[2025-07-05 20:22:18] ERROR: connect ECONNREFUSED 127.0.0.1:8889
[2025-07-05 20:22:18] ERROR: connect ECONNREFUSED 127.0.0.1:8889
[2025-07-05 20:22:18] ERROR: connect ECONNREFUSED 127.0.0.1:8889
[2025-07-05 20:22:27] ERROR: connect ECONNREFUSED 127.0.0.1:8889
[2025-07-05 20:22:27] ERROR: connect ECONNREFUSED 127.0.0.1:8889
[2025-07-05 20:22:28] ERROR: connect ECONNREFUSED 127.0.0.1:8889
[2025-07-05 20:22:28] ERROR: connect ECONNREFUSED 127.0.0.1:8889
[2025-07-05 20:46:50] ERROR: Cannot drop table 'users' referenced by a foreign key constraint 'daily_news_ibfk_1' on table 'daily_news'.
[2025-07-05 20:47:07] ERROR: Cannot drop table 'users' referenced by a foreign key constraint 'daily_news_ibfk_1' on table 'daily_news'.
[2025-07-05 20:47:38] ERROR: Cannot drop table 'users' referenced by a foreign key constraint 'daily_news_ibfk_1' on table 'daily_news'.
[2025-07-05 20:47:41] ERROR: Cannot drop table 'users' referenced by a foreign key constraint 'daily_news_ibfk_1' on table 'daily_news'.
[2025-07-05 20:48:36] ERROR: uncaughtException: ⨯ Unable to compile TypeScript:
src/graphql/resolvers/userResolver.ts(6,20): error TS7016: Could not find a declaration file for module 'bcrypt'. '/Users/lucaseduardo/HoroscopeServer/node_modules/bcrypt/bcrypt.js' implicitly has an 'any' type.
  Try `npm i --save-dev @types/bcrypt` if it exists or add a new declaration (.d.ts) file containing `declare module 'bcrypt';`
src/graphql/resolvers/userResolver.ts(216,40): error TS2552: Cannot find name 'error'. Did you mean 'Error'?
src/graphql/resolvers/userResolver.ts(222,7): error TS1128: Declaration or statement expected.
src/graphql/resolvers/userResolver.ts(223,5): error TS1128: Declaration or statement expected.
src/graphql/resolvers/userResolver.ts(224,3): error TS1128: Declaration or statement expected.
src/graphql/resolvers/userResolver.ts(225,1): error TS1128: Declaration or statement expected.

Error: ⨯ Unable to compile TypeScript:
src/graphql/resolvers/userResolver.ts(6,20): error TS7016: Could not find a declaration file for module 'bcrypt'. '/Users/lucaseduardo/HoroscopeServer/node_modules/bcrypt/bcrypt.js' implicitly has an 'any' type.
  Try `npm i --save-dev @types/bcrypt` if it exists or add a new declaration (.d.ts) file containing `declare module 'bcrypt';`
src/graphql/resolvers/userResolver.ts(216,40): error TS2552: Cannot find name 'error'. Did you mean 'Error'?
src/graphql/resolvers/userResolver.ts(222,7): error TS1128: Declaration or statement expected.
src/graphql/resolvers/userResolver.ts(223,5): error TS1128: Declaration or statement expected.
src/graphql/resolvers/userResolver.ts(224,3): error TS1128: Declaration or statement expected.
src/graphql/resolvers/userResolver.ts(225,1): error TS1128: Declaration or statement expected.

    at Object.<anonymous> (/Users/lucaseduardo/HoroscopeServer/src/graphql/resolvers/userResolver.ts:1:7)
    at Module.<anonymous> (node:internal/modules/cjs/loader:1550:14)
    at Module._compile (/Users/lucaseduardo/HoroscopeServer/node_modules/source-map-support/source-map-support.js:568:25)
    at Module.m._compile (/private/var/folders/nq/4xx3q0597db6hlqnp56k96km0000gn/T/ts-node-dev-hook-9366228666732386.js:69:33)
    at node:internal/modules/cjs/loader:1702:10
    at require.extensions..jsx.require.extensions..js (/private/var/folders/nq/4xx3q0597db6hlqnp56k96km0000gn/T/ts-node-dev-hook-9366228666732386.js:114:20)
    at require.extensions.<computed> (/private/var/folders/nq/4xx3q0597db6hlqnp56k96km0000gn/T/ts-node-dev-hook-9366228666732386.js:71:20)
    at Object.nodeDevHook [as .ts] (/Users/lucaseduardo/HoroscopeServer/node_modules/ts-node-dev/lib/hook.js:63:13)
    at Module.load (node:internal/modules/cjs/loader:1307:32)
    at Function._load (node:internal/modules/cjs/loader:1121:12)
[2025-07-05 20:48:40] ERROR: uncaughtException: ⨯ Unable to compile TypeScript:
src/graphql/resolvers/userResolver.ts(6,20): error TS7016: Could not find a declaration file for module 'bcrypt'. '/Users/lucaseduardo/HoroscopeServer/node_modules/bcrypt/bcrypt.js' implicitly has an 'any' type.
  Try `npm i --save-dev @types/bcrypt` if it exists or add a new declaration (.d.ts) file containing `declare module 'bcrypt';`

Error: ⨯ Unable to compile TypeScript:
src/graphql/resolvers/userResolver.ts(6,20): error TS7016: Could not find a declaration file for module 'bcrypt'. '/Users/lucaseduardo/HoroscopeServer/node_modules/bcrypt/bcrypt.js' implicitly has an 'any' type.
  Try `npm i --save-dev @types/bcrypt` if it exists or add a new declaration (.d.ts) file containing `declare module 'bcrypt';`

    at Object.<anonymous> (/Users/lucaseduardo/HoroscopeServer/src/graphql/resolvers/userResolver.ts:1:7)
    at Module.<anonymous> (node:internal/modules/cjs/loader:1550:14)
    at Module._compile (/Users/lucaseduardo/HoroscopeServer/node_modules/source-map-support/source-map-support.js:568:25)
    at Module.m._compile (/private/var/folders/nq/4xx3q0597db6hlqnp56k96km0000gn/T/ts-node-dev-hook-9366228666732386.js:69:33)
    at node:internal/modules/cjs/loader:1702:10
    at require.extensions..jsx.require.extensions..js (/private/var/folders/nq/4xx3q0597db6hlqnp56k96km0000gn/T/ts-node-dev-hook-9366228666732386.js:114:20)
    at require.extensions.<computed> (/private/var/folders/nq/4xx3q0597db6hlqnp56k96km0000gn/T/ts-node-dev-hook-9366228666732386.js:71:20)
    at Object.nodeDevHook [as .ts] (/Users/lucaseduardo/HoroscopeServer/node_modules/ts-node-dev/lib/hook.js:63:13)
    at Module.load (node:internal/modules/cjs/loader:1307:32)
    at Function._load (node:internal/modules/cjs/loader:1121:12)
[2025-07-05 20:48:49] ERROR: uncaughtException: ⨯ Unable to compile TypeScript:
src/graphql/resolvers/userResolver.ts(6,20): error TS7016: Could not find a declaration file for module 'bcrypt'. '/Users/lucaseduardo/HoroscopeServer/node_modules/bcrypt/bcrypt.js' implicitly has an 'any' type.
  Try `npm i --save-dev @types/bcrypt` if it exists or add a new declaration (.d.ts) file containing `declare module 'bcrypt';`

Error: ⨯ Unable to compile TypeScript:
src/graphql/resolvers/userResolver.ts(6,20): error TS7016: Could not find a declaration file for module 'bcrypt'. '/Users/lucaseduardo/HoroscopeServer/node_modules/bcrypt/bcrypt.js' implicitly has an 'any' type.
  Try `npm i --save-dev @types/bcrypt` if it exists or add a new declaration (.d.ts) file containing `declare module 'bcrypt';`

    at Object.<anonymous> (/Users/lucaseduardo/HoroscopeServer/src/graphql/resolvers/userResolver.ts:1:7)
    at Module.<anonymous> (node:internal/modules/cjs/loader:1550:14)
    at Module._compile (/Users/lucaseduardo/HoroscopeServer/node_modules/source-map-support/source-map-support.js:568:25)
    at Module.m._compile (/private/var/folders/nq/4xx3q0597db6hlqnp56k96km0000gn/T/ts-node-dev-hook-9366228666732386.js:69:33)
    at node:internal/modules/cjs/loader:1702:10
    at require.extensions..jsx.require.extensions..js (/private/var/folders/nq/4xx3q0597db6hlqnp56k96km0000gn/T/ts-node-dev-hook-9366228666732386.js:114:20)
    at require.extensions.<computed> (/private/var/folders/nq/4xx3q0597db6hlqnp56k96km0000gn/T/ts-node-dev-hook-9366228666732386.js:71:20)
    at Object.nodeDevHook [as .ts] (/Users/lucaseduardo/HoroscopeServer/node_modules/ts-node-dev/lib/hook.js:63:13)
    at Module.load (node:internal/modules/cjs/loader:1307:32)
    at Function._load (node:internal/modules/cjs/loader:1121:12)
[2025-07-05 20:55:06] ERROR: uncaughtException: ⨯ Unable to compile TypeScript:
src/graphql/resolvers/userResolver.ts(3,10): error TS2305: Module '"../../services/userService"' has no exported member 'getUserByEmail'.
src/graphql/resolvers/userResolver.ts(3,26): error TS2305: Module '"../../services/userService"' has no exported member 'createUser'.
src/graphql/resolvers/userResolver.ts(3,38): error TS2305: Module '"../../services/userService"' has no exported member 'getUserChart'.
src/graphql/resolvers/userResolver.ts(113,39): error TS2304: Cannot find name 'userService'.

Error: ⨯ Unable to compile TypeScript:
src/graphql/resolvers/userResolver.ts(3,10): error TS2305: Module '"../../services/userService"' has no exported member 'getUserByEmail'.
src/graphql/resolvers/userResolver.ts(3,26): error TS2305: Module '"../../services/userService"' has no exported member 'createUser'.
src/graphql/resolvers/userResolver.ts(3,38): error TS2305: Module '"../../services/userService"' has no exported member 'getUserChart'.
src/graphql/resolvers/userResolver.ts(113,39): error TS2304: Cannot find name 'userService'.

    at Object.<anonymous> (/Users/lucaseduardo/HoroscopeServer/src/graphql/resolvers/userResolver.ts:1:7)
    at Module.<anonymous> (node:internal/modules/cjs/loader:1550:14)
    at Module._compile (/Users/lucaseduardo/HoroscopeServer/node_modules/source-map-support/source-map-support.js:568:25)
    at Module.m._compile (/private/var/folders/nq/4xx3q0597db6hlqnp56k96km0000gn/T/ts-node-dev-hook-9366228666732386.js:69:33)
    at node:internal/modules/cjs/loader:1702:10
    at require.extensions..jsx.require.extensions..js (/private/var/folders/nq/4xx3q0597db6hlqnp56k96km0000gn/T/ts-node-dev-hook-9366228666732386.js:114:20)
    at require.extensions.<computed> (/private/var/folders/nq/4xx3q0597db6hlqnp56k96km0000gn/T/ts-node-dev-hook-9366228666732386.js:71:20)
    at Object.nodeDevHook [as .ts] (/Users/lucaseduardo/HoroscopeServer/node_modules/ts-node-dev/lib/hook.js:63:13)
    at Module.load (node:internal/modules/cjs/loader:1307:32)
    at Function._load (node:internal/modules/cjs/loader:1121:12)
[2025-07-05 20:55:35] ERROR: uncaughtException: ⨯ Unable to compile TypeScript:
src/graphql/resolvers/userResolver.ts(3,10): error TS2305: Module '"../../services/userService"' has no exported member 'getUserByEmail'.
src/graphql/resolvers/userResolver.ts(3,26): error TS2305: Module '"../../services/userService"' has no exported member 'createUser'.
src/graphql/resolvers/userResolver.ts(3,38): error TS2305: Module '"../../services/userService"' has no exported member 'getUserChart'.
src/graphql/resolvers/userResolver.ts(113,39): error TS2304: Cannot find name 'userService'.

Error: ⨯ Unable to compile TypeScript:
src/graphql/resolvers/userResolver.ts(3,10): error TS2305: Module '"../../services/userService"' has no exported member 'getUserByEmail'.
src/graphql/resolvers/userResolver.ts(3,26): error TS2305: Module '"../../services/userService"' has no exported member 'createUser'.
src/graphql/resolvers/userResolver.ts(3,38): error TS2305: Module '"../../services/userService"' has no exported member 'getUserChart'.
src/graphql/resolvers/userResolver.ts(113,39): error TS2304: Cannot find name 'userService'.

    at Object.<anonymous> (/Users/lucaseduardo/HoroscopeServer/src/graphql/resolvers/userResolver.ts:1:7)
    at Module.<anonymous> (node:internal/modules/cjs/loader:1550:14)
    at Module._compile (/Users/lucaseduardo/HoroscopeServer/node_modules/source-map-support/source-map-support.js:568:25)
    at Module.m._compile (/private/var/folders/nq/4xx3q0597db6hlqnp56k96km0000gn/T/ts-node-dev-hook-9366228666732386.js:69:33)
    at node:internal/modules/cjs/loader:1702:10
    at require.extensions..jsx.require.extensions..js (/private/var/folders/nq/4xx3q0597db6hlqnp56k96km0000gn/T/ts-node-dev-hook-9366228666732386.js:114:20)
    at require.extensions.<computed> (/private/var/folders/nq/4xx3q0597db6hlqnp56k96km0000gn/T/ts-node-dev-hook-9366228666732386.js:71:20)
    at Object.nodeDevHook [as .ts] (/Users/lucaseduardo/HoroscopeServer/node_modules/ts-node-dev/lib/hook.js:63:13)
    at Module.load (node:internal/modules/cjs/loader:1307:32)
    at Function._load (node:internal/modules/cjs/loader:1121:12)
[2025-07-05 20:58:05] ERROR: uncaughtException: ⨯ Unable to compile TypeScript:
src/hooks/swissephHook.ts(36,61): error TS18046: 'error' is of type 'unknown'.
src/hooks/swissephHook.ts(63,52): error TS18046: 'error' is of type 'unknown'.
src/hooks/swissephHook.ts(185,5): error TS2304: Cannot find name 'julianDay'.
src/hooks/swissephHook.ts(186,3): error TS1128: Declaration or statement expected.
src/hooks/swissephHook.ts(187,1): error TS1128: Declaration or statement expected.

Error: ⨯ Unable to compile TypeScript:
src/hooks/swissephHook.ts(36,61): error TS18046: 'error' is of type 'unknown'.
src/hooks/swissephHook.ts(63,52): error TS18046: 'error' is of type 'unknown'.
src/hooks/swissephHook.ts(185,5): error TS2304: Cannot find name 'julianDay'.
src/hooks/swissephHook.ts(186,3): error TS1128: Declaration or statement expected.
src/hooks/swissephHook.ts(187,1): error TS1128: Declaration or statement expected.

    at Object.<anonymous> (/Users/lucaseduardo/HoroscopeServer/src/hooks/swissephHook.ts:1:7)
    at Module.<anonymous> (node:internal/modules/cjs/loader:1550:14)
    at Module._compile (/Users/lucaseduardo/HoroscopeServer/node_modules/source-map-support/source-map-support.js:568:25)
    at Module.m._compile (/private/var/folders/nq/4xx3q0597db6hlqnp56k96km0000gn/T/ts-node-dev-hook-9366228666732386.js:69:33)
    at node:internal/modules/cjs/loader:1702:10
    at require.extensions..jsx.require.extensions..js (/private/var/folders/nq/4xx3q0597db6hlqnp56k96km0000gn/T/ts-node-dev-hook-9366228666732386.js:114:20)
    at require.extensions.<computed> (/private/var/folders/nq/4xx3q0597db6hlqnp56k96km0000gn/T/ts-node-dev-hook-9366228666732386.js:71:20)
    at Object.nodeDevHook [as .ts] (/Users/lucaseduardo/HoroscopeServer/node_modules/ts-node-dev/lib/hook.js:63:13)
    at Module.load (node:internal/modules/cjs/loader:1307:32)
    at Function._load (node:internal/modules/cjs/loader:1121:12)
[2025-07-05 20:58:08] ERROR: uncaughtException: ⨯ Unable to compile TypeScript:
src/hooks/swissephHook.ts(36,61): error TS18046: 'error' is of type 'unknown'.
src/hooks/swissephHook.ts(63,52): error TS18046: 'error' is of type 'unknown'.
src/hooks/swissephHook.ts(185,5): error TS2304: Cannot find name 'julianDay'.
src/hooks/swissephHook.ts(186,3): error TS1128: Declaration or statement expected.
src/hooks/swissephHook.ts(187,1): error TS1128: Declaration or statement expected.

Error: ⨯ Unable to compile TypeScript:
src/hooks/swissephHook.ts(36,61): error TS18046: 'error' is of type 'unknown'.
src/hooks/swissephHook.ts(63,52): error TS18046: 'error' is of type 'unknown'.
src/hooks/swissephHook.ts(185,5): error TS2304: Cannot find name 'julianDay'.
src/hooks/swissephHook.ts(186,3): error TS1128: Declaration or statement expected.
src/hooks/swissephHook.ts(187,1): error TS1128: Declaration or statement expected.

    at Object.<anonymous> (/Users/lucaseduardo/HoroscopeServer/src/hooks/swissephHook.ts:1:7)
    at Module.<anonymous> (node:internal/modules/cjs/loader:1550:14)
    at Module._compile (/Users/lucaseduardo/HoroscopeServer/node_modules/source-map-support/source-map-support.js:568:25)
    at Module.m._compile (/private/var/folders/nq/4xx3q0597db6hlqnp56k96km0000gn/T/ts-node-dev-hook-9366228666732386.js:69:33)
    at node:internal/modules/cjs/loader:1702:10
    at require.extensions..jsx.require.extensions..js (/private/var/folders/nq/4xx3q0597db6hlqnp56k96km0000gn/T/ts-node-dev-hook-9366228666732386.js:114:20)
    at require.extensions.<computed> (/private/var/folders/nq/4xx3q0597db6hlqnp56k96km0000gn/T/ts-node-dev-hook-9366228666732386.js:71:20)
    at Object.nodeDevHook [as .ts] (/Users/lucaseduardo/HoroscopeServer/node_modules/ts-node-dev/lib/hook.js:63:13)
    at Module.load (node:internal/modules/cjs/loader:1307:32)
    at Function._load (node:internal/modules/cjs/loader:1121:12)
[2025-07-05 20:58:19] ERROR: uncaughtException: ⨯ Unable to compile TypeScript:
src/hooks/swissephHook.ts(63,52): error TS18046: 'error' is of type 'unknown'.
src/hooks/swissephHook.ts(185,5): error TS2304: Cannot find name 'julianDay'.
src/hooks/swissephHook.ts(186,3): error TS1128: Declaration or statement expected.
src/hooks/swissephHook.ts(187,1): error TS1128: Declaration or statement expected.

Error: ⨯ Unable to compile TypeScript:
src/hooks/swissephHook.ts(63,52): error TS18046: 'error' is of type 'unknown'.
src/hooks/swissephHook.ts(185,5): error TS2304: Cannot find name 'julianDay'.
src/hooks/swissephHook.ts(186,3): error TS1128: Declaration or statement expected.
src/hooks/swissephHook.ts(187,1): error TS1128: Declaration or statement expected.

    at Object.<anonymous> (/Users/lucaseduardo/HoroscopeServer/src/hooks/swissephHook.ts:1:7)
    at Module.<anonymous> (node:internal/modules/cjs/loader:1550:14)
    at Module._compile (/Users/lucaseduardo/HoroscopeServer/node_modules/source-map-support/source-map-support.js:568:25)
    at Module.m._compile (/private/var/folders/nq/4xx3q0597db6hlqnp56k96km0000gn/T/ts-node-dev-hook-9366228666732386.js:69:33)
    at node:internal/modules/cjs/loader:1702:10
    at require.extensions..jsx.require.extensions..js (/private/var/folders/nq/4xx3q0597db6hlqnp56k96km0000gn/T/ts-node-dev-hook-9366228666732386.js:114:20)
    at require.extensions.<computed> (/private/var/folders/nq/4xx3q0597db6hlqnp56k96km0000gn/T/ts-node-dev-hook-9366228666732386.js:71:20)
    at Object.nodeDevHook [as .ts] (/Users/lucaseduardo/HoroscopeServer/node_modules/ts-node-dev/lib/hook.js:63:13)
    at Module.load (node:internal/modules/cjs/loader:1307:32)
    at Function._load (node:internal/modules/cjs/loader:1121:12)
[2025-07-05 21:00:19] ERROR: uncaughtException: ⨯ Unable to compile TypeScript:
src/hooks/swissephHook.ts(177,10): error TS2695: Left side of comma operator is unused and has no side effects.
src/hooks/swissephHook.ts(181,5): error TS2552: Cannot find name 'julianDayuses'. Did you mean 'julianDay'?
src/hooks/swissephHook.ts(184,5): error TS2304: Cannot find name 'julianDay'.
src/hooks/swissephHook.ts(181,18): error TS1005: ';' expected.
src/hooks/swissephHook.ts(183,1): error TS1109: Expression expected.
src/hooks/swissephHook.ts(183,6): error TS1128: Declaration or statement expected.
src/hooks/swissephHook.ts(183,7): error TS1128: Declaration or statement expected.
src/hooks/swissephHook.ts(185,3): error TS1128: Declaration or statement expected.
src/hooks/swissephHook.ts(186,1): error TS1128: Declaration or statement expected.

Error: ⨯ Unable to compile TypeScript:
src/hooks/swissephHook.ts(177,10): error TS2695: Left side of comma operator is unused and has no side effects.
src/hooks/swissephHook.ts(181,5): error TS2552: Cannot find name 'julianDayuses'. Did you mean 'julianDay'?
src/hooks/swissephHook.ts(184,5): error TS2304: Cannot find name 'julianDay'.
src/hooks/swissephHook.ts(181,18): error TS1005: ';' expected.
src/hooks/swissephHook.ts(183,1): error TS1109: Expression expected.
src/hooks/swissephHook.ts(183,6): error TS1128: Declaration or statement expected.
src/hooks/swissephHook.ts(183,7): error TS1128: Declaration or statement expected.
src/hooks/swissephHook.ts(185,3): error TS1128: Declaration or statement expected.
src/hooks/swissephHook.ts(186,1): error TS1128: Declaration or statement expected.

    at Object.<anonymous> (/Users/lucaseduardo/HoroscopeServer/src/hooks/swissephHook.ts:1:7)
    at Module.<anonymous> (node:internal/modules/cjs/loader:1550:14)
    at Module._compile (/Users/lucaseduardo/HoroscopeServer/node_modules/source-map-support/source-map-support.js:568:25)
    at Module.m._compile (/private/var/folders/nq/4xx3q0597db6hlqnp56k96km0000gn/T/ts-node-dev-hook-9366228666732386.js:69:33)
    at node:internal/modules/cjs/loader:1702:10
    at require.extensions..jsx.require.extensions..js (/private/var/folders/nq/4xx3q0597db6hlqnp56k96km0000gn/T/ts-node-dev-hook-9366228666732386.js:114:20)
    at require.extensions.<computed> (/private/var/folders/nq/4xx3q0597db6hlqnp56k96km0000gn/T/ts-node-dev-hook-9366228666732386.js:71:20)
    at Object.nodeDevHook [as .ts] (/Users/lucaseduardo/HoroscopeServer/node_modules/ts-node-dev/lib/hook.js:63:13)
    at Module.load (node:internal/modules/cjs/loader:1307:32)
    at Function._load (node:internal/modules/cjs/loader:1121:12)
[2025-07-05 21:00:25] ERROR: uncaughtException: ⨯ Unable to compile TypeScript:
src/hooks/swissephHook.ts(36,61): error TS18046: 'error' is of type 'unknown'.
src/hooks/swissephHook.ts(181,14): error TS2353: Object literal may only specify known properties, and 'uses' does not exist in type '{ houses: number[]; ascendant: ChartPoint; midheaven: ChartPoint; }'.
src/hooks/swissephHook.ts(180,5): error TS1005: ',' expected.
src/hooks/swissephHook.ts(186,17): error TS1005: ',' expected.
src/hooks/swissephHook.ts(186,19): error TS1005: '}' expected.

Error: ⨯ Unable to compile TypeScript:
src/hooks/swissephHook.ts(36,61): error TS18046: 'error' is of type 'unknown'.
src/hooks/swissephHook.ts(181,14): error TS2353: Object literal may only specify known properties, and 'uses' does not exist in type '{ houses: number[]; ascendant: ChartPoint; midheaven: ChartPoint; }'.
src/hooks/swissephHook.ts(180,5): error TS1005: ',' expected.
src/hooks/swissephHook.ts(186,17): error TS1005: ',' expected.
src/hooks/swissephHook.ts(186,19): error TS1005: '}' expected.

    at Object.<anonymous> (/Users/lucaseduardo/HoroscopeServer/src/hooks/swissephHook.ts:1:7)
    at Module.<anonymous> (node:internal/modules/cjs/loader:1550:14)
    at Module._compile (/Users/lucaseduardo/HoroscopeServer/node_modules/source-map-support/source-map-support.js:568:25)
    at Module.m._compile (/private/var/folders/nq/4xx3q0597db6hlqnp56k96km0000gn/T/ts-node-dev-hook-9366228666732386.js:69:33)
    at node:internal/modules/cjs/loader:1702:10
    at require.extensions..jsx.require.extensions..js (/private/var/folders/nq/4xx3q0597db6hlqnp56k96km0000gn/T/ts-node-dev-hook-9366228666732386.js:114:20)
    at require.extensions.<computed> (/private/var/folders/nq/4xx3q0597db6hlqnp56k96km0000gn/T/ts-node-dev-hook-9366228666732386.js:71:20)
    at Object.nodeDevHook [as .ts] (/Users/lucaseduardo/HoroscopeServer/node_modules/ts-node-dev/lib/hook.js:63:13)
    at Module.load (node:internal/modules/cjs/loader:1307:32)
    at Function._load (node:internal/modules/cjs/loader:1121:12)
[2025-07-05 21:01:20] ERROR: uncaughtException: ⨯ Unable to compile TypeScript:
src/hooks/swissephHook.ts(36,61): error TS18046: 'error' is of type 'unknown'.
src/hooks/swissephHook.ts(181,14): error TS2353: Object literal may only specify known properties, and 'uses' does not exist in type '{ houses: number[]; ascendant: ChartPoint; midheaven: ChartPoint; }'.
src/hooks/swissephHook.ts(180,5): error TS1005: ',' expected.
src/hooks/swissephHook.ts(186,17): error TS1005: ',' expected.
src/hooks/swissephHook.ts(186,19): error TS1005: '}' expected.

Error: ⨯ Unable to compile TypeScript:
src/hooks/swissephHook.ts(36,61): error TS18046: 'error' is of type 'unknown'.
src/hooks/swissephHook.ts(181,14): error TS2353: Object literal may only specify known properties, and 'uses' does not exist in type '{ houses: number[]; ascendant: ChartPoint; midheaven: ChartPoint; }'.
src/hooks/swissephHook.ts(180,5): error TS1005: ',' expected.
src/hooks/swissephHook.ts(186,17): error TS1005: ',' expected.
src/hooks/swissephHook.ts(186,19): error TS1005: '}' expected.

    at Object.<anonymous> (/Users/lucaseduardo/HoroscopeServer/src/hooks/swissephHook.ts:1:7)
    at Module.<anonymous> (node:internal/modules/cjs/loader:1550:14)
    at Module._compile (/Users/lucaseduardo/HoroscopeServer/node_modules/source-map-support/source-map-support.js:568:25)
    at Module.m._compile (/private/var/folders/nq/4xx3q0597db6hlqnp56k96km0000gn/T/ts-node-dev-hook-9366228666732386.js:69:33)
    at node:internal/modules/cjs/loader:1702:10
    at require.extensions..jsx.require.extensions..js (/private/var/folders/nq/4xx3q0597db6hlqnp56k96km0000gn/T/ts-node-dev-hook-9366228666732386.js:114:20)
    at require.extensions.<computed> (/private/var/folders/nq/4xx3q0597db6hlqnp56k96km0000gn/T/ts-node-dev-hook-9366228666732386.js:71:20)
    at Object.nodeDevHook [as .ts] (/Users/lucaseduardo/HoroscopeServer/node_modules/ts-node-dev/lib/hook.js:63:13)
    at Module.load (node:internal/modules/cjs/loader:1307:32)
    at Function._load (node:internal/modules/cjs/loader:1121:12)
[2025-07-05 21:03:35] ERROR: uncaughtException: ⨯ Unable to compile TypeScript:
src/services/swissephService.ts(198,65): error TS18046: 'error' is of type 'unknown'.

Error: ⨯ Unable to compile TypeScript:
src/services/swissephService.ts(198,65): error TS18046: 'error' is of type 'unknown'.

    at Object.<anonymous> (/Users/lucaseduardo/HoroscopeServer/src/services/swissephService.ts:1:7)
    at Module.<anonymous> (node:internal/modules/cjs/loader:1550:14)
    at Module._compile (/Users/lucaseduardo/HoroscopeServer/node_modules/source-map-support/source-map-support.js:568:25)
    at Module.m._compile (/private/var/folders/nq/4xx3q0597db6hlqnp56k96km0000gn/T/ts-node-dev-hook-9366228666732386.js:69:33)
    at node:internal/modules/cjs/loader:1702:10
    at require.extensions..jsx.require.extensions..js (/private/var/folders/nq/4xx3q0597db6hlqnp56k96km0000gn/T/ts-node-dev-hook-9366228666732386.js:114:20)
    at require.extensions.<computed> (/private/var/folders/nq/4xx3q0597db6hlqnp56k96km0000gn/T/ts-node-dev-hook-9366228666732386.js:71:20)
    at Object.nodeDevHook [as .ts] (/Users/lucaseduardo/HoroscopeServer/node_modules/ts-node-dev/lib/hook.js:63:13)
    at Module.load (node:internal/modules/cjs/loader:1307:32)
    at Function._load (node:internal/modules/cjs/loader:1121:12)
[2025-07-05 21:03:38] ERROR: uncaughtException: ⨯ Unable to compile TypeScript:
src/services/swissephService.ts(198,65): error TS18046: 'error' is of type 'unknown'.

Error: ⨯ Unable to compile TypeScript:
src/services/swissephService.ts(198,65): error TS18046: 'error' is of type 'unknown'.

    at Object.<anonymous> (/Users/lucaseduardo/HoroscopeServer/src/services/swissephService.ts:1:7)
    at Module.<anonymous> (node:internal/modules/cjs/loader:1550:14)
    at Module._compile (/Users/lucaseduardo/HoroscopeServer/node_modules/source-map-support/source-map-support.js:568:25)
    at Module.m._compile (/private/var/folders/nq/4xx3q0597db6hlqnp56k96km0000gn/T/ts-node-dev-hook-9366228666732386.js:69:33)
    at node:internal/modules/cjs/loader:1702:10
    at require.extensions..jsx.require.extensions..js (/private/var/folders/nq/4xx3q0597db6hlqnp56k96km0000gn/T/ts-node-dev-hook-9366228666732386.js:114:20)
    at require.extensions.<computed> (/private/var/folders/nq/4xx3q0597db6hlqnp56k96km0000gn/T/ts-node-dev-hook-9366228666732386.js:71:20)
    at Object.nodeDevHook [as .ts] (/Users/lucaseduardo/HoroscopeServer/node_modules/ts-node-dev/lib/hook.js:63:13)
    at Module.load (node:internal/modules/cjs/loader:1307:32)
    at Function._load (node:internal/modules/cjs/loader:1121:12)
[2025-07-05 21:03:41] ERROR: uncaughtException: ⨯ Unable to compile TypeScript:
src/services/swissephService.ts(198,65): error TS18046: 'error' is of type 'unknown'.

Error: ⨯ Unable to compile TypeScript:
src/services/swissephService.ts(198,65): error TS18046: 'error' is of type 'unknown'.

    at Object.<anonymous> (/Users/lucaseduardo/HoroscopeServer/src/services/swissephService.ts:1:7)
    at Module.<anonymous> (node:internal/modules/cjs/loader:1550:14)
    at Module._compile (/Users/lucaseduardo/HoroscopeServer/node_modules/source-map-support/source-map-support.js:568:25)
    at Module.m._compile (/private/var/folders/nq/4xx3q0597db6hlqnp56k96km0000gn/T/ts-node-dev-hook-9366228666732386.js:69:33)
    at node:internal/modules/cjs/loader:1702:10
    at require.extensions..jsx.require.extensions..js (/private/var/folders/nq/4xx3q0597db6hlqnp56k96km0000gn/T/ts-node-dev-hook-9366228666732386.js:114:20)
    at require.extensions.<computed> (/private/var/folders/nq/4xx3q0597db6hlqnp56k96km0000gn/T/ts-node-dev-hook-9366228666732386.js:71:20)
    at Object.nodeDevHook [as .ts] (/Users/lucaseduardo/HoroscopeServer/node_modules/ts-node-dev/lib/hook.js:63:13)
    at Module.load (node:internal/modules/cjs/loader:1307:32)
    at Function._load (node:internal/modules/cjs/loader:1121:12)
[2025-07-05 21:03:44] ERROR: uncaughtException: ⨯ Unable to compile TypeScript:
src/services/swissephService.ts(198,65): error TS18046: 'error' is of type 'unknown'.

Error: ⨯ Unable to compile TypeScript:
src/services/swissephService.ts(198,65): error TS18046: 'error' is of type 'unknown'.

    at Object.<anonymous> (/Users/lucaseduardo/HoroscopeServer/src/services/swissephService.ts:1:7)
    at Module.<anonymous> (node:internal/modules/cjs/loader:1550:14)
    at Module._compile (/Users/lucaseduardo/HoroscopeServer/node_modules/source-map-support/source-map-support.js:568:25)
    at Module.m._compile (/private/var/folders/nq/4xx3q0597db6hlqnp56k96km0000gn/T/ts-node-dev-hook-9366228666732386.js:69:33)
    at node:internal/modules/cjs/loader:1702:10
    at require.extensions..jsx.require.extensions..js (/private/var/folders/nq/4xx3q0597db6hlqnp56k96km0000gn/T/ts-node-dev-hook-9366228666732386.js:114:20)
    at require.extensions.<computed> (/private/var/folders/nq/4xx3q0597db6hlqnp56k96km0000gn/T/ts-node-dev-hook-9366228666732386.js:71:20)
    at Object.nodeDevHook [as .ts] (/Users/lucaseduardo/HoroscopeServer/node_modules/ts-node-dev/lib/hook.js:63:13)
    at Module.load (node:internal/modules/cjs/loader:1307:32)
    at Function._load (node:internal/modules/cjs/loader:1121:12)
[2025-07-05 21:04:03] ERROR: uncaughtException: ⨯ Unable to compile TypeScript:
src/services/swissephService.ts(198,65): error TS18046: 'error' is of type 'unknown'.

Error: ⨯ Unable to compile TypeScript:
src/services/swissephService.ts(198,65): error TS18046: 'error' is of type 'unknown'.

    at Object.<anonymous> (/Users/lucaseduardo/HoroscopeServer/src/services/swissephService.ts:1:7)
    at Module.<anonymous> (node:internal/modules/cjs/loader:1550:14)
    at Module._compile (/Users/lucaseduardo/HoroscopeServer/node_modules/source-map-support/source-map-support.js:568:25)
    at Module.m._compile (/private/var/folders/nq/4xx3q0597db6hlqnp56k96km0000gn/T/ts-node-dev-hook-8531948136282561.js:69:33)
    at node:internal/modules/cjs/loader:1702:10
    at require.extensions..jsx.require.extensions..js (/private/var/folders/nq/4xx3q0597db6hlqnp56k96km0000gn/T/ts-node-dev-hook-8531948136282561.js:114:20)
    at require.extensions.<computed> (/private/var/folders/nq/4xx3q0597db6hlqnp56k96km0000gn/T/ts-node-dev-hook-8531948136282561.js:71:20)
    at Object.nodeDevHook [as .ts] (/Users/lucaseduardo/HoroscopeServer/node_modules/ts-node-dev/lib/hook.js:63:13)
    at Module.load (node:internal/modules/cjs/loader:1307:32)
    at Function._load (node:internal/modules/cjs/loader:1121:12)
[2025-07-05 21:07:15] ERROR: uncaughtException: ⨯ Unable to compile TypeScript:
src/services/geocodingService.ts(24,7): error TS2304: Cannot find name 'country'.
src/services/geocodingService.ts(25,7): error TS2304: Cannot find name 'country'.
src/services/geocodingService.ts(26,7): error TS2304: Cannot find name 'country'.
src/services/geocodingService.ts(29,6): error TS2304: Cannot find name 'latitude'.
src/services/geocodingService.ts(29,22): error TS2304: Cannot find name 'longitude'.
src/services/geocodingService.ts(31,5): error TS2304: Cannot find name 'longitude'.
src/services/geocodingService.ts(31,27): error TS2304: Cannot find name 'longitude'.
src/services/geocodingService.ts(27,5): error TS1128: Declaration or statement expected.
src/services/geocodingService.ts(27,6): error TS1128: Declaration or statement expected.
src/services/geocodingService.ts(27,8): error TS1109: Expression expected.
src/services/geocodingService.ts(30,3): error TS1128: Declaration or statement expected.
src/services/geocodingService.ts(30,4): error TS1128: Declaration or statement expected.
src/services/geocodingService.ts(35,1): error TS1128: Declaration or statement expected.

Error: ⨯ Unable to compile TypeScript:
src/services/geocodingService.ts(24,7): error TS2304: Cannot find name 'country'.
src/services/geocodingService.ts(25,7): error TS2304: Cannot find name 'country'.
src/services/geocodingService.ts(26,7): error TS2304: Cannot find name 'country'.
src/services/geocodingService.ts(29,6): error TS2304: Cannot find name 'latitude'.
src/services/geocodingService.ts(29,22): error TS2304: Cannot find name 'longitude'.
src/services/geocodingService.ts(31,5): error TS2304: Cannot find name 'longitude'.
src/services/geocodingService.ts(31,27): error TS2304: Cannot find name 'longitude'.
src/services/geocodingService.ts(27,5): error TS1128: Declaration or statement expected.
src/services/geocodingService.ts(27,6): error TS1128: Declaration or statement expected.
src/services/geocodingService.ts(27,8): error TS1109: Expression expected.
src/services/geocodingService.ts(30,3): error TS1128: Declaration or statement expected.
src/services/geocodingService.ts(30,4): error TS1128: Declaration or statement expected.
src/services/geocodingService.ts(35,1): error TS1128: Declaration or statement expected.

    at Object.<anonymous> (/Users/lucaseduardo/HoroscopeServer/src/services/geocodingService.ts:1:7)
    at Module.<anonymous> (node:internal/modules/cjs/loader:1550:14)
    at Module._compile (/Users/lucaseduardo/HoroscopeServer/node_modules/source-map-support/source-map-support.js:568:25)
    at Module.m._compile (/private/var/folders/nq/4xx3q0597db6hlqnp56k96km0000gn/T/ts-node-dev-hook-8531948136282561.js:69:33)
    at node:internal/modules/cjs/loader:1702:10
    at require.extensions..jsx.require.extensions..js (/private/var/folders/nq/4xx3q0597db6hlqnp56k96km0000gn/T/ts-node-dev-hook-8531948136282561.js:114:20)
    at require.extensions.<computed> (/private/var/folders/nq/4xx3q0597db6hlqnp56k96km0000gn/T/ts-node-dev-hook-8531948136282561.js:71:20)
    at Object.nodeDevHook [as .ts] (/Users/lucaseduardo/HoroscopeServer/node_modules/ts-node-dev/lib/hook.js:63:13)
    at Module.load (node:internal/modules/cjs/loader:1307:32)
    at Function._load (node:internal/modules/cjs/loader:1121:12)
[2025-07-05 21:07:23] ERROR: uncaughtException: ⨯ Unable to compile TypeScript:
src/services/geocodingService.ts(24,7): error TS2304: Cannot find name 'country'.
src/services/geocodingService.ts(25,7): error TS2304: Cannot find name 'country'.
src/services/geocodingService.ts(26,7): error TS2304: Cannot find name 'country'.
src/services/geocodingService.ts(29,6): error TS2304: Cannot find name 'latitude'.
src/services/geocodingService.ts(29,22): error TS2304: Cannot find name 'longitude'.
src/services/geocodingService.ts(31,5): error TS2304: Cannot find name 'longitude'.
src/services/geocodingService.ts(31,27): error TS2304: Cannot find name 'longitude'.
src/services/geocodingService.ts(27,5): error TS1128: Declaration or statement expected.
src/services/geocodingService.ts(27,6): error TS1128: Declaration or statement expected.
src/services/geocodingService.ts(27,8): error TS1109: Expression expected.
src/services/geocodingService.ts(30,3): error TS1128: Declaration or statement expected.
src/services/geocodingService.ts(30,4): error TS1128: Declaration or statement expected.
src/services/geocodingService.ts(35,1): error TS1128: Declaration or statement expected.

Error: ⨯ Unable to compile TypeScript:
src/services/geocodingService.ts(24,7): error TS2304: Cannot find name 'country'.
src/services/geocodingService.ts(25,7): error TS2304: Cannot find name 'country'.
src/services/geocodingService.ts(26,7): error TS2304: Cannot find name 'country'.
src/services/geocodingService.ts(29,6): error TS2304: Cannot find name 'latitude'.
src/services/geocodingService.ts(29,22): error TS2304: Cannot find name 'longitude'.
src/services/geocodingService.ts(31,5): error TS2304: Cannot find name 'longitude'.
src/services/geocodingService.ts(31,27): error TS2304: Cannot find name 'longitude'.
src/services/geocodingService.ts(27,5): error TS1128: Declaration or statement expected.
src/services/geocodingService.ts(27,6): error TS1128: Declaration or statement expected.
src/services/geocodingService.ts(27,8): error TS1109: Expression expected.
src/services/geocodingService.ts(30,3): error TS1128: Declaration or statement expected.
src/services/geocodingService.ts(30,4): error TS1128: Declaration or statement expected.
src/services/geocodingService.ts(35,1): error TS1128: Declaration or statement expected.

    at Object.<anonymous> (/Users/lucaseduardo/HoroscopeServer/src/services/geocodingService.ts:1:7)
    at Module.<anonymous> (node:internal/modules/cjs/loader:1550:14)
    at Module._compile (/Users/lucaseduardo/HoroscopeServer/node_modules/source-map-support/source-map-support.js:568:25)
    at Module.m._compile (/private/var/folders/nq/4xx3q0597db6hlqnp56k96km0000gn/T/ts-node-dev-hook-8531948136282561.js:69:33)
    at node:internal/modules/cjs/loader:1702:10
    at require.extensions..jsx.require.extensions..js (/private/var/folders/nq/4xx3q0597db6hlqnp56k96km0000gn/T/ts-node-dev-hook-8531948136282561.js:114:20)
    at require.extensions.<computed> (/private/var/folders/nq/4xx3q0597db6hlqnp56k96km0000gn/T/ts-node-dev-hook-8531948136282561.js:71:20)
    at Object.nodeDevHook [as .ts] (/Users/lucaseduardo/HoroscopeServer/node_modules/ts-node-dev/lib/hook.js:63:13)
    at Module.load (node:internal/modules/cjs/loader:1307:32)
    at Function._load (node:internal/modules/cjs/loader:1121:12)
[2025-07-05 21:07:25] ERROR: uncaughtException: ⨯ Unable to compile TypeScript:
src/services/geocodingService.ts(24,7): error TS2304: Cannot find name 'country'.
src/services/geocodingService.ts(25,7): error TS2304: Cannot find name 'country'.
src/services/geocodingService.ts(26,7): error TS2304: Cannot find name 'country'.
src/services/geocodingService.ts(29,6): error TS2304: Cannot find name 'latitude'.
src/services/geocodingService.ts(29,22): error TS2304: Cannot find name 'longitude'.
src/services/geocodingService.ts(31,5): error TS2304: Cannot find name 'longitude'.
src/services/geocodingService.ts(31,27): error TS2304: Cannot find name 'longitude'.
src/services/geocodingService.ts(27,5): error TS1128: Declaration or statement expected.
src/services/geocodingService.ts(27,6): error TS1128: Declaration or statement expected.
src/services/geocodingService.ts(27,8): error TS1109: Expression expected.
src/services/geocodingService.ts(30,3): error TS1128: Declaration or statement expected.
src/services/geocodingService.ts(30,4): error TS1128: Declaration or statement expected.
src/services/geocodingService.ts(35,1): error TS1128: Declaration or statement expected.

Error: ⨯ Unable to compile TypeScript:
src/services/geocodingService.ts(24,7): error TS2304: Cannot find name 'country'.
src/services/geocodingService.ts(25,7): error TS2304: Cannot find name 'country'.
src/services/geocodingService.ts(26,7): error TS2304: Cannot find name 'country'.
src/services/geocodingService.ts(29,6): error TS2304: Cannot find name 'latitude'.
src/services/geocodingService.ts(29,22): error TS2304: Cannot find name 'longitude'.
src/services/geocodingService.ts(31,5): error TS2304: Cannot find name 'longitude'.
src/services/geocodingService.ts(31,27): error TS2304: Cannot find name 'longitude'.
src/services/geocodingService.ts(27,5): error TS1128: Declaration or statement expected.
src/services/geocodingService.ts(27,6): error TS1128: Declaration or statement expected.
src/services/geocodingService.ts(27,8): error TS1109: Expression expected.
src/services/geocodingService.ts(30,3): error TS1128: Declaration or statement expected.
src/services/geocodingService.ts(30,4): error TS1128: Declaration or statement expected.
src/services/geocodingService.ts(35,1): error TS1128: Declaration or statement expected.

    at Object.<anonymous> (/Users/lucaseduardo/HoroscopeServer/src/services/geocodingService.ts:1:7)
    at Module.<anonymous> (node:internal/modules/cjs/loader:1550:14)
    at Module._compile (/Users/lucaseduardo/HoroscopeServer/node_modules/source-map-support/source-map-support.js:568:25)
    at Module.m._compile (/private/var/folders/nq/4xx3q0597db6hlqnp56k96km0000gn/T/ts-node-dev-hook-8531948136282561.js:69:33)
    at node:internal/modules/cjs/loader:1702:10
    at require.extensions..jsx.require.extensions..js (/private/var/folders/nq/4xx3q0597db6hlqnp56k96km0000gn/T/ts-node-dev-hook-8531948136282561.js:114:20)
    at require.extensions.<computed> (/private/var/folders/nq/4xx3q0597db6hlqnp56k96km0000gn/T/ts-node-dev-hook-8531948136282561.js:71:20)
    at Object.nodeDevHook [as .ts] (/Users/lucaseduardo/HoroscopeServer/node_modules/ts-node-dev/lib/hook.js:63:13)
    at Module.load (node:internal/modules/cjs/loader:1307:32)
    at Function._load (node:internal/modules/cjs/loader:1121:12)
[2025-07-05 21:11:39] ERROR: uncaughtException: ⨯ Unable to compile TypeScript:
src/hooks/swissephHook.ts(7,47): error TS2551: Property 'swe_get_ephe_path' does not exist on type 'typeof swisseph'. Did you mean 'swe_set_ephe_path'?

Error: ⨯ Unable to compile TypeScript:
src/hooks/swissephHook.ts(7,47): error TS2551: Property 'swe_get_ephe_path' does not exist on type 'typeof swisseph'. Did you mean 'swe_set_ephe_path'?

    at Object.<anonymous> (/Users/lucaseduardo/HoroscopeServer/src/hooks/swissephHook.ts:1:7)
    at Module.<anonymous> (node:internal/modules/cjs/loader:1550:14)
    at Module._compile (/Users/lucaseduardo/HoroscopeServer/node_modules/source-map-support/source-map-support.js:568:25)
    at Module.m._compile (/private/var/folders/nq/4xx3q0597db6hlqnp56k96km0000gn/T/ts-node-dev-hook-8531948136282561.js:69:33)
    at node:internal/modules/cjs/loader:1702:10
    at require.extensions..jsx.require.extensions..js (/private/var/folders/nq/4xx3q0597db6hlqnp56k96km0000gn/T/ts-node-dev-hook-8531948136282561.js:114:20)
    at require.extensions.<computed> (/private/var/folders/nq/4xx3q0597db6hlqnp56k96km0000gn/T/ts-node-dev-hook-8531948136282561.js:71:20)
    at Object.nodeDevHook [as .ts] (/Users/lucaseduardo/HoroscopeServer/node_modules/ts-node-dev/lib/hook.js:63:13)
    at Module.load (node:internal/modules/cjs/loader:1307:32)
    at Function._load (node:internal/modules/cjs/loader:1121:12)
[2025-07-05 21:11:46] ERROR: uncaughtException: ⨯ Unable to compile TypeScript:
src/hooks/swissephHook.ts(17,47): error TS2551: Property 'swe_get_ephe_path' does not exist on type 'typeof swisseph'. Did you mean 'swe_set_ephe_path'?
src/hooks/swissephHook.ts(168,4): error TS2355: A function whose declared type is neither 'undefined', 'void', nor 'any' must return a value.
src/hooks/swissephHook.ts(189,64): error TS2304: Cannot find name 'houseData'.
src/hooks/swissephHook.ts(190,3): error TS2304: Cannot find name 'midheaven'.
src/hooks/swissephHook.ts(190,30): error TS2304: Cannot find name 'houseData'.
src/hooks/swissephHook.ts(202,10): error TS2304: Cannot find name 'julianDay'.
src/hooks/swissephHook.ts(202,42): error TS2304: Cannot find name 'planets'.
src/hooks/swissephHook.ts(202,42): error TS2695: Left side of comma operator is unused and has no side effects.
src/hooks/swissephHook.ts(202,42): error TS2695: Left side of comma operator is unused and has no side effects.
src/hooks/swissephHook.ts(202,54): error TS2304: Cannot find name 'longitude'.
src/hooks/swissephHook.ts(190,12): error TS1005: ';' expected.
src/hooks/swissephHook.ts(202,4): error TS1128: Declaration or statement expected.
src/hooks/swissephHook.ts(202,23): error TS1128: Declaration or statement expected.
src/hooks/swissephHook.ts(202,24): error TS1128: Declaration or statement expected.
src/hooks/swissephHook.ts(202,66): error TS1109: Expression expected.
src/hooks/swissephHook.ts(202,82): error TS1005: ':' expected.
src/hooks/swissephHook.ts(202,141): error TS1005: ',' expected.

Error: ⨯ Unable to compile TypeScript:
src/hooks/swissephHook.ts(17,47): error TS2551: Property 'swe_get_ephe_path' does not exist on type 'typeof swisseph'. Did you mean 'swe_set_ephe_path'?
src/hooks/swissephHook.ts(168,4): error TS2355: A function whose declared type is neither 'undefined', 'void', nor 'any' must return a value.
src/hooks/swissephHook.ts(189,64): error TS2304: Cannot find name 'houseData'.
src/hooks/swissephHook.ts(190,3): error TS2304: Cannot find name 'midheaven'.
src/hooks/swissephHook.ts(190,30): error TS2304: Cannot find name 'houseData'.
src/hooks/swissephHook.ts(202,10): error TS2304: Cannot find name 'julianDay'.
src/hooks/swissephHook.ts(202,42): error TS2304: Cannot find name 'planets'.
src/hooks/swissephHook.ts(202,42): error TS2695: Left side of comma operator is unused and has no side effects.
src/hooks/swissephHook.ts(202,42): error TS2695: Left side of comma operator is unused and has no side effects.
src/hooks/swissephHook.ts(202,54): error TS2304: Cannot find name 'longitude'.
src/hooks/swissephHook.ts(190,12): error TS1005: ';' expected.
src/hooks/swissephHook.ts(202,4): error TS1128: Declaration or statement expected.
src/hooks/swissephHook.ts(202,23): error TS1128: Declaration or statement expected.
src/hooks/swissephHook.ts(202,24): error TS1128: Declaration or statement expected.
src/hooks/swissephHook.ts(202,66): error TS1109: Expression expected.
src/hooks/swissephHook.ts(202,82): error TS1005: ':' expected.
src/hooks/swissephHook.ts(202,141): error TS1005: ',' expected.

    at Object.<anonymous> (/Users/lucaseduardo/HoroscopeServer/src/hooks/swissephHook.ts:1:7)
    at Module.<anonymous> (node:internal/modules/cjs/loader:1550:14)
    at Module._compile (/Users/lucaseduardo/HoroscopeServer/node_modules/source-map-support/source-map-support.js:568:25)
    at Module.m._compile (/private/var/folders/nq/4xx3q0597db6hlqnp56k96km0000gn/T/ts-node-dev-hook-8531948136282561.js:69:33)
    at node:internal/modules/cjs/loader:1702:10
    at require.extensions..jsx.require.extensions..js (/private/var/folders/nq/4xx3q0597db6hlqnp56k96km0000gn/T/ts-node-dev-hook-8531948136282561.js:114:20)
    at require.extensions.<computed> (/private/var/folders/nq/4xx3q0597db6hlqnp56k96km0000gn/T/ts-node-dev-hook-8531948136282561.js:71:20)
    at Object.nodeDevHook [as .ts] (/Users/lucaseduardo/HoroscopeServer/node_modules/ts-node-dev/lib/hook.js:63:13)
    at Module.load (node:internal/modules/cjs/loader:1307:32)
    at Function._load (node:internal/modules/cjs/loader:1121:12)
[2025-07-05 21:11:51] ERROR: uncaughtException: ⨯ Unable to compile TypeScript:
src/hooks/swissephHook.ts(17,47): error TS2551: Property 'swe_get_ephe_path' does not exist on type 'typeof swisseph'. Did you mean 'swe_set_ephe_path'?
src/hooks/swissephHook.ts(168,4): error TS2355: A function whose declared type is neither 'undefined', 'void', nor 'any' must return a value.
src/hooks/swissephHook.ts(189,64): error TS2304: Cannot find name 'houseData'.
src/hooks/swissephHook.ts(190,3): error TS2304: Cannot find name 'midheaven'.
src/hooks/swissephHook.ts(190,30): error TS2304: Cannot find name 'houseData'.
src/hooks/swissephHook.ts(202,10): error TS2304: Cannot find name 'julianDay'.
src/hooks/swissephHook.ts(202,42): error TS2304: Cannot find name 'planets'.
src/hooks/swissephHook.ts(202,42): error TS2695: Left side of comma operator is unused and has no side effects.
src/hooks/swissephHook.ts(202,42): error TS2695: Left side of comma operator is unused and has no side effects.
src/hooks/swissephHook.ts(202,54): error TS2304: Cannot find name 'longitude'.
src/hooks/swissephHook.ts(190,12): error TS1005: ';' expected.
src/hooks/swissephHook.ts(202,4): error TS1128: Declaration or statement expected.
src/hooks/swissephHook.ts(202,23): error TS1128: Declaration or statement expected.
src/hooks/swissephHook.ts(202,24): error TS1128: Declaration or statement expected.
src/hooks/swissephHook.ts(202,66): error TS1109: Expression expected.
src/hooks/swissephHook.ts(202,82): error TS1005: ':' expected.
src/hooks/swissephHook.ts(202,141): error TS1005: ',' expected.

Error: ⨯ Unable to compile TypeScript:
src/hooks/swissephHook.ts(17,47): error TS2551: Property 'swe_get_ephe_path' does not exist on type 'typeof swisseph'. Did you mean 'swe_set_ephe_path'?
src/hooks/swissephHook.ts(168,4): error TS2355: A function whose declared type is neither 'undefined', 'void', nor 'any' must return a value.
src/hooks/swissephHook.ts(189,64): error TS2304: Cannot find name 'houseData'.
src/hooks/swissephHook.ts(190,3): error TS2304: Cannot find name 'midheaven'.
src/hooks/swissephHook.ts(190,30): error TS2304: Cannot find name 'houseData'.
src/hooks/swissephHook.ts(202,10): error TS2304: Cannot find name 'julianDay'.
src/hooks/swissephHook.ts(202,42): error TS2304: Cannot find name 'planets'.
src/hooks/swissephHook.ts(202,42): error TS2695: Left side of comma operator is unused and has no side effects.
src/hooks/swissephHook.ts(202,42): error TS2695: Left side of comma operator is unused and has no side effects.
src/hooks/swissephHook.ts(202,54): error TS2304: Cannot find name 'longitude'.
src/hooks/swissephHook.ts(190,12): error TS1005: ';' expected.
src/hooks/swissephHook.ts(202,4): error TS1128: Declaration or statement expected.
src/hooks/swissephHook.ts(202,23): error TS1128: Declaration or statement expected.
src/hooks/swissephHook.ts(202,24): error TS1128: Declaration or statement expected.
src/hooks/swissephHook.ts(202,66): error TS1109: Expression expected.
src/hooks/swissephHook.ts(202,82): error TS1005: ':' expected.
src/hooks/swissephHook.ts(202,141): error TS1005: ',' expected.

    at Object.<anonymous> (/Users/lucaseduardo/HoroscopeServer/src/hooks/swissephHook.ts:1:7)
    at Module.<anonymous> (node:internal/modules/cjs/loader:1550:14)
    at Module._compile (/Users/lucaseduardo/HoroscopeServer/node_modules/source-map-support/source-map-support.js:568:25)
    at Module.m._compile (/private/var/folders/nq/4xx3q0597db6hlqnp56k96km0000gn/T/ts-node-dev-hook-8531948136282561.js:69:33)
    at node:internal/modules/cjs/loader:1702:10
    at require.extensions..jsx.require.extensions..js (/private/var/folders/nq/4xx3q0597db6hlqnp56k96km0000gn/T/ts-node-dev-hook-8531948136282561.js:114:20)
    at require.extensions.<computed> (/private/var/folders/nq/4xx3q0597db6hlqnp56k96km0000gn/T/ts-node-dev-hook-8531948136282561.js:71:20)
    at Object.nodeDevHook [as .ts] (/Users/lucaseduardo/HoroscopeServer/node_modules/ts-node-dev/lib/hook.js:63:13)
    at Module.load (node:internal/modules/cjs/loader:1307:32)
    at Function._load (node:internal/modules/cjs/loader:1121:12)
[2025-07-05 21:14:08] ERROR: uncaughtException: ⨯ Unable to compile TypeScript:
src/hooks/swissephHook.ts(14,47): error TS2551: Property 'swe_get_ephe_path' does not exist on type 'typeof swisseph'. Did you mean 'swe_set_ephe_path'?
src/hooks/swissephHook.ts(165,4): error TS2355: A function whose declared type is neither 'undefined', 'void', nor 'any' must return a value.
src/hooks/swissephHook.ts(186,64): error TS2304: Cannot find name 'houseData'.
src/hooks/swissephHook.ts(187,3): error TS2304: Cannot find name 'midheaven'.
src/hooks/swissephHook.ts(187,30): error TS2304: Cannot find name 'houseData'.
src/hooks/swissephHook.ts(199,10): error TS2304: Cannot find name 'julianDay'.
src/hooks/swissephHook.ts(199,42): error TS2304: Cannot find name 'planets'.
src/hooks/swissephHook.ts(199,42): error TS2695: Left side of comma operator is unused and has no side effects.
src/hooks/swissephHook.ts(199,42): error TS2695: Left side of comma operator is unused and has no side effects.
src/hooks/swissephHook.ts(199,54): error TS2304: Cannot find name 'longitude'.
src/hooks/swissephHook.ts(187,12): error TS1005: ';' expected.
src/hooks/swissephHook.ts(199,4): error TS1128: Declaration or statement expected.
src/hooks/swissephHook.ts(199,23): error TS1128: Declaration or statement expected.
src/hooks/swissephHook.ts(199,24): error TS1128: Declaration or statement expected.
src/hooks/swissephHook.ts(199,66): error TS1109: Expression expected.
src/hooks/swissephHook.ts(199,82): error TS1005: ':' expected.
src/hooks/swissephHook.ts(199,141): error TS1005: ',' expected.

Error: ⨯ Unable to compile TypeScript:
src/hooks/swissephHook.ts(14,47): error TS2551: Property 'swe_get_ephe_path' does not exist on type 'typeof swisseph'. Did you mean 'swe_set_ephe_path'?
src/hooks/swissephHook.ts(165,4): error TS2355: A function whose declared type is neither 'undefined', 'void', nor 'any' must return a value.
src/hooks/swissephHook.ts(186,64): error TS2304: Cannot find name 'houseData'.
src/hooks/swissephHook.ts(187,3): error TS2304: Cannot find name 'midheaven'.
src/hooks/swissephHook.ts(187,30): error TS2304: Cannot find name 'houseData'.
src/hooks/swissephHook.ts(199,10): error TS2304: Cannot find name 'julianDay'.
src/hooks/swissephHook.ts(199,42): error TS2304: Cannot find name 'planets'.
src/hooks/swissephHook.ts(199,42): error TS2695: Left side of comma operator is unused and has no side effects.
src/hooks/swissephHook.ts(199,42): error TS2695: Left side of comma operator is unused and has no side effects.
src/hooks/swissephHook.ts(199,54): error TS2304: Cannot find name 'longitude'.
src/hooks/swissephHook.ts(187,12): error TS1005: ';' expected.
src/hooks/swissephHook.ts(199,4): error TS1128: Declaration or statement expected.
src/hooks/swissephHook.ts(199,23): error TS1128: Declaration or statement expected.
src/hooks/swissephHook.ts(199,24): error TS1128: Declaration or statement expected.
src/hooks/swissephHook.ts(199,66): error TS1109: Expression expected.
src/hooks/swissephHook.ts(199,82): error TS1005: ':' expected.
src/hooks/swissephHook.ts(199,141): error TS1005: ',' expected.

    at Object.<anonymous> (/Users/lucaseduardo/HoroscopeServer/src/hooks/swissephHook.ts:1:7)
    at Module.<anonymous> (node:internal/modules/cjs/loader:1550:14)
    at Module._compile (/Users/lucaseduardo/HoroscopeServer/node_modules/source-map-support/source-map-support.js:568:25)
    at Module.m._compile (/private/var/folders/nq/4xx3q0597db6hlqnp56k96km0000gn/T/ts-node-dev-hook-8531948136282561.js:69:33)
    at node:internal/modules/cjs/loader:1702:10
    at require.extensions..jsx.require.extensions..js (/private/var/folders/nq/4xx3q0597db6hlqnp56k96km0000gn/T/ts-node-dev-hook-8531948136282561.js:114:20)
    at require.extensions.<computed> (/private/var/folders/nq/4xx3q0597db6hlqnp56k96km0000gn/T/ts-node-dev-hook-8531948136282561.js:71:20)
    at Object.nodeDevHook [as .ts] (/Users/lucaseduardo/HoroscopeServer/node_modules/ts-node-dev/lib/hook.js:63:13)
    at Module.load (node:internal/modules/cjs/loader:1307:32)
    at Function._load (node:internal/modules/cjs/loader:1121:12)
[2025-07-05 21:14:10] ERROR: uncaughtException: ⨯ Unable to compile TypeScript:
src/hooks/swissephHook.ts(14,47): error TS2551: Property 'swe_get_ephe_path' does not exist on type 'typeof swisseph'. Did you mean 'swe_set_ephe_path'?
src/hooks/swissephHook.ts(165,4): error TS2355: A function whose declared type is neither 'undefined', 'void', nor 'any' must return a value.
src/hooks/swissephHook.ts(186,64): error TS2304: Cannot find name 'houseData'.
src/hooks/swissephHook.ts(187,3): error TS2304: Cannot find name 'midheaven'.
src/hooks/swissephHook.ts(187,30): error TS2304: Cannot find name 'houseData'.
src/hooks/swissephHook.ts(199,10): error TS2304: Cannot find name 'julianDay'.
src/hooks/swissephHook.ts(199,42): error TS2304: Cannot find name 'planets'.
src/hooks/swissephHook.ts(199,42): error TS2695: Left side of comma operator is unused and has no side effects.
src/hooks/swissephHook.ts(199,42): error TS2695: Left side of comma operator is unused and has no side effects.
src/hooks/swissephHook.ts(199,54): error TS2304: Cannot find name 'longitude'.
src/hooks/swissephHook.ts(187,12): error TS1005: ';' expected.
src/hooks/swissephHook.ts(199,4): error TS1128: Declaration or statement expected.
src/hooks/swissephHook.ts(199,23): error TS1128: Declaration or statement expected.
src/hooks/swissephHook.ts(199,24): error TS1128: Declaration or statement expected.
src/hooks/swissephHook.ts(199,66): error TS1109: Expression expected.
src/hooks/swissephHook.ts(199,82): error TS1005: ':' expected.
src/hooks/swissephHook.ts(199,141): error TS1005: ',' expected.

Error: ⨯ Unable to compile TypeScript:
src/hooks/swissephHook.ts(14,47): error TS2551: Property 'swe_get_ephe_path' does not exist on type 'typeof swisseph'. Did you mean 'swe_set_ephe_path'?
src/hooks/swissephHook.ts(165,4): error TS2355: A function whose declared type is neither 'undefined', 'void', nor 'any' must return a value.
src/hooks/swissephHook.ts(186,64): error TS2304: Cannot find name 'houseData'.
src/hooks/swissephHook.ts(187,3): error TS2304: Cannot find name 'midheaven'.
src/hooks/swissephHook.ts(187,30): error TS2304: Cannot find name 'houseData'.
src/hooks/swissephHook.ts(199,10): error TS2304: Cannot find name 'julianDay'.
src/hooks/swissephHook.ts(199,42): error TS2304: Cannot find name 'planets'.
src/hooks/swissephHook.ts(199,42): error TS2695: Left side of comma operator is unused and has no side effects.
src/hooks/swissephHook.ts(199,42): error TS2695: Left side of comma operator is unused and has no side effects.
src/hooks/swissephHook.ts(199,54): error TS2304: Cannot find name 'longitude'.
src/hooks/swissephHook.ts(187,12): error TS1005: ';' expected.
src/hooks/swissephHook.ts(199,4): error TS1128: Declaration or statement expected.
src/hooks/swissephHook.ts(199,23): error TS1128: Declaration or statement expected.
src/hooks/swissephHook.ts(199,24): error TS1128: Declaration or statement expected.
src/hooks/swissephHook.ts(199,66): error TS1109: Expression expected.
src/hooks/swissephHook.ts(199,82): error TS1005: ':' expected.
src/hooks/swissephHook.ts(199,141): error TS1005: ',' expected.

    at Object.<anonymous> (/Users/lucaseduardo/HoroscopeServer/src/hooks/swissephHook.ts:1:7)
    at Module.<anonymous> (node:internal/modules/cjs/loader:1550:14)
    at Module._compile (/Users/lucaseduardo/HoroscopeServer/node_modules/source-map-support/source-map-support.js:568:25)
    at Module.m._compile (/private/var/folders/nq/4xx3q0597db6hlqnp56k96km0000gn/T/ts-node-dev-hook-8531948136282561.js:69:33)
    at node:internal/modules/cjs/loader:1702:10
    at require.extensions..jsx.require.extensions..js (/private/var/folders/nq/4xx3q0597db6hlqnp56k96km0000gn/T/ts-node-dev-hook-8531948136282561.js:114:20)
    at require.extensions.<computed> (/private/var/folders/nq/4xx3q0597db6hlqnp56k96km0000gn/T/ts-node-dev-hook-8531948136282561.js:71:20)
    at Object.nodeDevHook [as .ts] (/Users/lucaseduardo/HoroscopeServer/node_modules/ts-node-dev/lib/hook.js:63:13)
    at Module.load (node:internal/modules/cjs/loader:1307:32)
    at Function._load (node:internal/modules/cjs/loader:1121:12)
[2025-07-05 21:15:18] ERROR: uncaughtException: Swiss Ephemeris file 'seas_18.se1' is missing in path '/Users/lucaseduardo/HoroscopeServer/ephe'
Error: Swiss Ephemeris file 'seas_18.se1' is missing in path '/Users/lucaseduardo/HoroscopeServer/ephe'
    at Object.<anonymous> (/Users/lucaseduardo/HoroscopeServer/src/hooks/swissephHook.ts:10:9)
    at Module.<anonymous> (node:internal/modules/cjs/loader:1550:14)
    at Module._compile (/Users/lucaseduardo/HoroscopeServer/node_modules/source-map-support/source-map-support.js:568:25)
    at Module.m._compile (/private/var/folders/nq/4xx3q0597db6hlqnp56k96km0000gn/T/ts-node-dev-hook-8531948136282561.js:69:33)
    at node:internal/modules/cjs/loader:1702:10
    at require.extensions..jsx.require.extensions..js (/private/var/folders/nq/4xx3q0597db6hlqnp56k96km0000gn/T/ts-node-dev-hook-8531948136282561.js:114:20)
    at require.extensions.<computed> (/private/var/folders/nq/4xx3q0597db6hlqnp56k96km0000gn/T/ts-node-dev-hook-8531948136282561.js:71:20)
    at Object.nodeDevHook [as .ts] (/Users/lucaseduardo/HoroscopeServer/node_modules/ts-node-dev/lib/hook.js:63:13)
    at Module.load (node:internal/modules/cjs/loader:1307:32)
    at Function._load (node:internal/modules/cjs/loader:1121:12)
[2025-07-05 21:16:44] ERROR: uncaughtException: ⨯ Unable to compile TypeScript:
src/hooks/swissephHook.ts(16,58): error TS2551: Property 'swe_get_ephe_path' does not exist on type 'typeof swisseph'. Did you mean 'swe_set_ephe_path'?

Error: ⨯ Unable to compile TypeScript:
src/hooks/swissephHook.ts(16,58): error TS2551: Property 'swe_get_ephe_path' does not exist on type 'typeof swisseph'. Did you mean 'swe_set_ephe_path'?

    at Object.<anonymous> (/Users/lucaseduardo/HoroscopeServer/src/hooks/swissephHook.ts:1:7)
    at Module.<anonymous> (node:internal/modules/cjs/loader:1550:14)
    at Module._compile (/Users/lucaseduardo/HoroscopeServer/node_modules/source-map-support/source-map-support.js:568:25)
    at Module.m._compile (/private/var/folders/nq/4xx3q0597db6hlqnp56k96km0000gn/T/ts-node-dev-hook-8531948136282561.js:69:33)
    at node:internal/modules/cjs/loader:1702:10
    at require.extensions..jsx.require.extensions..js (/private/var/folders/nq/4xx3q0597db6hlqnp56k96km0000gn/T/ts-node-dev-hook-8531948136282561.js:114:20)
    at require.extensions.<computed> (/private/var/folders/nq/4xx3q0597db6hlqnp56k96km0000gn/T/ts-node-dev-hook-8531948136282561.js:71:20)
    at Object.nodeDevHook [as .ts] (/Users/lucaseduardo/HoroscopeServer/node_modules/ts-node-dev/lib/hook.js:63:13)
    at Module.load (node:internal/modules/cjs/loader:1307:32)
    at Function._load (node:internal/modules/cjs/loader:1121:12)
[2025-07-05 21:16:48] ERROR: uncaughtException: ⨯ Unable to compile TypeScript:
src/hooks/swissephHook.ts(16,58): error TS2551: Property 'swe_get_ephe_path' does not exist on type 'typeof swisseph'. Did you mean 'swe_set_ephe_path'?

Error: ⨯ Unable to compile TypeScript:
src/hooks/swissephHook.ts(16,58): error TS2551: Property 'swe_get_ephe_path' does not exist on type 'typeof swisseph'. Did you mean 'swe_set_ephe_path'?

    at Object.<anonymous> (/Users/lucaseduardo/HoroscopeServer/src/hooks/swissephHook.ts:1:7)
    at Module.<anonymous> (node:internal/modules/cjs/loader:1550:14)
    at Module._compile (/Users/lucaseduardo/HoroscopeServer/node_modules/source-map-support/source-map-support.js:568:25)
    at Module.m._compile (/private/var/folders/nq/4xx3q0597db6hlqnp56k96km0000gn/T/ts-node-dev-hook-8531948136282561.js:69:33)
    at node:internal/modules/cjs/loader:1702:10
    at require.extensions..jsx.require.extensions..js (/private/var/folders/nq/4xx3q0597db6hlqnp56k96km0000gn/T/ts-node-dev-hook-8531948136282561.js:114:20)
    at require.extensions.<computed> (/private/var/folders/nq/4xx3q0597db6hlqnp56k96km0000gn/T/ts-node-dev-hook-8531948136282561.js:71:20)
    at Object.nodeDevHook [as .ts] (/Users/lucaseduardo/HoroscopeServer/node_modules/ts-node-dev/lib/hook.js:63:13)
    at Module.load (node:internal/modules/cjs/loader:1307:32)
    at Function._load (node:internal/modules/cjs/loader:1121:12)
[2025-07-05 21:23:12] ERROR: uncaughtException: Swiss Ephemeris file 'seas_18.se1' is missing in path '/Users/lucaseduardo/HoroscopeServer/ephe'
Error: Swiss Ephemeris file 'seas_18.se1' is missing in path '/Users/lucaseduardo/HoroscopeServer/ephe'
    at Object.<anonymous> (/Users/lucaseduardo/HoroscopeServer/src/hooks/swissephHook.ts:12:9)
    at Module.<anonymous> (node:internal/modules/cjs/loader:1550:14)
    at Module._compile (/Users/lucaseduardo/HoroscopeServer/node_modules/source-map-support/source-map-support.js:568:25)
    at Module.m._compile (/private/var/folders/nq/4xx3q0597db6hlqnp56k96km0000gn/T/ts-node-dev-hook-8531948136282561.js:69:33)
    at node:internal/modules/cjs/loader:1702:10
    at require.extensions..jsx.require.extensions..js (/private/var/folders/nq/4xx3q0597db6hlqnp56k96km0000gn/T/ts-node-dev-hook-8531948136282561.js:114:20)
    at require.extensions.<computed> (/private/var/folders/nq/4xx3q0597db6hlqnp56k96km0000gn/T/ts-node-dev-hook-8531948136282561.js:71:20)
    at Object.nodeDevHook [as .ts] (/Users/lucaseduardo/HoroscopeServer/node_modules/ts-node-dev/lib/hook.js:63:13)
    at Module.load (node:internal/modules/cjs/loader:1307:32)
    at Function._load (node:internal/modules/cjs/loader:1121:12)
[2025-07-05 21:38:05] ERROR: uncaughtException: ⨯ Unable to compile TypeScript:
src/services/userService.ts(129,23): error TS2323: Cannot redeclare exported variable 'verifyPassword'.
src/services/userService.ts(129,23): error TS2393: Duplicate function implementation.
src/services/userService.ts(132,13): error TS2304: Cannot find name 'row'.
src/services/userService.ts(133,5): error TS2304: Cannot find name 'second'.
src/services/userService.ts(133,13): error TS2304: Cannot find name 'row'.
src/services/userService.ts(134,5): error TS2304: Cannot find name 'house'.
src/services/userService.ts(134,12): error TS2304: Cannot find name 'row'.
src/services/userService.ts(138,23): error TS2323: Cannot redeclare exported variable 'verifyPassword'.
src/services/userService.ts(138,23): error TS2393: Duplicate function implementation.
src/services/userService.ts(133,11): error TS1005: ';' expected.
src/services/userService.ts(134,10): error TS1005: ';' expected.
src/services/userService.ts(135,3): error TS1128: Declaration or statement expected.
src/services/userService.ts(135,4): error TS1128: Declaration or statement expected.
src/services/userService.ts(135,5): error TS1128: Declaration or statement expected.
src/services/userService.ts(136,1): error TS1128: Declaration or statement expected.

Error: ⨯ Unable to compile TypeScript:
src/services/userService.ts(129,23): error TS2323: Cannot redeclare exported variable 'verifyPassword'.
src/services/userService.ts(129,23): error TS2393: Duplicate function implementation.
src/services/userService.ts(132,13): error TS2304: Cannot find name 'row'.
src/services/userService.ts(133,5): error TS2304: Cannot find name 'second'.
src/services/userService.ts(133,13): error TS2304: Cannot find name 'row'.
src/services/userService.ts(134,5): error TS2304: Cannot find name 'house'.
src/services/userService.ts(134,12): error TS2304: Cannot find name 'row'.
src/services/userService.ts(138,23): error TS2323: Cannot redeclare exported variable 'verifyPassword'.
src/services/userService.ts(138,23): error TS2393: Duplicate function implementation.
src/services/userService.ts(133,11): error TS1005: ';' expected.
src/services/userService.ts(134,10): error TS1005: ';' expected.
src/services/userService.ts(135,3): error TS1128: Declaration or statement expected.
src/services/userService.ts(135,4): error TS1128: Declaration or statement expected.
src/services/userService.ts(135,5): error TS1128: Declaration or statement expected.
src/services/userService.ts(136,1): error TS1128: Declaration or statement expected.

    at Object.<anonymous> (/Users/lucaseduardo/HoroscopeServer/src/services/userService.ts:1:7)
    at Module.<anonymous> (node:internal/modules/cjs/loader:1550:14)
    at Module._compile (/Users/lucaseduardo/HoroscopeServer/node_modules/source-map-support/source-map-support.js:568:25)
    at Module.m._compile (/private/var/folders/nq/4xx3q0597db6hlqnp56k96km0000gn/T/ts-node-dev-hook-8531948136282561.js:69:33)
    at node:internal/modules/cjs/loader:1702:10
    at require.extensions..jsx.require.extensions..js (/private/var/folders/nq/4xx3q0597db6hlqnp56k96km0000gn/T/ts-node-dev-hook-8531948136282561.js:114:20)
    at require.extensions.<computed> (/private/var/folders/nq/4xx3q0597db6hlqnp56k96km0000gn/T/ts-node-dev-hook-8531948136282561.js:71:20)
    at Object.nodeDevHook [as .ts] (/Users/lucaseduardo/HoroscopeServer/node_modules/ts-node-dev/lib/hook.js:63:13)
    at Module.load (node:internal/modules/cjs/loader:1307:32)
    at Function._load (node:internal/modules/cjs/loader:1121:12)
[2025-07-05 21:38:09] ERROR: uncaughtException: ⨯ Unable to compile TypeScript:
src/services/userService.ts(122,13): error TS2304: Cannot find name 'ee'.
src/services/userService.ts(122,13): error TS2554: Expected 1-2 arguments, but got 3.
src/services/userService.ts(124,1): error TS2552: Cannot find name 'row'. Did you mean 'rows'?
src/services/userService.ts(127,16): error TS2552: Cannot find name 'row'. Did you mean 'rows'?
src/services/userService.ts(128,5): error TS2304: Cannot find name 'latitude'.
src/services/userService.ts(128,15): error TS2552: Cannot find name 'row'. Did you mean 'rows'?
src/services/userService.ts(129,5): error TS2304: Cannot find name 'degree'.
src/services/userService.ts(129,13): error TS2552: Cannot find name 'row'. Did you mean 'rows'?
src/services/userService.ts(129,24): error TS2304: Cannot find name 'assword'.
src/services/userService.ts(129,32): error TS2304: Cannot find name 'inputPassword'.
src/services/userService.ts(129,47): error TS2693: 'string' only refers to a type, but is being used as a value here.
src/services/userService.ts(129,55): error TS2304: Cannot find name 'storedPassword'.
src/services/userService.ts(129,71): error TS2693: 'string' only refers to a type, but is being used as a value here.
src/services/userService.ts(130,13): error TS2552: Cannot find name 'row'. Did you mean 'rows'?
src/services/userService.ts(130,24): error TS2304: Cannot find name 'utPassword'.
src/services/userService.ts(130,36): error TS2304: Cannot find name 'storedPassword'.
src/services/userService.ts(131,13): error TS2304: Cannot find name 'row'.
src/services/userService.ts(132,5): error TS2304: Cannot find name 'house'.
src/services/userService.ts(132,12): error TS2304: Cannot find name 'row'.
src/services/userService.ts(122,13): error TS1005: ',' expected.
src/services/userService.ts(125,3): error TS1109: Expression expected.
src/services/userService.ts(126,5): error TS1005: ',' expected.
src/services/userService.ts(128,13): error TS1005: ';' expected.
src/services/userService.ts(129,11): error TS1005: ';' expected.
src/services/userService.ts(129,45): error TS1005: ',' expected.
src/services/userService.ts(129,69): error TS1005: ',' expected.
src/services/userService.ts(129,79): error TS1005: ';' expected.
src/services/userService.ts(130,50): error TS1005: ';' expected.
src/services/userService.ts(132,10): error TS1005: ';' expected.
src/services/userService.ts(133,4): error TS1128: Declaration or statement expected.
src/services/userService.ts(133,5): error TS1128: Declaration or statement expected.
src/services/userService.ts(140,1): error TS1128: Declaration or statement expected.

Error: ⨯ Unable to compile TypeScript:
src/services/userService.ts(122,13): error TS2304: Cannot find name 'ee'.
src/services/userService.ts(122,13): error TS2554: Expected 1-2 arguments, but got 3.
src/services/userService.ts(124,1): error TS2552: Cannot find name 'row'. Did you mean 'rows'?
src/services/userService.ts(127,16): error TS2552: Cannot find name 'row'. Did you mean 'rows'?
src/services/userService.ts(128,5): error TS2304: Cannot find name 'latitude'.
src/services/userService.ts(128,15): error TS2552: Cannot find name 'row'. Did you mean 'rows'?
src/services/userService.ts(129,5): error TS2304: Cannot find name 'degree'.
src/services/userService.ts(129,13): error TS2552: Cannot find name 'row'. Did you mean 'rows'?
src/services/userService.ts(129,24): error TS2304: Cannot find name 'assword'.
src/services/userService.ts(129,32): error TS2304: Cannot find name 'inputPassword'.
src/services/userService.ts(129,47): error TS2693: 'string' only refers to a type, but is being used as a value here.
src/services/userService.ts(129,55): error TS2304: Cannot find name 'storedPassword'.
src/services/userService.ts(129,71): error TS2693: 'string' only refers to a type, but is being used as a value here.
src/services/userService.ts(130,13): error TS2552: Cannot find name 'row'. Did you mean 'rows'?
src/services/userService.ts(130,24): error TS2304: Cannot find name 'utPassword'.
src/services/userService.ts(130,36): error TS2304: Cannot find name 'storedPassword'.
src/services/userService.ts(131,13): error TS2304: Cannot find name 'row'.
src/services/userService.ts(132,5): error TS2304: Cannot find name 'house'.
src/services/userService.ts(132,12): error TS2304: Cannot find name 'row'.
src/services/userService.ts(122,13): error TS1005: ',' expected.
src/services/userService.ts(125,3): error TS1109: Expression expected.
src/services/userService.ts(126,5): error TS1005: ',' expected.
src/services/userService.ts(128,13): error TS1005: ';' expected.
src/services/userService.ts(129,11): error TS1005: ';' expected.
src/services/userService.ts(129,45): error TS1005: ',' expected.
src/services/userService.ts(129,69): error TS1005: ',' expected.
src/services/userService.ts(129,79): error TS1005: ';' expected.
src/services/userService.ts(130,50): error TS1005: ';' expected.
src/services/userService.ts(132,10): error TS1005: ';' expected.
src/services/userService.ts(133,4): error TS1128: Declaration or statement expected.
src/services/userService.ts(133,5): error TS1128: Declaration or statement expected.
src/services/userService.ts(140,1): error TS1128: Declaration or statement expected.

    at Object.<anonymous> (/Users/lucaseduardo/HoroscopeServer/src/services/userService.ts:1:7)
    at Module.<anonymous> (node:internal/modules/cjs/loader:1550:14)
    at Module._compile (/Users/lucaseduardo/HoroscopeServer/node_modules/source-map-support/source-map-support.js:568:25)
    at Module.m._compile (/private/var/folders/nq/4xx3q0597db6hlqnp56k96km0000gn/T/ts-node-dev-hook-8531948136282561.js:69:33)
    at node:internal/modules/cjs/loader:1702:10
    at require.extensions..jsx.require.extensions..js (/private/var/folders/nq/4xx3q0597db6hlqnp56k96km0000gn/T/ts-node-dev-hook-8531948136282561.js:114:20)
    at require.extensions.<computed> (/private/var/folders/nq/4xx3q0597db6hlqnp56k96km0000gn/T/ts-node-dev-hook-8531948136282561.js:71:20)
    at Object.nodeDevHook [as .ts] (/Users/lucaseduardo/HoroscopeServer/node_modules/ts-node-dev/lib/hook.js:63:13)
    at Module.load (node:internal/modules/cjs/loader:1307:32)
    at Function._load (node:internal/modules/cjs/loader:1121:12)
[2025-07-05 21:38:14] ERROR: uncaughtException: ⨯ Unable to compile TypeScript:
src/services/userService.ts(122,13): error TS2304: Cannot find name 'ee'.
src/services/userService.ts(122,13): error TS2554: Expected 1-2 arguments, but got 3.
src/services/userService.ts(124,1): error TS2552: Cannot find name 'row'. Did you mean 'rows'?
src/services/userService.ts(127,16): error TS2552: Cannot find name 'row'. Did you mean 'rows'?
src/services/userService.ts(128,5): error TS2304: Cannot find name 'latitude'.
src/services/userService.ts(128,15): error TS2552: Cannot find name 'row'. Did you mean 'rows'?
src/services/userService.ts(129,5): error TS2304: Cannot find name 'degree'.
src/services/userService.ts(129,13): error TS2552: Cannot find name 'row'. Did you mean 'rows'?
src/services/userService.ts(129,24): error TS2304: Cannot find name 'assword'.
src/services/userService.ts(129,32): error TS2304: Cannot find name 'inputPassword'.
src/services/userService.ts(129,47): error TS2693: 'string' only refers to a type, but is being used as a value here.
src/services/userService.ts(129,55): error TS2304: Cannot find name 'storedPassword'.
src/services/userService.ts(129,71): error TS2693: 'string' only refers to a type, but is being used as a value here.
src/services/userService.ts(130,13): error TS2552: Cannot find name 'row'. Did you mean 'rows'?
src/services/userService.ts(130,24): error TS2304: Cannot find name 'utPassword'.
src/services/userService.ts(130,36): error TS2304: Cannot find name 'storedPassword'.
src/services/userService.ts(131,13): error TS2304: Cannot find name 'row'.
src/services/userService.ts(132,5): error TS2304: Cannot find name 'house'.
src/services/userService.ts(132,12): error TS2304: Cannot find name 'row'.
src/services/userService.ts(122,13): error TS1005: ',' expected.
src/services/userService.ts(125,3): error TS1109: Expression expected.
src/services/userService.ts(126,5): error TS1005: ',' expected.
src/services/userService.ts(128,13): error TS1005: ';' expected.
src/services/userService.ts(129,11): error TS1005: ';' expected.
src/services/userService.ts(129,45): error TS1005: ',' expected.
src/services/userService.ts(129,69): error TS1005: ',' expected.
src/services/userService.ts(129,79): error TS1005: ';' expected.
src/services/userService.ts(130,50): error TS1005: ';' expected.
src/services/userService.ts(132,10): error TS1005: ';' expected.
src/services/userService.ts(133,4): error TS1128: Declaration or statement expected.
src/services/userService.ts(133,5): error TS1128: Declaration or statement expected.
src/services/userService.ts(140,1): error TS1128: Declaration or statement expected.

Error: ⨯ Unable to compile TypeScript:
src/services/userService.ts(122,13): error TS2304: Cannot find name 'ee'.
src/services/userService.ts(122,13): error TS2554: Expected 1-2 arguments, but got 3.
src/services/userService.ts(124,1): error TS2552: Cannot find name 'row'. Did you mean 'rows'?
src/services/userService.ts(127,16): error TS2552: Cannot find name 'row'. Did you mean 'rows'?
src/services/userService.ts(128,5): error TS2304: Cannot find name 'latitude'.
src/services/userService.ts(128,15): error TS2552: Cannot find name 'row'. Did you mean 'rows'?
src/services/userService.ts(129,5): error TS2304: Cannot find name 'degree'.
src/services/userService.ts(129,13): error TS2552: Cannot find name 'row'. Did you mean 'rows'?
src/services/userService.ts(129,24): error TS2304: Cannot find name 'assword'.
src/services/userService.ts(129,32): error TS2304: Cannot find name 'inputPassword'.
src/services/userService.ts(129,47): error TS2693: 'string' only refers to a type, but is being used as a value here.
src/services/userService.ts(129,55): error TS2304: Cannot find name 'storedPassword'.
src/services/userService.ts(129,71): error TS2693: 'string' only refers to a type, but is being used as a value here.
src/services/userService.ts(130,13): error TS2552: Cannot find name 'row'. Did you mean 'rows'?
src/services/userService.ts(130,24): error TS2304: Cannot find name 'utPassword'.
src/services/userService.ts(130,36): error TS2304: Cannot find name 'storedPassword'.
src/services/userService.ts(131,13): error TS2304: Cannot find name 'row'.
src/services/userService.ts(132,5): error TS2304: Cannot find name 'house'.
src/services/userService.ts(132,12): error TS2304: Cannot find name 'row'.
src/services/userService.ts(122,13): error TS1005: ',' expected.
src/services/userService.ts(125,3): error TS1109: Expression expected.
src/services/userService.ts(126,5): error TS1005: ',' expected.
src/services/userService.ts(128,13): error TS1005: ';' expected.
src/services/userService.ts(129,11): error TS1005: ';' expected.
src/services/userService.ts(129,45): error TS1005: ',' expected.
src/services/userService.ts(129,69): error TS1005: ',' expected.
src/services/userService.ts(129,79): error TS1005: ';' expected.
src/services/userService.ts(130,50): error TS1005: ';' expected.
src/services/userService.ts(132,10): error TS1005: ';' expected.
src/services/userService.ts(133,4): error TS1128: Declaration or statement expected.
src/services/userService.ts(133,5): error TS1128: Declaration or statement expected.
src/services/userService.ts(140,1): error TS1128: Declaration or statement expected.

    at Object.<anonymous> (/Users/lucaseduardo/HoroscopeServer/src/services/userService.ts:1:7)
    at Module.<anonymous> (node:internal/modules/cjs/loader:1550:14)
    at Module._compile (/Users/lucaseduardo/HoroscopeServer/node_modules/source-map-support/source-map-support.js:568:25)
    at Module.m._compile (/private/var/folders/nq/4xx3q0597db6hlqnp56k96km0000gn/T/ts-node-dev-hook-8531948136282561.js:69:33)
    at node:internal/modules/cjs/loader:1702:10
    at require.extensions..jsx.require.extensions..js (/private/var/folders/nq/4xx3q0597db6hlqnp56k96km0000gn/T/ts-node-dev-hook-8531948136282561.js:114:20)
    at require.extensions.<computed> (/private/var/folders/nq/4xx3q0597db6hlqnp56k96km0000gn/T/ts-node-dev-hook-8531948136282561.js:71:20)
    at Object.nodeDevHook [as .ts] (/Users/lucaseduardo/HoroscopeServer/node_modules/ts-node-dev/lib/hook.js:63:13)
    at Module.load (node:internal/modules/cjs/loader:1307:32)
    at Function._load (node:internal/modules/cjs/loader:1121:12)
[2025-07-05 22:16:51] ERROR: uncaughtException: ⨯ Unable to compile TypeScript:
src/graphql/resolvers/userResolver.ts(180,9): error TS1128: Declaration or statement expected.
src/graphql/resolvers/userResolver.ts(181,7): error TS1128: Declaration or statement expected.
src/graphql/resolvers/userResolver.ts(182,5): error TS1128: Declaration or statement expected.
src/graphql/resolvers/userResolver.ts(183,3): error TS1128: Declaration or statement expected.
src/graphql/resolvers/userResolver.ts(184,1): error TS1128: Declaration or statement expected.

Error: ⨯ Unable to compile TypeScript:
src/graphql/resolvers/userResolver.ts(180,9): error TS1128: Declaration or statement expected.
src/graphql/resolvers/userResolver.ts(181,7): error TS1128: Declaration or statement expected.
src/graphql/resolvers/userResolver.ts(182,5): error TS1128: Declaration or statement expected.
src/graphql/resolvers/userResolver.ts(183,3): error TS1128: Declaration or statement expected.
src/graphql/resolvers/userResolver.ts(184,1): error TS1128: Declaration or statement expected.

    at Object.<anonymous> (/Users/lucaseduardo/HoroscopeServer/src/graphql/resolvers/userResolver.ts:1:7)
    at Module.<anonymous> (node:internal/modules/cjs/loader:1550:14)
    at Module._compile (/Users/lucaseduardo/HoroscopeServer/node_modules/source-map-support/source-map-support.js:568:25)
    at Module.m._compile (/private/var/folders/nq/4xx3q0597db6hlqnp56k96km0000gn/T/ts-node-dev-hook-4122139416085513.js:69:33)
    at node:internal/modules/cjs/loader:1702:10
    at require.extensions..jsx.require.extensions..js (/private/var/folders/nq/4xx3q0597db6hlqnp56k96km0000gn/T/ts-node-dev-hook-4122139416085513.js:114:20)
    at require.extensions.<computed> (/private/var/folders/nq/4xx3q0597db6hlqnp56k96km0000gn/T/ts-node-dev-hook-4122139416085513.js:71:20)
    at Object.nodeDevHook [as .ts] (/Users/lucaseduardo/HoroscopeServer/node_modules/ts-node-dev/lib/hook.js:63:13)
    at Module.load (node:internal/modules/cjs/loader:1307:32)
    at Function._load (node:internal/modules/cjs/loader:1121:12)
[2025-07-05 22:16:52] ERROR: uncaughtException: ⨯ Unable to compile TypeScript:
src/graphql/resolvers/userResolver.ts(180,9): error TS1128: Declaration or statement expected.
src/graphql/resolvers/userResolver.ts(181,7): error TS1128: Declaration or statement expected.
src/graphql/resolvers/userResolver.ts(182,5): error TS1128: Declaration or statement expected.
src/graphql/resolvers/userResolver.ts(183,3): error TS1128: Declaration or statement expected.
src/graphql/resolvers/userResolver.ts(184,1): error TS1128: Declaration or statement expected.

Error: ⨯ Unable to compile TypeScript:
src/graphql/resolvers/userResolver.ts(180,9): error TS1128: Declaration or statement expected.
src/graphql/resolvers/userResolver.ts(181,7): error TS1128: Declaration or statement expected.
src/graphql/resolvers/userResolver.ts(182,5): error TS1128: Declaration or statement expected.
src/graphql/resolvers/userResolver.ts(183,3): error TS1128: Declaration or statement expected.
src/graphql/resolvers/userResolver.ts(184,1): error TS1128: Declaration or statement expected.

    at Object.<anonymous> (/Users/lucaseduardo/HoroscopeServer/src/graphql/resolvers/userResolver.ts:1:7)
    at Module.<anonymous> (node:internal/modules/cjs/loader:1550:14)
    at Module._compile (/Users/lucaseduardo/HoroscopeServer/node_modules/source-map-support/source-map-support.js:568:25)
    at Module.m._compile (/private/var/folders/nq/4xx3q0597db6hlqnp56k96km0000gn/T/ts-node-dev-hook-4122139416085513.js:69:33)
    at node:internal/modules/cjs/loader:1702:10
    at require.extensions..jsx.require.extensions..js (/private/var/folders/nq/4xx3q0597db6hlqnp56k96km0000gn/T/ts-node-dev-hook-4122139416085513.js:114:20)
    at require.extensions.<computed> (/private/var/folders/nq/4xx3q0597db6hlqnp56k96km0000gn/T/ts-node-dev-hook-4122139416085513.js:71:20)
    at Object.nodeDevHook [as .ts] (/Users/lucaseduardo/HoroscopeServer/node_modules/ts-node-dev/lib/hook.js:63:13)
    at Module.load (node:internal/modules/cjs/loader:1307:32)
    at Function._load (node:internal/modules/cjs/loader:1121:12)
[2025-07-05 22:45:07] ERROR: uncaughtException: ⨯ Unable to compile TypeScript:
src/services/userService.ts(71,22): error TS2349: This expression is not callable.
  Type 'Pool' has no call signatures.
src/services/userService.ts(125,23): error TS2323: Cannot redeclare exported variable 'verifyPassword'.
src/services/userService.ts(125,23): error TS2393: Duplicate function implementation.
src/services/userService.ts(128,15): error TS2304: Cannot find name 'row'.
src/services/userService.ts(129,5): error TS2304: Cannot find name 'degree'.
src/services/userService.ts(129,13): error TS2304: Cannot find name 'row'.
src/services/userService.ts(130,5): error TS2304: Cannot find name 'minute'.
src/services/userService.ts(130,13): error TS2304: Cannot find name 'row'.
src/services/userService.ts(131,5): error TS2304: Cannot find name 'second'.
src/services/userService.ts(131,13): error TS2304: Cannot find name 'row'.
src/services/userService.ts(132,5): error TS2304: Cannot find name 'house'.
src/services/userService.ts(132,12): error TS2304: Cannot find name 'row'.
src/services/userService.ts(136,23): error TS2323: Cannot redeclare exported variable 'verifyPassword'.
src/services/userService.ts(136,23): error TS2393: Duplicate function implementation.
src/services/userService.ts(129,11): error TS1005: ';' expected.
src/services/userService.ts(130,11): error TS1005: ';' expected.
src/services/userService.ts(131,11): error TS1005: ';' expected.
src/services/userService.ts(132,10): error TS1005: ';' expected.
src/services/userService.ts(133,3): error TS1128: Declaration or statement expected.
src/services/userService.ts(133,4): error TS1128: Declaration or statement expected.
src/services/userService.ts(133,5): error TS1128: Declaration or statement expected.
src/services/userService.ts(134,1): error TS1128: Declaration or statement expected.

Error: ⨯ Unable to compile TypeScript:
src/services/userService.ts(71,22): error TS2349: This expression is not callable.
  Type 'Pool' has no call signatures.
src/services/userService.ts(125,23): error TS2323: Cannot redeclare exported variable 'verifyPassword'.
src/services/userService.ts(125,23): error TS2393: Duplicate function implementation.
src/services/userService.ts(128,15): error TS2304: Cannot find name 'row'.
src/services/userService.ts(129,5): error TS2304: Cannot find name 'degree'.
src/services/userService.ts(129,13): error TS2304: Cannot find name 'row'.
src/services/userService.ts(130,5): error TS2304: Cannot find name 'minute'.
src/services/userService.ts(130,13): error TS2304: Cannot find name 'row'.
src/services/userService.ts(131,5): error TS2304: Cannot find name 'second'.
src/services/userService.ts(131,13): error TS2304: Cannot find name 'row'.
src/services/userService.ts(132,5): error TS2304: Cannot find name 'house'.
src/services/userService.ts(132,12): error TS2304: Cannot find name 'row'.
src/services/userService.ts(136,23): error TS2323: Cannot redeclare exported variable 'verifyPassword'.
src/services/userService.ts(136,23): error TS2393: Duplicate function implementation.
src/services/userService.ts(129,11): error TS1005: ';' expected.
src/services/userService.ts(130,11): error TS1005: ';' expected.
src/services/userService.ts(131,11): error TS1005: ';' expected.
src/services/userService.ts(132,10): error TS1005: ';' expected.
src/services/userService.ts(133,3): error TS1128: Declaration or statement expected.
src/services/userService.ts(133,4): error TS1128: Declaration or statement expected.
src/services/userService.ts(133,5): error TS1128: Declaration or statement expected.
src/services/userService.ts(134,1): error TS1128: Declaration or statement expected.

    at Object.<anonymous> (/Users/lucaseduardo/HoroscopeServer/src/services/userService.ts:1:7)
    at Module.<anonymous> (node:internal/modules/cjs/loader:1550:14)
    at Module._compile (/Users/lucaseduardo/HoroscopeServer/node_modules/source-map-support/source-map-support.js:568:25)
    at Module.m._compile (/private/var/folders/nq/4xx3q0597db6hlqnp56k96km0000gn/T/ts-node-dev-hook-4122139416085513.js:69:33)
    at node:internal/modules/cjs/loader:1702:10
    at require.extensions..jsx.require.extensions..js (/private/var/folders/nq/4xx3q0597db6hlqnp56k96km0000gn/T/ts-node-dev-hook-4122139416085513.js:114:20)
    at require.extensions.<computed> (/private/var/folders/nq/4xx3q0597db6hlqnp56k96km0000gn/T/ts-node-dev-hook-4122139416085513.js:71:20)
    at Object.nodeDevHook [as .ts] (/Users/lucaseduardo/HoroscopeServer/node_modules/ts-node-dev/lib/hook.js:63:13)
    at Module.load (node:internal/modules/cjs/loader:1307:32)
    at Function._load (node:internal/modules/cjs/loader:1121:12)
[2025-07-05 22:45:11] ERROR: uncaughtException: ⨯ Unable to compile TypeScript:
src/services/userService.ts(71,22): error TS2349: This expression is not callable.
  Type 'Pool' has no call signatures.
src/services/userService.ts(120,24): error TS18004: No value exists in scope for the shorthand property 'nd'. Either declare one or provide an initializer.
src/services/userService.ts(121,24): error TS18004: No value exists in scope for the shorthand property 'ber'. Either declare one or provide an initializer.
src/services/userService.ts(125,2): error TS2304: Cannot find name 'rd'.
src/services/userService.ts(125,5): error TS2304: Cannot find name 'inputPassword'.
src/services/userService.ts(125,20): error TS2693: 'string' only refers to a type, but is being used as a value here.
src/services/userService.ts(125,28): error TS2304: Cannot find name 'storedPassword'.
src/services/userService.ts(125,44): error TS2693: 'string' only refers to a type, but is being used as a value here.
src/services/userService.ts(126,1): error TS2304: Cannot find name 'pare'.
src/services/userService.ts(126,6): error TS2304: Cannot find name 'inputPassword'.
src/services/userService.ts(126,21): error TS2304: Cannot find name 'storedPassword'.
src/services/userService.ts(130,13): error TS2304: Cannot find name 'row'.
src/services/userService.ts(131,5): error TS2304: Cannot find name 'second'.
src/services/userService.ts(131,13): error TS2304: Cannot find name 'row'.
src/services/userService.ts(132,5): error TS2304: Cannot find name 'house'.
src/services/userService.ts(132,12): error TS2304: Cannot find name 'row'.
src/services/userService.ts(122,5): error TS1005: ',' expected.
src/services/userService.ts(125,18): error TS1005: ',' expected.
src/services/userService.ts(125,42): error TS1005: ',' expected.
src/services/userService.ts(125,52): error TS1005: ';' expected.
src/services/userService.ts(131,11): error TS1005: ';' expected.
src/services/userService.ts(132,10): error TS1005: ';' expected.
src/services/userService.ts(133,4): error TS1128: Declaration or statement expected.
src/services/userService.ts(133,5): error TS1128: Declaration or statement expected.
src/services/userService.ts(134,1): error TS1128: Declaration or statement expected.

Error: ⨯ Unable to compile TypeScript:
src/services/userService.ts(71,22): error TS2349: This expression is not callable.
  Type 'Pool' has no call signatures.
src/services/userService.ts(120,24): error TS18004: No value exists in scope for the shorthand property 'nd'. Either declare one or provide an initializer.
src/services/userService.ts(121,24): error TS18004: No value exists in scope for the shorthand property 'ber'. Either declare one or provide an initializer.
src/services/userService.ts(125,2): error TS2304: Cannot find name 'rd'.
src/services/userService.ts(125,5): error TS2304: Cannot find name 'inputPassword'.
src/services/userService.ts(125,20): error TS2693: 'string' only refers to a type, but is being used as a value here.
src/services/userService.ts(125,28): error TS2304: Cannot find name 'storedPassword'.
src/services/userService.ts(125,44): error TS2693: 'string' only refers to a type, but is being used as a value here.
src/services/userService.ts(126,1): error TS2304: Cannot find name 'pare'.
src/services/userService.ts(126,6): error TS2304: Cannot find name 'inputPassword'.
src/services/userService.ts(126,21): error TS2304: Cannot find name 'storedPassword'.
src/services/userService.ts(130,13): error TS2304: Cannot find name 'row'.
src/services/userService.ts(131,5): error TS2304: Cannot find name 'second'.
src/services/userService.ts(131,13): error TS2304: Cannot find name 'row'.
src/services/userService.ts(132,5): error TS2304: Cannot find name 'house'.
src/services/userService.ts(132,12): error TS2304: Cannot find name 'row'.
src/services/userService.ts(122,5): error TS1005: ',' expected.
src/services/userService.ts(125,18): error TS1005: ',' expected.
src/services/userService.ts(125,42): error TS1005: ',' expected.
src/services/userService.ts(125,52): error TS1005: ';' expected.
src/services/userService.ts(131,11): error TS1005: ';' expected.
src/services/userService.ts(132,10): error TS1005: ';' expected.
src/services/userService.ts(133,4): error TS1128: Declaration or statement expected.
src/services/userService.ts(133,5): error TS1128: Declaration or statement expected.
src/services/userService.ts(134,1): error TS1128: Declaration or statement expected.

    at Object.<anonymous> (/Users/lucaseduardo/HoroscopeServer/src/services/userService.ts:1:7)
    at Module.<anonymous> (node:internal/modules/cjs/loader:1550:14)
    at Module._compile (/Users/lucaseduardo/HoroscopeServer/node_modules/source-map-support/source-map-support.js:568:25)
    at Module.m._compile (/private/var/folders/nq/4xx3q0597db6hlqnp56k96km0000gn/T/ts-node-dev-hook-4122139416085513.js:69:33)
    at node:internal/modules/cjs/loader:1702:10
    at require.extensions..jsx.require.extensions..js (/private/var/folders/nq/4xx3q0597db6hlqnp56k96km0000gn/T/ts-node-dev-hook-4122139416085513.js:114:20)
    at require.extensions.<computed> (/private/var/folders/nq/4xx3q0597db6hlqnp56k96km0000gn/T/ts-node-dev-hook-4122139416085513.js:71:20)
    at Object.nodeDevHook [as .ts] (/Users/lucaseduardo/HoroscopeServer/node_modules/ts-node-dev/lib/hook.js:63:13)
    at Module.load (node:internal/modules/cjs/loader:1307:32)
    at Function._load (node:internal/modules/cjs/loader:1121:12)
[2025-07-05 22:45:16] ERROR: uncaughtException: ⨯ Unable to compile TypeScript:
src/services/userService.ts(71,22): error TS2349: This expression is not callable.
  Type 'Pool' has no call signatures.
src/services/userService.ts(120,24): error TS18004: No value exists in scope for the shorthand property 'nd'. Either declare one or provide an initializer.
src/services/userService.ts(121,24): error TS18004: No value exists in scope for the shorthand property 'ber'. Either declare one or provide an initializer.
src/services/userService.ts(125,2): error TS2304: Cannot find name 'rd'.
src/services/userService.ts(125,5): error TS2304: Cannot find name 'inputPassword'.
src/services/userService.ts(125,20): error TS2693: 'string' only refers to a type, but is being used as a value here.
src/services/userService.ts(125,28): error TS2304: Cannot find name 'storedPassword'.
src/services/userService.ts(125,44): error TS2693: 'string' only refers to a type, but is being used as a value here.
src/services/userService.ts(126,1): error TS2304: Cannot find name 'pare'.
src/services/userService.ts(126,6): error TS2304: Cannot find name 'inputPassword'.
src/services/userService.ts(126,21): error TS2304: Cannot find name 'storedPassword'.
src/services/userService.ts(130,13): error TS2304: Cannot find name 'row'.
src/services/userService.ts(131,5): error TS2304: Cannot find name 'second'.
src/services/userService.ts(131,13): error TS2304: Cannot find name 'row'.
src/services/userService.ts(132,5): error TS2304: Cannot find name 'house'.
src/services/userService.ts(132,12): error TS2304: Cannot find name 'row'.
src/services/userService.ts(122,5): error TS1005: ',' expected.
src/services/userService.ts(125,18): error TS1005: ',' expected.
src/services/userService.ts(125,42): error TS1005: ',' expected.
src/services/userService.ts(125,52): error TS1005: ';' expected.
src/services/userService.ts(131,11): error TS1005: ';' expected.
src/services/userService.ts(132,10): error TS1005: ';' expected.
src/services/userService.ts(133,4): error TS1128: Declaration or statement expected.
src/services/userService.ts(133,5): error TS1128: Declaration or statement expected.
src/services/userService.ts(134,1): error TS1128: Declaration or statement expected.

Error: ⨯ Unable to compile TypeScript:
src/services/userService.ts(71,22): error TS2349: This expression is not callable.
  Type 'Pool' has no call signatures.
src/services/userService.ts(120,24): error TS18004: No value exists in scope for the shorthand property 'nd'. Either declare one or provide an initializer.
src/services/userService.ts(121,24): error TS18004: No value exists in scope for the shorthand property 'ber'. Either declare one or provide an initializer.
src/services/userService.ts(125,2): error TS2304: Cannot find name 'rd'.
src/services/userService.ts(125,5): error TS2304: Cannot find name 'inputPassword'.
src/services/userService.ts(125,20): error TS2693: 'string' only refers to a type, but is being used as a value here.
src/services/userService.ts(125,28): error TS2304: Cannot find name 'storedPassword'.
src/services/userService.ts(125,44): error TS2693: 'string' only refers to a type, but is being used as a value here.
src/services/userService.ts(126,1): error TS2304: Cannot find name 'pare'.
src/services/userService.ts(126,6): error TS2304: Cannot find name 'inputPassword'.
src/services/userService.ts(126,21): error TS2304: Cannot find name 'storedPassword'.
src/services/userService.ts(130,13): error TS2304: Cannot find name 'row'.
src/services/userService.ts(131,5): error TS2304: Cannot find name 'second'.
src/services/userService.ts(131,13): error TS2304: Cannot find name 'row'.
src/services/userService.ts(132,5): error TS2304: Cannot find name 'house'.
src/services/userService.ts(132,12): error TS2304: Cannot find name 'row'.
src/services/userService.ts(122,5): error TS1005: ',' expected.
src/services/userService.ts(125,18): error TS1005: ',' expected.
src/services/userService.ts(125,42): error TS1005: ',' expected.
src/services/userService.ts(125,52): error TS1005: ';' expected.
src/services/userService.ts(131,11): error TS1005: ';' expected.
src/services/userService.ts(132,10): error TS1005: ';' expected.
src/services/userService.ts(133,4): error TS1128: Declaration or statement expected.
src/services/userService.ts(133,5): error TS1128: Declaration or statement expected.
src/services/userService.ts(134,1): error TS1128: Declaration or statement expected.

    at Object.<anonymous> (/Users/lucaseduardo/HoroscopeServer/src/services/userService.ts:1:7)
    at Module.<anonymous> (node:internal/modules/cjs/loader:1550:14)
    at Module._compile (/Users/lucaseduardo/HoroscopeServer/node_modules/source-map-support/source-map-support.js:568:25)
    at Module.m._compile (/private/var/folders/nq/4xx3q0597db6hlqnp56k96km0000gn/T/ts-node-dev-hook-4122139416085513.js:69:33)
    at node:internal/modules/cjs/loader:1702:10
    at require.extensions..jsx.require.extensions..js (/private/var/folders/nq/4xx3q0597db6hlqnp56k96km0000gn/T/ts-node-dev-hook-4122139416085513.js:114:20)
    at require.extensions.<computed> (/private/var/folders/nq/4xx3q0597db6hlqnp56k96km0000gn/T/ts-node-dev-hook-4122139416085513.js:71:20)
    at Object.nodeDevHook [as .ts] (/Users/lucaseduardo/HoroscopeServer/node_modules/ts-node-dev/lib/hook.js:63:13)
    at Module.load (node:internal/modules/cjs/loader:1307:32)
    at Function._load (node:internal/modules/cjs/loader:1121:12)
[2025-07-05 22:46:16] ERROR: uncaughtException: ⨯ Unable to compile TypeScript:
src/services/userService.ts(71,22): error TS2349: This expression is not callable.
  Type 'Pool' has no call signatures.

Error: ⨯ Unable to compile TypeScript:
src/services/userService.ts(71,22): error TS2349: This expression is not callable.
  Type 'Pool' has no call signatures.

    at Object.<anonymous> (/Users/lucaseduardo/HoroscopeServer/src/services/userService.ts:1:7)
    at Module.<anonymous> (node:internal/modules/cjs/loader:1550:14)
    at Module._compile (/Users/lucaseduardo/HoroscopeServer/node_modules/source-map-support/source-map-support.js:568:25)
    at Module.m._compile (/private/var/folders/nq/4xx3q0597db6hlqnp56k96km0000gn/T/ts-node-dev-hook-4122139416085513.js:69:33)
    at node:internal/modules/cjs/loader:1702:10
    at require.extensions..jsx.require.extensions..js (/private/var/folders/nq/4xx3q0597db6hlqnp56k96km0000gn/T/ts-node-dev-hook-4122139416085513.js:114:20)
    at require.extensions.<computed> (/private/var/folders/nq/4xx3q0597db6hlqnp56k96km0000gn/T/ts-node-dev-hook-4122139416085513.js:71:20)
    at Object.nodeDevHook [as .ts] (/Users/lucaseduardo/HoroscopeServer/node_modules/ts-node-dev/lib/hook.js:63:13)
    at Module.load (node:internal/modules/cjs/loader:1307:32)
    at Function._load (node:internal/modules/cjs/loader:1121:12)
[2025-07-05 23:05:56] ERROR: The first argument must be of type string or an instance of Buffer, ArrayBuffer, or Array or an Array-like Object. Received undefined
[2025-07-05 23:06:33] ERROR: The first argument must be of type string or an instance of Buffer, ArrayBuffer, or Array or an Array-like Object. Received undefined
[2025-07-05 23:06:45] ERROR: The first argument must be of type string or an instance of Buffer, ArrayBuffer, or Array or an Array-like Object. Received undefined
[2025-07-05 23:07:52] ERROR: The first argument must be of type string or an instance of Buffer, ArrayBuffer, or Array or an Array-like Object. Received undefined
[2025-07-05 23:07:52] ERROR: Failed to open the referenced table 'users'
[2025-07-05 23:08:26] ERROR: The first argument must be of type string or an instance of Buffer, ArrayBuffer, or Array or an Array-like Object. Received undefined
[2025-07-05 23:08:26] ERROR: Failed to open the referenced table 'users'
[2025-07-05 23:09:03] ERROR: The first argument must be of type string or an instance of Buffer, ArrayBuffer, or Array or an Array-like Object. Received undefined
[2025-07-05 23:12:04] ERROR: The first argument must be of type string or an instance of Buffer, ArrayBuffer, or Array or an Array-like Object. Received undefined
[2025-07-05 23:12:08] ERROR: The first argument must be of type string or an instance of Buffer, ArrayBuffer, or Array or an Array-like Object. Received undefined
[2025-07-05 23:12:17] ERROR: The first argument must be of type string or an instance of Buffer, ArrayBuffer, or Array or an Array-like Object. Received undefined
[2025-07-05 23:12:23] ERROR: The first argument must be of type string or an instance of Buffer, ArrayBuffer, or Array or an Array-like Object. Received undefined
[2025-07-05 23:12:23] ERROR: Failed to open the referenced table 'users'
[2025-07-05 23:12:26] ERROR: The first argument must be of type string or an instance of Buffer, ArrayBuffer, or Array or an Array-like Object. Received undefined
[2025-07-05 23:17:03] ERROR: uncaughtException: ⨯ Unable to compile TypeScript:
src/services/userService.ts(37,72): error TS2345: Argument of type 'string' is not assignable to parameter of type 'number'.
src/services/userService.ts(40,23): error TS2488: Type '{ longitude: number; planets: Record<string, ChartPoint>; houses: { houses: number[]; ascendant: ChartPoint; midheaven: ChartPoint; }; julianDay: number; }' must have a '[Symbol.iterator]()' method that returns an iterator.

Error: ⨯ Unable to compile TypeScript:
src/services/userService.ts(37,72): error TS2345: Argument of type 'string' is not assignable to parameter of type 'number'.
src/services/userService.ts(40,23): error TS2488: Type '{ longitude: number; planets: Record<string, ChartPoint>; houses: { houses: number[]; ascendant: ChartPoint; midheaven: ChartPoint; }; julianDay: number; }' must have a '[Symbol.iterator]()' method that returns an iterator.

    at Object.<anonymous> (/Users/lucaseduardo/HoroscopeServer/src/services/userService.ts:1:7)
    at Module.<anonymous> (node:internal/modules/cjs/loader:1550:14)
    at Module._compile (/Users/lucaseduardo/HoroscopeServer/node_modules/source-map-support/source-map-support.js:568:25)
    at Module.m._compile (/private/var/folders/nq/4xx3q0597db6hlqnp56k96km0000gn/T/ts-node-dev-hook-9226809276800376.js:69:33)
    at node:internal/modules/cjs/loader:1702:10
    at require.extensions..jsx.require.extensions..js (/private/var/folders/nq/4xx3q0597db6hlqnp56k96km0000gn/T/ts-node-dev-hook-9226809276800376.js:114:20)
    at require.extensions.<computed> (/private/var/folders/nq/4xx3q0597db6hlqnp56k96km0000gn/T/ts-node-dev-hook-9226809276800376.js:71:20)
    at Object.nodeDevHook [as .ts] (/Users/lucaseduardo/HoroscopeServer/node_modules/ts-node-dev/lib/hook.js:63:13)
    at Module.load (node:internal/modules/cjs/loader:1307:32)
    at Function._load (node:internal/modules/cjs/loader:1121:12)
[2025-07-05 23:17:21] ERROR: uncaughtException: ⨯ Unable to compile TypeScript:
src/services/userService.ts(51,20): error TS2339: Property 'latitude' does not exist on type 'ChartPoint'.
src/services/userService.ts(53,20): error TS2339: Property 'house' does not exist on type 'ChartPoint'.
src/services/userService.ts(57,20): error TS2339: Property 'planet_type' does not exist on type 'ChartPoint'.

Error: ⨯ Unable to compile TypeScript:
src/services/userService.ts(51,20): error TS2339: Property 'latitude' does not exist on type 'ChartPoint'.
src/services/userService.ts(53,20): error TS2339: Property 'house' does not exist on type 'ChartPoint'.
src/services/userService.ts(57,20): error TS2339: Property 'planet_type' does not exist on type 'ChartPoint'.

    at Object.<anonymous> (/Users/lucaseduardo/HoroscopeServer/src/services/userService.ts:1:7)
    at Module.<anonymous> (node:internal/modules/cjs/loader:1550:14)
    at Module._compile (/Users/lucaseduardo/HoroscopeServer/node_modules/source-map-support/source-map-support.js:568:25)
    at Module.m._compile (/private/var/folders/nq/4xx3q0597db6hlqnp56k96km0000gn/T/ts-node-dev-hook-9226809276800376.js:69:33)
    at node:internal/modules/cjs/loader:1702:10
    at require.extensions..jsx.require.extensions..js (/private/var/folders/nq/4xx3q0597db6hlqnp56k96km0000gn/T/ts-node-dev-hook-9226809276800376.js:114:20)
    at require.extensions.<computed> (/private/var/folders/nq/4xx3q0597db6hlqnp56k96km0000gn/T/ts-node-dev-hook-9226809276800376.js:71:20)
    at Object.nodeDevHook [as .ts] (/Users/lucaseduardo/HoroscopeServer/node_modules/ts-node-dev/lib/hook.js:63:13)
    at Module.load (node:internal/modules/cjs/loader:1307:32)
    at Function._load (node:internal/modules/cjs/loader:1121:12)
[2025-07-05 23:17:40] ERROR: uncaughtException: ⨯ Unable to compile TypeScript:
src/services/userService.ts(51,20): error TS2339: Property 'latitude' does not exist on type 'ChartPoint'.
src/services/userService.ts(53,20): error TS2339: Property 'house' does not exist on type 'ChartPoint'.
src/services/userService.ts(57,20): error TS2339: Property 'planet_type' does not exist on type 'ChartPoint'.

Error: ⨯ Unable to compile TypeScript:
src/services/userService.ts(51,20): error TS2339: Property 'latitude' does not exist on type 'ChartPoint'.
src/services/userService.ts(53,20): error TS2339: Property 'house' does not exist on type 'ChartPoint'.
src/services/userService.ts(57,20): error TS2339: Property 'planet_type' does not exist on type 'ChartPoint'.

    at Object.<anonymous> (/Users/lucaseduardo/HoroscopeServer/src/services/userService.ts:1:7)
    at Module.<anonymous> (node:internal/modules/cjs/loader:1550:14)
    at Module._compile (/Users/lucaseduardo/HoroscopeServer/node_modules/source-map-support/source-map-support.js:568:25)
    at Module.m._compile (/private/var/folders/nq/4xx3q0597db6hlqnp56k96km0000gn/T/ts-node-dev-hook-9226809276800376.js:69:33)
    at node:internal/modules/cjs/loader:1702:10
    at require.extensions..jsx.require.extensions..js (/private/var/folders/nq/4xx3q0597db6hlqnp56k96km0000gn/T/ts-node-dev-hook-9226809276800376.js:114:20)
    at require.extensions.<computed> (/private/var/folders/nq/4xx3q0597db6hlqnp56k96km0000gn/T/ts-node-dev-hook-9226809276800376.js:71:20)
    at Object.nodeDevHook [as .ts] (/Users/lucaseduardo/HoroscopeServer/node_modules/ts-node-dev/lib/hook.js:63:13)
    at Module.load (node:internal/modules/cjs/loader:1307:32)
    at Function._load (node:internal/modules/cjs/loader:1121:12)
[2025-07-05 23:17:57] ERROR: uncaughtException: ⨯ Unable to compile TypeScript:
src/services/swissephService.ts(85,44): error TS2339: Property 'latitude' does not exist on type 'UserBirthData'.
src/services/swissephService.ts(85,54): error TS2339: Property 'longitude' does not exist on type 'UserBirthData'.
src/services/swissephService.ts(180,26): error TS2339: Property 'latitude' does not exist on type 'UserBirthData'.
src/services/swissephService.ts(181,27): error TS2339: Property 'longitude' does not exist on type 'UserBirthData'.
src/services/swissephService.ts(247,26): error TS2339: Property 'latitude' does not exist on type 'UserBirthData'.
src/services/swissephService.ts(248,27): error TS2339: Property 'longitude' does not exist on type 'UserBirthData'.

Error: ⨯ Unable to compile TypeScript:
src/services/swissephService.ts(85,44): error TS2339: Property 'latitude' does not exist on type 'UserBirthData'.
src/services/swissephService.ts(85,54): error TS2339: Property 'longitude' does not exist on type 'UserBirthData'.
src/services/swissephService.ts(180,26): error TS2339: Property 'latitude' does not exist on type 'UserBirthData'.
src/services/swissephService.ts(181,27): error TS2339: Property 'longitude' does not exist on type 'UserBirthData'.
src/services/swissephService.ts(247,26): error TS2339: Property 'latitude' does not exist on type 'UserBirthData'.
src/services/swissephService.ts(248,27): error TS2339: Property 'longitude' does not exist on type 'UserBirthData'.

    at Object.<anonymous> (/Users/lucaseduardo/HoroscopeServer/src/services/swissephService.ts:1:7)
    at Module.<anonymous> (node:internal/modules/cjs/loader:1550:14)
    at Module._compile (/Users/lucaseduardo/HoroscopeServer/node_modules/source-map-support/source-map-support.js:568:25)
    at Module.m._compile (/private/var/folders/nq/4xx3q0597db6hlqnp56k96km0000gn/T/ts-node-dev-hook-8473068089140798.js:69:33)
    at node:internal/modules/cjs/loader:1702:10
    at require.extensions..jsx.require.extensions..js (/private/var/folders/nq/4xx3q0597db6hlqnp56k96km0000gn/T/ts-node-dev-hook-8473068089140798.js:114:20)
    at require.extensions.<computed> (/private/var/folders/nq/4xx3q0597db6hlqnp56k96km0000gn/T/ts-node-dev-hook-8473068089140798.js:71:20)
    at Object.nodeDevHook [as .ts] (/Users/lucaseduardo/HoroscopeServer/node_modules/ts-node-dev/lib/hook.js:63:13)
    at Module.load (node:internal/modules/cjs/loader:1307:32)
    at Function._load (node:internal/modules/cjs/loader:1121:12)
[2025-07-05 23:18:14] ERROR: uncaughtException: ⨯ Unable to compile TypeScript:
src/services/swissephService.ts(85,44): error TS2339: Property 'latitude' does not exist on type 'UserBirthData'.
src/services/swissephService.ts(85,54): error TS2339: Property 'longitude' does not exist on type 'UserBirthData'.
src/services/swissephService.ts(180,26): error TS2339: Property 'latitude' does not exist on type 'UserBirthData'.
src/services/swissephService.ts(181,27): error TS2339: Property 'longitude' does not exist on type 'UserBirthData'.
src/services/swissephService.ts(247,26): error TS2339: Property 'latitude' does not exist on type 'UserBirthData'.
src/services/swissephService.ts(248,27): error TS2339: Property 'longitude' does not exist on type 'UserBirthData'.

Error: ⨯ Unable to compile TypeScript:
src/services/swissephService.ts(85,44): error TS2339: Property 'latitude' does not exist on type 'UserBirthData'.
src/services/swissephService.ts(85,54): error TS2339: Property 'longitude' does not exist on type 'UserBirthData'.
src/services/swissephService.ts(180,26): error TS2339: Property 'latitude' does not exist on type 'UserBirthData'.
src/services/swissephService.ts(181,27): error TS2339: Property 'longitude' does not exist on type 'UserBirthData'.
src/services/swissephService.ts(247,26): error TS2339: Property 'latitude' does not exist on type 'UserBirthData'.
src/services/swissephService.ts(248,27): error TS2339: Property 'longitude' does not exist on type 'UserBirthData'.

    at Object.<anonymous> (/Users/lucaseduardo/HoroscopeServer/src/services/swissephService.ts:1:7)
    at Module.<anonymous> (node:internal/modules/cjs/loader:1550:14)
    at Module._compile (/Users/lucaseduardo/HoroscopeServer/node_modules/source-map-support/source-map-support.js:568:25)
    at Module.m._compile (/private/var/folders/nq/4xx3q0597db6hlqnp56k96km0000gn/T/ts-node-dev-hook-8473068089140798.js:69:33)
    at node:internal/modules/cjs/loader:1702:10
    at require.extensions..jsx.require.extensions..js (/private/var/folders/nq/4xx3q0597db6hlqnp56k96km0000gn/T/ts-node-dev-hook-8473068089140798.js:114:20)
    at require.extensions.<computed> (/private/var/folders/nq/4xx3q0597db6hlqnp56k96km0000gn/T/ts-node-dev-hook-8473068089140798.js:71:20)
    at Object.nodeDevHook [as .ts] (/Users/lucaseduardo/HoroscopeServer/node_modules/ts-node-dev/lib/hook.js:63:13)
    at Module.load (node:internal/modules/cjs/loader:1307:32)
    at Function._load (node:internal/modules/cjs/loader:1121:12)
[2025-07-05 23:18:35] ERROR: uncaughtException: ⨯ Unable to compile TypeScript:
src/services/swissephService.ts(88,43): error TS2552: Cannot find name 'geocodeLocation'. Did you mean 'Geolocation'?
src/services/swissephService.ts(183,26): error TS2339: Property 'latitude' does not exist on type 'UserBirthData'.
src/services/swissephService.ts(184,27): error TS2339: Property 'longitude' does not exist on type 'UserBirthData'.
src/services/swissephService.ts(250,26): error TS2339: Property 'latitude' does not exist on type 'UserBirthData'.
src/services/swissephService.ts(251,27): error TS2339: Property 'longitude' does not exist on type 'UserBirthData'.

Error: ⨯ Unable to compile TypeScript:
src/services/swissephService.ts(88,43): error TS2552: Cannot find name 'geocodeLocation'. Did you mean 'Geolocation'?
src/services/swissephService.ts(183,26): error TS2339: Property 'latitude' does not exist on type 'UserBirthData'.
src/services/swissephService.ts(184,27): error TS2339: Property 'longitude' does not exist on type 'UserBirthData'.
src/services/swissephService.ts(250,26): error TS2339: Property 'latitude' does not exist on type 'UserBirthData'.
src/services/swissephService.ts(251,27): error TS2339: Property 'longitude' does not exist on type 'UserBirthData'.

    at Object.<anonymous> (/Users/lucaseduardo/HoroscopeServer/src/services/swissephService.ts:1:7)
    at Module.<anonymous> (node:internal/modules/cjs/loader:1550:14)
    at Module._compile (/Users/lucaseduardo/HoroscopeServer/node_modules/source-map-support/source-map-support.js:568:25)
    at Module.m._compile (/private/var/folders/nq/4xx3q0597db6hlqnp56k96km0000gn/T/ts-node-dev-hook-8473068089140798.js:69:33)
    at node:internal/modules/cjs/loader:1702:10
    at require.extensions..jsx.require.extensions..js (/private/var/folders/nq/4xx3q0597db6hlqnp56k96km0000gn/T/ts-node-dev-hook-8473068089140798.js:114:20)
    at require.extensions.<computed> (/private/var/folders/nq/4xx3q0597db6hlqnp56k96km0000gn/T/ts-node-dev-hook-8473068089140798.js:71:20)
    at Object.nodeDevHook [as .ts] (/Users/lucaseduardo/HoroscopeServer/node_modules/ts-node-dev/lib/hook.js:63:13)
    at Module.load (node:internal/modules/cjs/loader:1307:32)
    at Function._load (node:internal/modules/cjs/loader:1121:12)
[2025-07-05 23:18:53] ERROR: uncaughtException: ⨯ Unable to compile TypeScript:
src/services/swissephService.ts(185,26): error TS2339: Property 'latitude' does not exist on type 'UserBirthData'.
src/services/swissephService.ts(186,27): error TS2339: Property 'longitude' does not exist on type 'UserBirthData'.
src/services/swissephService.ts(252,26): error TS2339: Property 'latitude' does not exist on type 'UserBirthData'.
src/services/swissephService.ts(253,27): error TS2339: Property 'longitude' does not exist on type 'UserBirthData'.

Error: ⨯ Unable to compile TypeScript:
src/services/swissephService.ts(185,26): error TS2339: Property 'latitude' does not exist on type 'UserBirthData'.
src/services/swissephService.ts(186,27): error TS2339: Property 'longitude' does not exist on type 'UserBirthData'.
src/services/swissephService.ts(252,26): error TS2339: Property 'latitude' does not exist on type 'UserBirthData'.
src/services/swissephService.ts(253,27): error TS2339: Property 'longitude' does not exist on type 'UserBirthData'.

    at Object.<anonymous> (/Users/lucaseduardo/HoroscopeServer/src/services/swissephService.ts:1:7)
    at Module.<anonymous> (node:internal/modules/cjs/loader:1550:14)
    at Module._compile (/Users/lucaseduardo/HoroscopeServer/node_modules/source-map-support/source-map-support.js:568:25)
    at Module.m._compile (/private/var/folders/nq/4xx3q0597db6hlqnp56k96km0000gn/T/ts-node-dev-hook-8473068089140798.js:69:33)
    at node:internal/modules/cjs/loader:1702:10
    at require.extensions..jsx.require.extensions..js (/private/var/folders/nq/4xx3q0597db6hlqnp56k96km0000gn/T/ts-node-dev-hook-8473068089140798.js:114:20)
    at require.extensions.<computed> (/private/var/folders/nq/4xx3q0597db6hlqnp56k96km0000gn/T/ts-node-dev-hook-8473068089140798.js:71:20)
    at Object.nodeDevHook [as .ts] (/Users/lucaseduardo/HoroscopeServer/node_modules/ts-node-dev/lib/hook.js:63:13)
    at Module.load (node:internal/modules/cjs/loader:1307:32)
    at Function._load (node:internal/modules/cjs/loader:1121:12)
[2025-07-05 23:19:11] ERROR: uncaughtException: ⨯ Unable to compile TypeScript:
src/services/swissephService.ts(169,22): error TS2339: Property 'latitude' does not exist on type 'UserChartData'.
src/services/swissephService.ts(186,26): error TS2339: Property 'latitude' does not exist on type 'UserBirthData'.
src/services/swissephService.ts(187,27): error TS2339: Property 'longitude' does not exist on type 'UserBirthData'.
src/services/swissephService.ts(253,26): error TS2339: Property 'latitude' does not exist on type 'UserBirthData'.
src/services/swissephService.ts(254,27): error TS2339: Property 'longitude' does not exist on type 'UserBirthData'.

Error: ⨯ Unable to compile TypeScript:
src/services/swissephService.ts(169,22): error TS2339: Property 'latitude' does not exist on type 'UserChartData'.
src/services/swissephService.ts(186,26): error TS2339: Property 'latitude' does not exist on type 'UserBirthData'.
src/services/swissephService.ts(187,27): error TS2339: Property 'longitude' does not exist on type 'UserBirthData'.
src/services/swissephService.ts(253,26): error TS2339: Property 'latitude' does not exist on type 'UserBirthData'.
src/services/swissephService.ts(254,27): error TS2339: Property 'longitude' does not exist on type 'UserBirthData'.

    at Object.<anonymous> (/Users/lucaseduardo/HoroscopeServer/src/services/swissephService.ts:1:7)
    at Module.<anonymous> (node:internal/modules/cjs/loader:1550:14)
    at Module._compile (/Users/lucaseduardo/HoroscopeServer/node_modules/source-map-support/source-map-support.js:568:25)
    at Module.m._compile (/private/var/folders/nq/4xx3q0597db6hlqnp56k96km0000gn/T/ts-node-dev-hook-8473068089140798.js:69:33)
    at node:internal/modules/cjs/loader:1702:10
    at require.extensions..jsx.require.extensions..js (/private/var/folders/nq/4xx3q0597db6hlqnp56k96km0000gn/T/ts-node-dev-hook-8473068089140798.js:114:20)
    at require.extensions.<computed> (/private/var/folders/nq/4xx3q0597db6hlqnp56k96km0000gn/T/ts-node-dev-hook-8473068089140798.js:71:20)
    at Object.nodeDevHook [as .ts] (/Users/lucaseduardo/HoroscopeServer/node_modules/ts-node-dev/lib/hook.js:63:13)
    at Module.load (node:internal/modules/cjs/loader:1307:32)
    at Function._load (node:internal/modules/cjs/loader:1121:12)
[2025-07-05 23:19:25] ERROR: uncaughtException: ⨯ Unable to compile TypeScript:
src/services/swissephService.ts(169,22): error TS2339: Property 'latitude' does not exist on type 'UserChartData'.
src/services/swissephService.ts(186,26): error TS2339: Property 'latitude' does not exist on type 'UserBirthData'.
src/services/swissephService.ts(187,27): error TS2339: Property 'longitude' does not exist on type 'UserBirthData'.
src/services/swissephService.ts(253,26): error TS2339: Property 'latitude' does not exist on type 'UserBirthData'.
src/services/swissephService.ts(254,27): error TS2339: Property 'longitude' does not exist on type 'UserBirthData'.

Error: ⨯ Unable to compile TypeScript:
src/services/swissephService.ts(169,22): error TS2339: Property 'latitude' does not exist on type 'UserChartData'.
src/services/swissephService.ts(186,26): error TS2339: Property 'latitude' does not exist on type 'UserBirthData'.
src/services/swissephService.ts(187,27): error TS2339: Property 'longitude' does not exist on type 'UserBirthData'.
src/services/swissephService.ts(253,26): error TS2339: Property 'latitude' does not exist on type 'UserBirthData'.
src/services/swissephService.ts(254,27): error TS2339: Property 'longitude' does not exist on type 'UserBirthData'.

    at Object.<anonymous> (/Users/lucaseduardo/HoroscopeServer/src/services/swissephService.ts:1:7)
    at Module.<anonymous> (node:internal/modules/cjs/loader:1550:14)
    at Module._compile (/Users/lucaseduardo/HoroscopeServer/node_modules/source-map-support/source-map-support.js:568:25)
    at Module.m._compile (/private/var/folders/nq/4xx3q0597db6hlqnp56k96km0000gn/T/ts-node-dev-hook-8473068089140798.js:69:33)
    at node:internal/modules/cjs/loader:1702:10
    at require.extensions..jsx.require.extensions..js (/private/var/folders/nq/4xx3q0597db6hlqnp56k96km0000gn/T/ts-node-dev-hook-8473068089140798.js:114:20)
    at require.extensions.<computed> (/private/var/folders/nq/4xx3q0597db6hlqnp56k96km0000gn/T/ts-node-dev-hook-8473068089140798.js:71:20)
    at Object.nodeDevHook [as .ts] (/Users/lucaseduardo/HoroscopeServer/node_modules/ts-node-dev/lib/hook.js:63:13)
    at Module.load (node:internal/modules/cjs/loader:1307:32)
    at Function._load (node:internal/modules/cjs/loader:1121:12)
[2025-07-05 23:26:22] ERROR: The first argument must be of type string or an instance of Buffer, ArrayBuffer, or Array or an Array-like Object. Received undefined
[2025-07-05 23:27:09] ERROR: The first argument must be of type string or an instance of Buffer, ArrayBuffer, or Array or an Array-like Object. Received undefined
[2025-07-05 23:27:11] ERROR: The first argument must be of type string or an instance of Buffer, ArrayBuffer, or Array or an Array-like Object. Received undefined
[2025-07-05 23:28:21] ERROR: The first argument must be of type string or an instance of Buffer, ArrayBuffer, or Array or an Array-like Object. Received undefined
[2025-07-05 23:31:05] ERROR: uncaughtException: ⨯ Unable to compile TypeScript:
src/services/swissephService.ts(73,7): error TS2353: Object literal may only specify known properties, and 'latitude' does not exist in type 'UserChartPoint'.
src/services/swissephService.ts(89,7): error TS2353: Object literal may only specify known properties, and 'latitude' does not exist in type 'UserChartPoint'.
src/services/swissephService.ts(108,20): error TS2339: Property 'latitude' does not exist on type 'UserChartPoint'.

Error: ⨯ Unable to compile TypeScript:
src/services/swissephService.ts(73,7): error TS2353: Object literal may only specify known properties, and 'latitude' does not exist in type 'UserChartPoint'.
src/services/swissephService.ts(89,7): error TS2353: Object literal may only specify known properties, and 'latitude' does not exist in type 'UserChartPoint'.
src/services/swissephService.ts(108,20): error TS2339: Property 'latitude' does not exist on type 'UserChartPoint'.

    at Object.<anonymous> (/Users/lucaseduardo/HoroscopeServer/src/services/swissephService.ts:1:7)
    at Module.<anonymous> (node:internal/modules/cjs/loader:1550:14)
    at Module._compile (/Users/lucaseduardo/HoroscopeServer/node_modules/source-map-support/source-map-support.js:568:25)
    at Module.m._compile (/private/var/folders/nq/4xx3q0597db6hlqnp56k96km0000gn/T/ts-node-dev-hook-9234533739379547.js:69:33)
    at node:internal/modules/cjs/loader:1702:10
    at require.extensions..jsx.require.extensions..js (/private/var/folders/nq/4xx3q0597db6hlqnp56k96km0000gn/T/ts-node-dev-hook-9234533739379547.js:114:20)
    at require.extensions.<computed> (/private/var/folders/nq/4xx3q0597db6hlqnp56k96km0000gn/T/ts-node-dev-hook-9234533739379547.js:71:20)
    at Object.nodeDevHook [as .ts] (/Users/lucaseduardo/HoroscopeServer/node_modules/ts-node-dev/lib/hook.js:63:13)
    at Module.load (node:internal/modules/cjs/loader:1307:32)
    at Function._load (node:internal/modules/cjs/loader:1121:12)
[2025-07-05 23:31:20] ERROR: The first argument must be of type string or an instance of Buffer, ArrayBuffer, or Array or an Array-like Object. Received undefined
[2025-07-05 23:32:23] ERROR: uncaughtException: ⨯ Unable to compile TypeScript:
src/services/swissephService.ts(240,24): error TS2339: Property 'username' does not exist on type 'UserBirthData'.
src/services/swissephService.ts(241,21): error TS2339: Property 'email' does not exist on type 'UserBirthData'.

Error: ⨯ Unable to compile TypeScript:
src/services/swissephService.ts(240,24): error TS2339: Property 'username' does not exist on type 'UserBirthData'.
src/services/swissephService.ts(241,21): error TS2339: Property 'email' does not exist on type 'UserBirthData'.

    at Object.<anonymous> (/Users/lucaseduardo/HoroscopeServer/src/services/swissephService.ts:1:7)
    at Module.<anonymous> (node:internal/modules/cjs/loader:1550:14)
    at Module._compile (/Users/lucaseduardo/HoroscopeServer/node_modules/source-map-support/source-map-support.js:568:25)
    at Module.m._compile (/private/var/folders/nq/4xx3q0597db6hlqnp56k96km0000gn/T/ts-node-dev-hook-9234533739379547.js:69:33)
    at node:internal/modules/cjs/loader:1702:10
    at require.extensions..jsx.require.extensions..js (/private/var/folders/nq/4xx3q0597db6hlqnp56k96km0000gn/T/ts-node-dev-hook-9234533739379547.js:114:20)
    at require.extensions.<computed> (/private/var/folders/nq/4xx3q0597db6hlqnp56k96km0000gn/T/ts-node-dev-hook-9234533739379547.js:71:20)
    at Object.nodeDevHook [as .ts] (/Users/lucaseduardo/HoroscopeServer/node_modules/ts-node-dev/lib/hook.js:63:13)
    at Module.load (node:internal/modules/cjs/loader:1307:32)
    at Function._load (node:internal/modules/cjs/loader:1121:12)
[2025-07-05 23:32:24] ERROR: uncaughtException: ⨯ Unable to compile TypeScript:
src/services/swissephService.ts(240,24): error TS2339: Property 'username' does not exist on type 'UserBirthData'.
src/services/swissephService.ts(241,21): error TS2339: Property 'email' does not exist on type 'UserBirthData'.

Error: ⨯ Unable to compile TypeScript:
src/services/swissephService.ts(240,24): error TS2339: Property 'username' does not exist on type 'UserBirthData'.
src/services/swissephService.ts(241,21): error TS2339: Property 'email' does not exist on type 'UserBirthData'.

    at Object.<anonymous> (/Users/lucaseduardo/HoroscopeServer/src/services/swissephService.ts:1:7)
    at Module.<anonymous> (node:internal/modules/cjs/loader:1550:14)
    at Module._compile (/Users/lucaseduardo/HoroscopeServer/node_modules/source-map-support/source-map-support.js:568:25)
    at Module.m._compile (/private/var/folders/nq/4xx3q0597db6hlqnp56k96km0000gn/T/ts-node-dev-hook-9234533739379547.js:69:33)
    at node:internal/modules/cjs/loader:1702:10
    at require.extensions..jsx.require.extensions..js (/private/var/folders/nq/4xx3q0597db6hlqnp56k96km0000gn/T/ts-node-dev-hook-9234533739379547.js:114:20)
    at require.extensions.<computed> (/private/var/folders/nq/4xx3q0597db6hlqnp56k96km0000gn/T/ts-node-dev-hook-9234533739379547.js:71:20)
    at Object.nodeDevHook [as .ts] (/Users/lucaseduardo/HoroscopeServer/node_modules/ts-node-dev/lib/hook.js:63:13)
    at Module.load (node:internal/modules/cjs/loader:1307:32)
    at Function._load (node:internal/modules/cjs/loader:1121:12)
[2025-07-05 23:32:44] ERROR: uncaughtException: ⨯ Unable to compile TypeScript:
src/services/swissephService.ts(240,24): error TS2339: Property 'username' does not exist on type 'UserBirthData'.
src/services/swissephService.ts(241,21): error TS2339: Property 'email' does not exist on type 'UserBirthData'.

Error: ⨯ Unable to compile TypeScript:
src/services/swissephService.ts(240,24): error TS2339: Property 'username' does not exist on type 'UserBirthData'.
src/services/swissephService.ts(241,21): error TS2339: Property 'email' does not exist on type 'UserBirthData'.

    at Object.<anonymous> (/Users/lucaseduardo/HoroscopeServer/src/services/swissephService.ts:1:7)
    at Module.<anonymous> (node:internal/modules/cjs/loader:1550:14)
    at Module._compile (/Users/lucaseduardo/HoroscopeServer/node_modules/source-map-support/source-map-support.js:568:25)
    at Module.m._compile (/private/var/folders/nq/4xx3q0597db6hlqnp56k96km0000gn/T/ts-node-dev-hook-9234533739379547.js:69:33)
    at node:internal/modules/cjs/loader:1702:10
    at require.extensions..jsx.require.extensions..js (/private/var/folders/nq/4xx3q0597db6hlqnp56k96km0000gn/T/ts-node-dev-hook-9234533739379547.js:114:20)
    at require.extensions.<computed> (/private/var/folders/nq/4xx3q0597db6hlqnp56k96km0000gn/T/ts-node-dev-hook-9234533739379547.js:71:20)
    at Object.nodeDevHook [as .ts] (/Users/lucaseduardo/HoroscopeServer/node_modules/ts-node-dev/lib/hook.js:63:13)
    at Module.load (node:internal/modules/cjs/loader:1307:32)
    at Function._load (node:internal/modules/cjs/loader:1121:12)
[2025-07-05 23:32:47] ERROR: uncaughtException: ⨯ Unable to compile TypeScript:
src/services/swissephService.ts(240,24): error TS2339: Property 'username' does not exist on type 'UserBirthData'.
src/services/swissephService.ts(241,21): error TS2339: Property 'email' does not exist on type 'UserBirthData'.

Error: ⨯ Unable to compile TypeScript:
src/services/swissephService.ts(240,24): error TS2339: Property 'username' does not exist on type 'UserBirthData'.
src/services/swissephService.ts(241,21): error TS2339: Property 'email' does not exist on type 'UserBirthData'.

    at Object.<anonymous> (/Users/lucaseduardo/HoroscopeServer/src/services/swissephService.ts:1:7)
    at Module.<anonymous> (node:internal/modules/cjs/loader:1550:14)
    at Module._compile (/Users/lucaseduardo/HoroscopeServer/node_modules/source-map-support/source-map-support.js:568:25)
    at Module.m._compile (/private/var/folders/nq/4xx3q0597db6hlqnp56k96km0000gn/T/ts-node-dev-hook-9234533739379547.js:69:33)
    at node:internal/modules/cjs/loader:1702:10
    at require.extensions..jsx.require.extensions..js (/private/var/folders/nq/4xx3q0597db6hlqnp56k96km0000gn/T/ts-node-dev-hook-9234533739379547.js:114:20)
    at require.extensions.<computed> (/private/var/folders/nq/4xx3q0597db6hlqnp56k96km0000gn/T/ts-node-dev-hook-9234533739379547.js:71:20)
    at Object.nodeDevHook [as .ts] (/Users/lucaseduardo/HoroscopeServer/node_modules/ts-node-dev/lib/hook.js:63:13)
    at Module.load (node:internal/modules/cjs/loader:1307:32)
    at Function._load (node:internal/modules/cjs/loader:1121:12)
[2025-07-05 23:33:10] ERROR: uncaughtException: ⨯ Unable to compile TypeScript:
src/services/swissephService.ts(240,24): error TS2339: Property 'username' does not exist on type 'UserBirthData'.
src/services/swissephService.ts(241,21): error TS2339: Property 'email' does not exist on type 'UserBirthData'.

Error: ⨯ Unable to compile TypeScript:
src/services/swissephService.ts(240,24): error TS2339: Property 'username' does not exist on type 'UserBirthData'.
src/services/swissephService.ts(241,21): error TS2339: Property 'email' does not exist on type 'UserBirthData'.

    at Object.<anonymous> (/Users/lucaseduardo/HoroscopeServer/src/services/swissephService.ts:1:7)
    at Module.<anonymous> (node:internal/modules/cjs/loader:1550:14)
    at Module._compile (/Users/lucaseduardo/HoroscopeServer/node_modules/source-map-support/source-map-support.js:568:25)
    at Module.m._compile (/private/var/folders/nq/4xx3q0597db6hlqnp56k96km0000gn/T/ts-node-dev-hook-9234533739379547.js:69:33)
    at node:internal/modules/cjs/loader:1702:10
    at require.extensions..jsx.require.extensions..js (/private/var/folders/nq/4xx3q0597db6hlqnp56k96km0000gn/T/ts-node-dev-hook-9234533739379547.js:114:20)
    at require.extensions.<computed> (/private/var/folders/nq/4xx3q0597db6hlqnp56k96km0000gn/T/ts-node-dev-hook-9234533739379547.js:71:20)
    at Object.nodeDevHook [as .ts] (/Users/lucaseduardo/HoroscopeServer/node_modules/ts-node-dev/lib/hook.js:63:13)
    at Module.load (node:internal/modules/cjs/loader:1307:32)
    at Function._load (node:internal/modules/cjs/loader:1121:12)
[2025-07-05 23:33:18] ERROR: uncaughtException: ⨯ Unable to compile TypeScript:
src/services/swissephService.ts(240,24): error TS2339: Property 'username' does not exist on type 'UserBirthData'.
src/services/swissephService.ts(241,21): error TS2339: Property 'email' does not exist on type 'UserBirthData'.

Error: ⨯ Unable to compile TypeScript:
src/services/swissephService.ts(240,24): error TS2339: Property 'username' does not exist on type 'UserBirthData'.
src/services/swissephService.ts(241,21): error TS2339: Property 'email' does not exist on type 'UserBirthData'.

    at Object.<anonymous> (/Users/lucaseduardo/HoroscopeServer/src/services/swissephService.ts:1:7)
    at Module.<anonymous> (node:internal/modules/cjs/loader:1550:14)
    at Module._compile (/Users/lucaseduardo/HoroscopeServer/node_modules/source-map-support/source-map-support.js:568:25)
    at Module.m._compile (/private/var/folders/nq/4xx3q0597db6hlqnp56k96km0000gn/T/ts-node-dev-hook-9234533739379547.js:69:33)
    at node:internal/modules/cjs/loader:1702:10
    at require.extensions..jsx.require.extensions..js (/private/var/folders/nq/4xx3q0597db6hlqnp56k96km0000gn/T/ts-node-dev-hook-9234533739379547.js:114:20)
    at require.extensions.<computed> (/private/var/folders/nq/4xx3q0597db6hlqnp56k96km0000gn/T/ts-node-dev-hook-9234533739379547.js:71:20)
    at Object.nodeDevHook [as .ts] (/Users/lucaseduardo/HoroscopeServer/node_modules/ts-node-dev/lib/hook.js:63:13)
    at Module.load (node:internal/modules/cjs/loader:1307:32)
    at Function._load (node:internal/modules/cjs/loader:1121:12)
[2025-07-05 23:34:51] ERROR: The first argument must be of type string or an instance of Buffer, ArrayBuffer, or Array or an Array-like Object. Received undefined
[2025-07-05 23:36:30] ERROR: The first argument must be of type string or an instance of Buffer, ArrayBuffer, or Array or an Array-like Object. Received undefined
[2025-07-05 23:36:32] ERROR: The first argument must be of type string or an instance of Buffer, ArrayBuffer, or Array or an Array-like Object. Received undefined
[2025-07-05 23:37:19] ERROR: uncaughtException: ⨯ Unable to compile TypeScript:
src/services/swissephService.ts(58,57): error TS2345: Argument of type 'string | null' is not assignable to parameter of type 'string'.
  Type 'null' is not assignable to type 'string'.

Error: ⨯ Unable to compile TypeScript:
src/services/swissephService.ts(58,57): error TS2345: Argument of type 'string | null' is not assignable to parameter of type 'string'.
  Type 'null' is not assignable to type 'string'.

    at Object.<anonymous> (/Users/lucaseduardo/HoroscopeServer/src/services/swissephService.ts:1:7)
    at Module.<anonymous> (node:internal/modules/cjs/loader:1550:14)
    at Module._compile (/Users/lucaseduardo/HoroscopeServer/node_modules/source-map-support/source-map-support.js:568:25)
    at Module.m._compile (/private/var/folders/nq/4xx3q0597db6hlqnp56k96km0000gn/T/ts-node-dev-hook-9234533739379547.js:69:33)
    at node:internal/modules/cjs/loader:1702:10
    at require.extensions..jsx.require.extensions..js (/private/var/folders/nq/4xx3q0597db6hlqnp56k96km0000gn/T/ts-node-dev-hook-9234533739379547.js:114:20)
    at require.extensions.<computed> (/private/var/folders/nq/4xx3q0597db6hlqnp56k96km0000gn/T/ts-node-dev-hook-9234533739379547.js:71:20)
    at Object.nodeDevHook [as .ts] (/Users/lucaseduardo/HoroscopeServer/node_modules/ts-node-dev/lib/hook.js:63:13)
    at Module.load (node:internal/modules/cjs/loader:1307:32)
    at Function._load (node:internal/modules/cjs/loader:1121:12)
[2025-07-05 23:37:23] ERROR: uncaughtException: ⨯ Unable to compile TypeScript:
src/services/swissephService.ts(58,57): error TS2345: Argument of type 'string | null' is not assignable to parameter of type 'string'.
  Type 'null' is not assignable to type 'string'.

Error: ⨯ Unable to compile TypeScript:
src/services/swissephService.ts(58,57): error TS2345: Argument of type 'string | null' is not assignable to parameter of type 'string'.
  Type 'null' is not assignable to type 'string'.

    at Object.<anonymous> (/Users/lucaseduardo/HoroscopeServer/src/services/swissephService.ts:1:7)
    at Module.<anonymous> (node:internal/modules/cjs/loader:1550:14)
    at Module._compile (/Users/lucaseduardo/HoroscopeServer/node_modules/source-map-support/source-map-support.js:568:25)
    at Module.m._compile (/private/var/folders/nq/4xx3q0597db6hlqnp56k96km0000gn/T/ts-node-dev-hook-9234533739379547.js:69:33)
    at node:internal/modules/cjs/loader:1702:10
    at require.extensions..jsx.require.extensions..js (/private/var/folders/nq/4xx3q0597db6hlqnp56k96km0000gn/T/ts-node-dev-hook-9234533739379547.js:114:20)
    at require.extensions.<computed> (/private/var/folders/nq/4xx3q0597db6hlqnp56k96km0000gn/T/ts-node-dev-hook-9234533739379547.js:71:20)
    at Object.nodeDevHook [as .ts] (/Users/lucaseduardo/HoroscopeServer/node_modules/ts-node-dev/lib/hook.js:63:13)
    at Module.load (node:internal/modules/cjs/loader:1307:32)
    at Function._load (node:internal/modules/cjs/loader:1121:12)
[2025-07-05 23:38:12] ERROR: The first argument must be of type string or an instance of Buffer, ArrayBuffer, or Array or an Array-like Object. Received undefined
[2025-07-05 23:38:13] ERROR: The first argument must be of type string or an instance of Buffer, ArrayBuffer, or Array or an Array-like Object. Received undefined
[2025-07-05 23:39:36] ERROR: The first argument must be of type string or an instance of Buffer, ArrayBuffer, or Array or an Array-like Object. Received undefined
[2025-07-05 23:39:38] ERROR: The first argument must be of type string or an instance of Buffer, ArrayBuffer, or Array or an Array-like Object. Received undefined
[2025-07-05 23:40:12] ERROR: The first argument must be of type string or an instance of Buffer, ArrayBuffer, or Array or an Array-like Object. Received undefined
[2025-07-05 23:40:17] ERROR: The first argument must be of type string or an instance of Buffer, ArrayBuffer, or Array or an Array-like Object. Received undefined
[2025-07-05 23:41:16] ERROR: uncaughtException: ⨯ Unable to compile TypeScript:
src/services/swissephService.ts(55,7): error TS2353: Object literal may only specify known properties, and 'user_id' does not exist in type 'ChartPoint'.
src/services/swissephService.ts(72,7): error TS2353: Object literal may only specify known properties, and 'user_id' does not exist in type 'ChartPoint'.
src/services/swissephService.ts(91,20): error TS2339: Property 'user_id' does not exist on type 'ChartPoint'.
src/services/swissephService.ts(92,20): error TS2339: Property 'planet_name' does not exist on type 'ChartPoint'.

Error: ⨯ Unable to compile TypeScript:
src/services/swissephService.ts(55,7): error TS2353: Object literal may only specify known properties, and 'user_id' does not exist in type 'ChartPoint'.
src/services/swissephService.ts(72,7): error TS2353: Object literal may only specify known properties, and 'user_id' does not exist in type 'ChartPoint'.
src/services/swissephService.ts(91,20): error TS2339: Property 'user_id' does not exist on type 'ChartPoint'.
src/services/swissephService.ts(92,20): error TS2339: Property 'planet_name' does not exist on type 'ChartPoint'.

    at Object.<anonymous> (/Users/lucaseduardo/HoroscopeServer/src/services/swissephService.ts:1:7)
    at Module.<anonymous> (node:internal/modules/cjs/loader:1550:14)
    at Module._compile (/Users/lucaseduardo/HoroscopeServer/node_modules/source-map-support/source-map-support.js:568:25)
    at Module.m._compile (/private/var/folders/nq/4xx3q0597db6hlqnp56k96km0000gn/T/ts-node-dev-hook-9234533739379547.js:69:33)
    at node:internal/modules/cjs/loader:1702:10
    at require.extensions..jsx.require.extensions..js (/private/var/folders/nq/4xx3q0597db6hlqnp56k96km0000gn/T/ts-node-dev-hook-9234533739379547.js:114:20)
    at require.extensions.<computed> (/private/var/folders/nq/4xx3q0597db6hlqnp56k96km0000gn/T/ts-node-dev-hook-9234533739379547.js:71:20)
    at Object.nodeDevHook [as .ts] (/Users/lucaseduardo/HoroscopeServer/node_modules/ts-node-dev/lib/hook.js:63:13)
    at Module.load (node:internal/modules/cjs/loader:1307:32)
    at Function._load (node:internal/modules/cjs/loader:1121:12)
[2025-07-05 23:41:18] ERROR: uncaughtException: ⨯ Unable to compile TypeScript:
src/services/swissephService.ts(55,7): error TS2353: Object literal may only specify known properties, and 'user_id' does not exist in type 'ChartPoint'.
src/services/swissephService.ts(72,7): error TS2353: Object literal may only specify known properties, and 'user_id' does not exist in type 'ChartPoint'.
src/services/swissephService.ts(91,20): error TS2339: Property 'user_id' does not exist on type 'ChartPoint'.
src/services/swissephService.ts(92,20): error TS2339: Property 'planet_name' does not exist on type 'ChartPoint'.

Error: ⨯ Unable to compile TypeScript:
src/services/swissephService.ts(55,7): error TS2353: Object literal may only specify known properties, and 'user_id' does not exist in type 'ChartPoint'.
src/services/swissephService.ts(72,7): error TS2353: Object literal may only specify known properties, and 'user_id' does not exist in type 'ChartPoint'.
src/services/swissephService.ts(91,20): error TS2339: Property 'user_id' does not exist on type 'ChartPoint'.
src/services/swissephService.ts(92,20): error TS2339: Property 'planet_name' does not exist on type 'ChartPoint'.

    at Object.<anonymous> (/Users/lucaseduardo/HoroscopeServer/src/services/swissephService.ts:1:7)
    at Module.<anonymous> (node:internal/modules/cjs/loader:1550:14)
    at Module._compile (/Users/lucaseduardo/HoroscopeServer/node_modules/source-map-support/source-map-support.js:568:25)
    at Module.m._compile (/private/var/folders/nq/4xx3q0597db6hlqnp56k96km0000gn/T/ts-node-dev-hook-9234533739379547.js:69:33)
    at node:internal/modules/cjs/loader:1702:10
    at require.extensions..jsx.require.extensions..js (/private/var/folders/nq/4xx3q0597db6hlqnp56k96km0000gn/T/ts-node-dev-hook-9234533739379547.js:114:20)
    at require.extensions.<computed> (/private/var/folders/nq/4xx3q0597db6hlqnp56k96km0000gn/T/ts-node-dev-hook-9234533739379547.js:71:20)
    at Object.nodeDevHook [as .ts] (/Users/lucaseduardo/HoroscopeServer/node_modules/ts-node-dev/lib/hook.js:63:13)
    at Module.load (node:internal/modules/cjs/loader:1307:32)
    at Function._load (node:internal/modules/cjs/loader:1121:12)
[2025-07-05 23:42:44] ERROR: The first argument must be of type string or an instance of Buffer, ArrayBuffer, or Array or an Array-like Object. Received undefined
[2025-07-05 23:45:28] ERROR: The first argument must be of type string or an instance of Buffer, ArrayBuffer, or Array or an Array-like Object. Received undefined
[2025-07-05 23:45:29] ERROR: The first argument must be of type string or an instance of Buffer, ArrayBuffer, or Array or an Array-like Object. Received undefined
[2025-07-05 23:47:51] ERROR: uncaughtException: ⨯ Unable to compile TypeScript:
src/graphql/resolvers/userResolver.ts(35,9): error TS2322: Type '{ name: any; longitude: number; latitude: number; distance: null; sign: string; house: number; degree: number; minute: number; second: number; planet_type: "planet" | "point" | "asteroid"; }[]' is not assignable to type 'ChartPoint[]'.
  Type '{ name: any; longitude: number; latitude: number; distance: null; sign: string; house: number; degree: number; minute: number; second: number; planet_type: "planet" | "point" | "asteroid"; }' is missing the following properties from type 'ChartPoint': user_id, planet_name
src/graphql/resolvers/userResolver.ts(36,23): error TS2339: Property 'name' does not exist on type 'ChartPoint'.

Error: ⨯ Unable to compile TypeScript:
src/graphql/resolvers/userResolver.ts(35,9): error TS2322: Type '{ name: any; longitude: number; latitude: number; distance: null; sign: string; house: number; degree: number; minute: number; second: number; planet_type: "planet" | "point" | "asteroid"; }[]' is not assignable to type 'ChartPoint[]'.
  Type '{ name: any; longitude: number; latitude: number; distance: null; sign: string; house: number; degree: number; minute: number; second: number; planet_type: "planet" | "point" | "asteroid"; }' is missing the following properties from type 'ChartPoint': user_id, planet_name
src/graphql/resolvers/userResolver.ts(36,23): error TS2339: Property 'name' does not exist on type 'ChartPoint'.

    at Object.<anonymous> (/Users/lucaseduardo/HoroscopeServer/src/graphql/resolvers/userResolver.ts:1:7)
    at Module.<anonymous> (node:internal/modules/cjs/loader:1550:14)
    at Module._compile (/Users/lucaseduardo/HoroscopeServer/node_modules/source-map-support/source-map-support.js:568:25)
    at Module.m._compile (/private/var/folders/nq/4xx3q0597db6hlqnp56k96km0000gn/T/ts-node-dev-hook-9201218716905963.js:69:33)
    at node:internal/modules/cjs/loader:1702:10
    at require.extensions..jsx.require.extensions..js (/private/var/folders/nq/4xx3q0597db6hlqnp56k96km0000gn/T/ts-node-dev-hook-9201218716905963.js:114:20)
    at require.extensions.<computed> (/private/var/folders/nq/4xx3q0597db6hlqnp56k96km0000gn/T/ts-node-dev-hook-9201218716905963.js:71:20)
    at Object.nodeDevHook [as .ts] (/Users/lucaseduardo/HoroscopeServer/node_modules/ts-node-dev/lib/hook.js:63:13)
    at Module.load (node:internal/modules/cjs/loader:1307:32)
    at Function._load (node:internal/modules/cjs/loader:1121:12)
[2025-07-05 23:47:54] ERROR: uncaughtException: ⨯ Unable to compile TypeScript:
src/graphql/resolvers/userResolver.ts(35,9): error TS2322: Type '{ name: any; longitude: number; latitude: number; distance: null; sign: string; house: number; degree: number; minute: number; second: number; planet_type: "planet" | "point" | "asteroid"; }[]' is not assignable to type 'ChartPoint[]'.
  Type '{ name: any; longitude: number; latitude: number; distance: null; sign: string; house: number; degree: number; minute: number; second: number; planet_type: "planet" | "point" | "asteroid"; }' is missing the following properties from type 'ChartPoint': user_id, planet_name
src/graphql/resolvers/userResolver.ts(36,23): error TS2339: Property 'name' does not exist on type 'ChartPoint'.

Error: ⨯ Unable to compile TypeScript:
src/graphql/resolvers/userResolver.ts(35,9): error TS2322: Type '{ name: any; longitude: number; latitude: number; distance: null; sign: string; house: number; degree: number; minute: number; second: number; planet_type: "planet" | "point" | "asteroid"; }[]' is not assignable to type 'ChartPoint[]'.
  Type '{ name: any; longitude: number; latitude: number; distance: null; sign: string; house: number; degree: number; minute: number; second: number; planet_type: "planet" | "point" | "asteroid"; }' is missing the following properties from type 'ChartPoint': user_id, planet_name
src/graphql/resolvers/userResolver.ts(36,23): error TS2339: Property 'name' does not exist on type 'ChartPoint'.

    at Object.<anonymous> (/Users/lucaseduardo/HoroscopeServer/src/graphql/resolvers/userResolver.ts:1:7)
    at Module.<anonymous> (node:internal/modules/cjs/loader:1550:14)
    at Module._compile (/Users/lucaseduardo/HoroscopeServer/node_modules/source-map-support/source-map-support.js:568:25)
    at Module.m._compile (/private/var/folders/nq/4xx3q0597db6hlqnp56k96km0000gn/T/ts-node-dev-hook-9201218716905963.js:69:33)
    at node:internal/modules/cjs/loader:1702:10
    at require.extensions..jsx.require.extensions..js (/private/var/folders/nq/4xx3q0597db6hlqnp56k96km0000gn/T/ts-node-dev-hook-9201218716905963.js:114:20)
    at require.extensions.<computed> (/private/var/folders/nq/4xx3q0597db6hlqnp56k96km0000gn/T/ts-node-dev-hook-9201218716905963.js:71:20)
    at Object.nodeDevHook [as .ts] (/Users/lucaseduardo/HoroscopeServer/node_modules/ts-node-dev/lib/hook.js:63:13)
    at Module.load (node:internal/modules/cjs/loader:1307:32)
    at Function._load (node:internal/modules/cjs/loader:1121:12)
[2025-07-05 23:48:18] ERROR: The first argument must be of type string or an instance of Buffer, ArrayBuffer, or Array or an Array-like Object. Received undefined
[2025-07-05 23:48:23] ERROR: The first argument must be of type string or an instance of Buffer, ArrayBuffer, or Array or an Array-like Object. Received undefined
[2025-07-05 23:50:17] ERROR: The first argument must be of type string or an instance of Buffer, ArrayBuffer, or Array or an Array-like Object. Received undefined
[2025-07-05 23:50:19] ERROR: The first argument must be of type string or an instance of Buffer, ArrayBuffer, or Array or an Array-like Object. Received undefined
[2025-07-05 23:51:33] ERROR: The first argument must be of type string or an instance of Buffer, ArrayBuffer, or Array or an Array-like Object. Received undefined
[2025-07-05 23:51:46] ERROR: The first argument must be of type string or an instance of Buffer, ArrayBuffer, or Array or an Array-like Object. Received undefined
[2025-07-05 23:55:58] ERROR: The first argument must be of type string or an instance of Buffer, ArrayBuffer, or Array or an Array-like Object. Received undefined
[2025-07-05 23:56:11] ERROR: The first argument must be of type string or an instance of Buffer, ArrayBuffer, or Array or an Array-like Object. Received undefined
[2025-07-05 23:57:46] ERROR: The first argument must be of type string or an instance of Buffer, ArrayBuffer, or Array or an Array-like Object. Received undefined
[2025-07-05 23:57:51] ERROR: The first argument must be of type string or an instance of Buffer, ArrayBuffer, or Array or an Array-like Object. Received undefined
[2025-07-05 23:58:42] ERROR: The first argument must be of type string or an instance of Buffer, ArrayBuffer, or Array or an Array-like Object. Received undefined
[2025-07-05 23:58:44] ERROR: uncaughtException: ⨯ Unable to compile TypeScript:
src/graphql/resolvers/userResolver.ts(185,5): error TS2322: Type 'null' is not assignable to type 'number'.
src/graphql/resolvers/userResolver.ts(186,5): error TS2322: Type 'null' is not assignable to type 'number'.
src/graphql/resolvers/userResolver.ts(187,5): error TS2322: Type 'null' is not assignable to type 'number'.

Error: ⨯ Unable to compile TypeScript:
src/graphql/resolvers/userResolver.ts(185,5): error TS2322: Type 'null' is not assignable to type 'number'.
src/graphql/resolvers/userResolver.ts(186,5): error TS2322: Type 'null' is not assignable to type 'number'.
src/graphql/resolvers/userResolver.ts(187,5): error TS2322: Type 'null' is not assignable to type 'number'.

    at Object.<anonymous> (/Users/lucaseduardo/HoroscopeServer/src/graphql/resolvers/userResolver.ts:1:7)
    at Module.<anonymous> (node:internal/modules/cjs/loader:1550:14)
    at Module._compile (/Users/lucaseduardo/HoroscopeServer/node_modules/source-map-support/source-map-support.js:568:25)
    at Module.m._compile (/private/var/folders/nq/4xx3q0597db6hlqnp56k96km0000gn/T/ts-node-dev-hook-9201218716905963.js:69:33)
    at node:internal/modules/cjs/loader:1702:10
    at require.extensions..jsx.require.extensions..js (/private/var/folders/nq/4xx3q0597db6hlqnp56k96km0000gn/T/ts-node-dev-hook-9201218716905963.js:114:20)
    at require.extensions.<computed> (/private/var/folders/nq/4xx3q0597db6hlqnp56k96km0000gn/T/ts-node-dev-hook-9201218716905963.js:71:20)
    at Object.nodeDevHook [as .ts] (/Users/lucaseduardo/HoroscopeServer/node_modules/ts-node-dev/lib/hook.js:63:13)
    at Module.load (node:internal/modules/cjs/loader:1307:32)
    at Function._load (node:internal/modules/cjs/loader:1121:12)
[2025-07-05 23:58:53] ERROR: uncaughtException: ⨯ Unable to compile TypeScript:
src/graphql/resolvers/userResolver.ts(185,5): error TS2322: Type 'null' is not assignable to type 'number'.
src/graphql/resolvers/userResolver.ts(186,5): error TS2322: Type 'null' is not assignable to type 'number'.
src/graphql/resolvers/userResolver.ts(187,5): error TS2322: Type 'null' is not assignable to type 'number'.

Error: ⨯ Unable to compile TypeScript:
src/graphql/resolvers/userResolver.ts(185,5): error TS2322: Type 'null' is not assignable to type 'number'.
src/graphql/resolvers/userResolver.ts(186,5): error TS2322: Type 'null' is not assignable to type 'number'.
src/graphql/resolvers/userResolver.ts(187,5): error TS2322: Type 'null' is not assignable to type 'number'.

    at Object.<anonymous> (/Users/lucaseduardo/HoroscopeServer/src/graphql/resolvers/userResolver.ts:1:7)
    at Module.<anonymous> (node:internal/modules/cjs/loader:1550:14)
    at Module._compile (/Users/lucaseduardo/HoroscopeServer/node_modules/source-map-support/source-map-support.js:568:25)
    at Module.m._compile (/private/var/folders/nq/4xx3q0597db6hlqnp56k96km0000gn/T/ts-node-dev-hook-9201218716905963.js:69:33)
    at node:internal/modules/cjs/loader:1702:10
    at require.extensions..jsx.require.extensions..js (/private/var/folders/nq/4xx3q0597db6hlqnp56k96km0000gn/T/ts-node-dev-hook-9201218716905963.js:114:20)
    at require.extensions.<computed> (/private/var/folders/nq/4xx3q0597db6hlqnp56k96km0000gn/T/ts-node-dev-hook-9201218716905963.js:71:20)
    at Object.nodeDevHook [as .ts] (/Users/lucaseduardo/HoroscopeServer/node_modules/ts-node-dev/lib/hook.js:63:13)
    at Module.load (node:internal/modules/cjs/loader:1307:32)
    at Function._load (node:internal/modules/cjs/loader:1121:12)
[2025-07-05 23:59:04] ERROR: uncaughtException: ⨯ Unable to compile TypeScript:
src/graphql/resolvers/userResolver.ts(182,5): error TS2322: Type 'null' is not assignable to type 'number'.
src/graphql/resolvers/userResolver.ts(183,5): error TS2322: Type 'null' is not assignable to type 'number'.
src/graphql/resolvers/userResolver.ts(184,5): error TS2322: Type 'null' is not assignable to type 'number'.

Error: ⨯ Unable to compile TypeScript:
src/graphql/resolvers/userResolver.ts(182,5): error TS2322: Type 'null' is not assignable to type 'number'.
src/graphql/resolvers/userResolver.ts(183,5): error TS2322: Type 'null' is not assignable to type 'number'.
src/graphql/resolvers/userResolver.ts(184,5): error TS2322: Type 'null' is not assignable to type 'number'.

    at Object.<anonymous> (/Users/lucaseduardo/HoroscopeServer/src/graphql/resolvers/userResolver.ts:1:7)
    at Module.<anonymous> (node:internal/modules/cjs/loader:1550:14)
    at Module._compile (/Users/lucaseduardo/HoroscopeServer/node_modules/source-map-support/source-map-support.js:568:25)
    at Module.m._compile (/private/var/folders/nq/4xx3q0597db6hlqnp56k96km0000gn/T/ts-node-dev-hook-9201218716905963.js:69:33)
    at node:internal/modules/cjs/loader:1702:10
    at require.extensions..jsx.require.extensions..js (/private/var/folders/nq/4xx3q0597db6hlqnp56k96km0000gn/T/ts-node-dev-hook-9201218716905963.js:114:20)
    at require.extensions.<computed> (/private/var/folders/nq/4xx3q0597db6hlqnp56k96km0000gn/T/ts-node-dev-hook-9201218716905963.js:71:20)
    at Object.nodeDevHook [as .ts] (/Users/lucaseduardo/HoroscopeServer/node_modules/ts-node-dev/lib/hook.js:63:13)
    at Module.load (node:internal/modules/cjs/loader:1307:32)
    at Function._load (node:internal/modules/cjs/loader:1121:12)
[2025-07-05 23:59:56] ERROR: The first argument must be of type string or an instance of Buffer, ArrayBuffer, or Array or an Array-like Object. Received undefined
[2025-07-06 00:00:25] ERROR: The first argument must be of type string or an instance of Buffer, ArrayBuffer, or Array or an Array-like Object. Received undefined
[2025-07-06 00:01:36] ERROR: The first argument must be of type string or an instance of Buffer, ArrayBuffer, or Array or an Array-like Object. Received undefined
[2025-07-06 00:01:38] ERROR: The first argument must be of type string or an instance of Buffer, ArrayBuffer, or Array or an Array-like Object. Received undefined
[2025-07-06 00:32:48] ERROR: The first argument must be of type string or an instance of Buffer, ArrayBuffer, or Array or an Array-like Object. Received undefined
[2025-07-06 00:32:55] ERROR: uncaughtException: There can be only one type named "Query".

There can be only one type named "Mutation".
Error: There can be only one type named "Query".

There can be only one type named "Mutation".
    at assertValidSDL (/Users/lucaseduardo/HoroscopeServer/node_modules/graphql/validation/validate.js:107:11)
    at buildASTSchema (/Users/lucaseduardo/HoroscopeServer/node_modules/graphql/utilities/buildASTSchema.js:45:34)
    at buildSchema (/Users/lucaseduardo/HoroscopeServer/node_modules/graphql/utilities/buildASTSchema.js:112:10)
    at Object.<anonymous> (/Users/lucaseduardo/HoroscopeServer/src/index.ts:42:24)
    at Module.<anonymous> (node:internal/modules/cjs/loader:1550:14)
    at Module._compile (/Users/lucaseduardo/HoroscopeServer/node_modules/source-map-support/source-map-support.js:568:25)
    at Module.m._compile (/private/var/folders/nq/4xx3q0597db6hlqnp56k96km0000gn/T/ts-node-dev-hook-9201218716905963.js:69:33)
    at node:internal/modules/cjs/loader:1702:10
    at require.extensions..jsx.require.extensions..js (/private/var/folders/nq/4xx3q0597db6hlqnp56k96km0000gn/T/ts-node-dev-hook-9201218716905963.js:114:20)
    at require.extensions.<computed> (/private/var/folders/nq/4xx3q0597db6hlqnp56k96km0000gn/T/ts-node-dev-hook-9201218716905963.js:71:20)
[2025-07-06 00:34:50] ERROR: The first argument must be of type string or an instance of Buffer, ArrayBuffer, or Array or an Array-like Object. Received undefined
[2025-07-06 00:35:13] ERROR: The first argument must be of type string or an instance of Buffer, ArrayBuffer, or Array or an Array-like Object. Received undefined
[2025-07-06 00:35:33] ERROR: The first argument must be of type string or an instance of Buffer, ArrayBuffer, or Array or an Array-like Object. Received undefined
[2025-07-06 00:36:24] ERROR: uncaughtException: There can be only one type named "Query".

Field "Query.user" can only be defined once.

There can be only one type named "Mutation".

Field "Mutation.signup" can only be defined once.

Field "Mutation.signin" can only be defined once.
Error: There can be only one type named "Query".

Field "Query.user" can only be defined once.

There can be only one type named "Mutation".

Field "Mutation.signup" can only be defined once.

Field "Mutation.signin" can only be defined once.
    at assertValidSDL (/Users/lucaseduardo/HoroscopeServer/node_modules/graphql/validation/validate.js:107:11)
    at buildASTSchema (/Users/lucaseduardo/HoroscopeServer/node_modules/graphql/utilities/buildASTSchema.js:45:34)
    at buildSchema (/Users/lucaseduardo/HoroscopeServer/node_modules/graphql/utilities/buildASTSchema.js:112:10)
    at Object.<anonymous> (/Users/lucaseduardo/HoroscopeServer/src/index.ts:74:24)
    at Module.<anonymous> (node:internal/modules/cjs/loader:1550:14)
    at Module._compile (/Users/lucaseduardo/HoroscopeServer/node_modules/source-map-support/source-map-support.js:568:25)
    at Module.m._compile (/private/var/folders/nq/4xx3q0597db6hlqnp56k96km0000gn/T/ts-node-dev-hook-9201218716905963.js:69:33)
    at node:internal/modules/cjs/loader:1702:10
    at require.extensions..jsx.require.extensions..js (/private/var/folders/nq/4xx3q0597db6hlqnp56k96km0000gn/T/ts-node-dev-hook-9201218716905963.js:114:20)
    at require.extensions.<computed> (/private/var/folders/nq/4xx3q0597db6hlqnp56k96km0000gn/T/ts-node-dev-hook-9201218716905963.js:71:20)
[2025-07-06 00:36:35] ERROR: uncaughtException: There can be only one type named "Query".

Field "Query.user" can only be defined once.

There can be only one type named "Mutation".

Field "Mutation.signup" can only be defined once.

Field "Mutation.signin" can only be defined once.
Error: There can be only one type named "Query".

Field "Query.user" can only be defined once.

There can be only one type named "Mutation".

Field "Mutation.signup" can only be defined once.

Field "Mutation.signin" can only be defined once.
    at assertValidSDL (/Users/lucaseduardo/HoroscopeServer/node_modules/graphql/validation/validate.js:107:11)
    at buildASTSchema (/Users/lucaseduardo/HoroscopeServer/node_modules/graphql/utilities/buildASTSchema.js:45:34)
    at buildSchema (/Users/lucaseduardo/HoroscopeServer/node_modules/graphql/utilities/buildASTSchema.js:112:10)
    at Object.<anonymous> (/Users/lucaseduardo/HoroscopeServer/src/index.ts:74:24)
    at Module.<anonymous> (node:internal/modules/cjs/loader:1550:14)
    at Module._compile (/Users/lucaseduardo/HoroscopeServer/node_modules/source-map-support/source-map-support.js:568:25)
    at Module.m._compile (/private/var/folders/nq/4xx3q0597db6hlqnp56k96km0000gn/T/ts-node-dev-hook-9201218716905963.js:69:33)
    at node:internal/modules/cjs/loader:1702:10
    at require.extensions..jsx.require.extensions..js (/private/var/folders/nq/4xx3q0597db6hlqnp56k96km0000gn/T/ts-node-dev-hook-9201218716905963.js:114:20)
    at require.extensions.<computed> (/private/var/folders/nq/4xx3q0597db6hlqnp56k96km0000gn/T/ts-node-dev-hook-9201218716905963.js:71:20)
[2025-07-06 00:37:00] ERROR: The first argument must be of type string or an instance of Buffer, ArrayBuffer, or Array or an Array-like Object. Received undefined
[2025-07-06 00:37:28] ERROR: uncaughtException: There can be only one type named "Query".

Field "Query.user" can only be defined once.

There can be only one type named "Mutation".

Field "Mutation.signup" can only be defined once.

Field "Mutation.signin" can only be defined once.
Error: There can be only one type named "Query".

Field "Query.user" can only be defined once.

There can be only one type named "Mutation".

Field "Mutation.signup" can only be defined once.

Field "Mutation.signin" can only be defined once.
    at assertValidSDL (/Users/lucaseduardo/HoroscopeServer/node_modules/graphql/validation/validate.js:107:11)
    at buildASTSchema (/Users/lucaseduardo/HoroscopeServer/node_modules/graphql/utilities/buildASTSchema.js:45:34)
    at buildSchema (/Users/lucaseduardo/HoroscopeServer/node_modules/graphql/utilities/buildASTSchema.js:112:10)
    at Object.<anonymous> (/Users/lucaseduardo/HoroscopeServer/src/index.ts:74:24)
    at Module.<anonymous> (node:internal/modules/cjs/loader:1550:14)
    at Module._compile (/Users/lucaseduardo/HoroscopeServer/node_modules/source-map-support/source-map-support.js:568:25)
    at Module.m._compile (/private/var/folders/nq/4xx3q0597db6hlqnp56k96km0000gn/T/ts-node-dev-hook-9201218716905963.js:69:33)
    at node:internal/modules/cjs/loader:1702:10
    at require.extensions..jsx.require.extensions..js (/private/var/folders/nq/4xx3q0597db6hlqnp56k96km0000gn/T/ts-node-dev-hook-9201218716905963.js:114:20)
    at require.extensions.<computed> (/private/var/folders/nq/4xx3q0597db6hlqnp56k96km0000gn/T/ts-node-dev-hook-9201218716905963.js:71:20)
[2025-07-06 00:37:37] ERROR: The first argument must be of type string or an instance of Buffer, ArrayBuffer, or Array or an Array-like Object. Received undefined
[2025-07-06 00:38:08] ERROR: The first argument must be of type string or an instance of Buffer, ArrayBuffer, or Array or an Array-like Object. Received undefined
[2025-07-06 00:39:15] ERROR: The first argument must be of type string or an instance of Buffer, ArrayBuffer, or Array or an Array-like Object. Received undefined
[2025-07-06 00:39:32] ERROR: The first argument must be of type string or an instance of Buffer, ArrayBuffer, or Array or an Array-like Object. Received undefined
[2025-07-06 00:39:45] ERROR: The first argument must be of type string or an instance of Buffer, ArrayBuffer, or Array or an Array-like Object. Received undefined
[2025-07-06 00:42:20] ERROR: The first argument must be of type string or an instance of Buffer, ArrayBuffer, or Array or an Array-like Object. Received undefined
[2025-07-06 00:42:41] ERROR: The first argument must be of type string or an instance of Buffer, ArrayBuffer, or Array or an Array-like Object. Received undefined
[2025-07-06 00:43:07] ERROR: The first argument must be of type string or an instance of Buffer, ArrayBuffer, or Array or an Array-like Object. Received undefined
[2025-07-06 00:43:49] ERROR: The first argument must be of type string or an instance of Buffer, ArrayBuffer, or Array or an Array-like Object. Received undefined
[2025-07-06 00:43:58] ERROR: The first argument must be of type string or an instance of Buffer, ArrayBuffer, or Array or an Array-like Object. Received undefined
[2025-07-06 00:46:54] ERROR: The first argument must be of type string or an instance of Buffer, ArrayBuffer, or Array or an Array-like Object. Received undefined
[2025-07-06 00:49:21] ERROR: uncaughtException: ⨯ Unable to compile TypeScript:
src/services/oracleService.ts(88,43): error TS2551: Property 'getOracleQuestionById' does not exist on type 'typeof OracleService'. Did you mean 'getOracleQuestion'?

Error: ⨯ Unable to compile TypeScript:
src/services/oracleService.ts(88,43): error TS2551: Property 'getOracleQuestionById' does not exist on type 'typeof OracleService'. Did you mean 'getOracleQuestion'?

    at Object.<anonymous> (/Users/lucaseduardo/HoroscopeServer/src/services/oracleService.ts:1:7)
    at Module.<anonymous> (node:internal/modules/cjs/loader:1550:14)
    at Module._compile (/Users/lucaseduardo/HoroscopeServer/node_modules/source-map-support/source-map-support.js:568:25)
    at Module.m._compile (/private/var/folders/nq/4xx3q0597db6hlqnp56k96km0000gn/T/ts-node-dev-hook-9201218716905963.js:69:33)
    at node:internal/modules/cjs/loader:1702:10
    at require.extensions..jsx.require.extensions..js (/private/var/folders/nq/4xx3q0597db6hlqnp56k96km0000gn/T/ts-node-dev-hook-9201218716905963.js:114:20)
    at require.extensions.<computed> (/private/var/folders/nq/4xx3q0597db6hlqnp56k96km0000gn/T/ts-node-dev-hook-9201218716905963.js:71:20)
    at Object.nodeDevHook [as .ts] (/Users/lucaseduardo/HoroscopeServer/node_modules/ts-node-dev/lib/hook.js:63:13)
    at Module.load (node:internal/modules/cjs/loader:1307:32)
    at Function._load (node:internal/modules/cjs/loader:1121:12)
[2025-07-06 00:49:32] ERROR: The first argument must be of type string or an instance of Buffer, ArrayBuffer, or Array or an Array-like Object. Received undefined
[2025-07-06 00:49:41] ERROR: uncaughtException: ⨯ Unable to compile TypeScript:
src/graphql/resolvers/oracleResolver.ts(38,75): error TS2304: Cannot find name 'OracleQuestion'.

Error: ⨯ Unable to compile TypeScript:
src/graphql/resolvers/oracleResolver.ts(38,75): error TS2304: Cannot find name 'OracleQuestion'.

    at Object.<anonymous> (/Users/lucaseduardo/HoroscopeServer/src/graphql/resolvers/oracleResolver.ts:1:7)
    at Module.<anonymous> (node:internal/modules/cjs/loader:1550:14)
    at Module._compile (/Users/lucaseduardo/HoroscopeServer/node_modules/source-map-support/source-map-support.js:568:25)
    at Module.m._compile (/private/var/folders/nq/4xx3q0597db6hlqnp56k96km0000gn/T/ts-node-dev-hook-9201218716905963.js:69:33)
    at node:internal/modules/cjs/loader:1702:10
    at require.extensions..jsx.require.extensions..js (/private/var/folders/nq/4xx3q0597db6hlqnp56k96km0000gn/T/ts-node-dev-hook-9201218716905963.js:114:20)
    at require.extensions.<computed> (/private/var/folders/nq/4xx3q0597db6hlqnp56k96km0000gn/T/ts-node-dev-hook-9201218716905963.js:71:20)
    at Object.nodeDevHook [as .ts] (/Users/lucaseduardo/HoroscopeServer/node_modules/ts-node-dev/lib/hook.js:63:13)
    at Module.load (node:internal/modules/cjs/loader:1307:32)
    at Function._load (node:internal/modules/cjs/loader:1121:12)
[2025-07-06 00:49:49] ERROR: The first argument must be of type string or an instance of Buffer, ArrayBuffer, or Array or an Array-like Object. Received undefined
[2025-07-06 00:50:01] ERROR: The first argument must be of type string or an instance of Buffer, ArrayBuffer, or Array or an Array-like Object. Received undefined
[2025-07-06 00:52:14] ERROR: The first argument must be of type string or an instance of Buffer, ArrayBuffer, or Array or an Array-like Object. Received undefined
[2025-07-06 00:52:25] ERROR: The first argument must be of type string or an instance of Buffer, ArrayBuffer, or Array or an Array-like Object. Received undefined
[2025-07-06 00:52:33] ERROR: The first argument must be of type string or an instance of Buffer, ArrayBuffer, or Array or an Array-like Object. Received undefined
[2025-07-06 00:56:24] ERROR: The first argument must be of type string or an instance of Buffer, ArrayBuffer, or Array or an Array-like Object. Received undefined
